<?xml version="1.0" encoding="UTF-8"?>
<robot generator="Robot 6.1.1 (Python 3.13.5 on win32)" generated="20260216 19:04:29.966" rpa="false" schemaversion="4">
<suite id="s1" name="Integration" source="C:\sources\build-system\tests\integration">
<suite id="s1-s1" name="Api" source="C:\sources\build-system\tests\integration\api.robot">
<kw name="Setup Test Environment" library="keywords" type="SETUP">
<doc>Initialize test environment and create HTTP session</doc>
<kw name="Create Session" library="RequestsLibrary">
<arg>api</arg>
<arg>${API_BASE_URL}</arg>
<arg>verify=False</arg>
<doc>Create Session: create a HTTP session to a server</doc>
<msg timestamp="20260216 19:04:30.039" level="INFO">Creating Session using : alias=api, url=http://localhost:8080, headers={},                     cookies={}, auth=None, timeout=None, proxies=None, verify=False,                     debug=0 </msg>
<status status="PASS" starttime="20260216 19:04:30.039" endtime="20260216 19:04:30.039"/>
</kw>
<status status="PASS" starttime="20260216 19:04:30.039" endtime="20260216 19:04:30.039"/>
</kw>
<test id="s1-s1-t1" name="Query Status Of Existing Build" line="9">
<kw name="Generate Random Commit Hash" library="keywords">
<var>${commit_hash}</var>
<doc>Generate a random 40-character hex string (like git commit hash)</doc>
<kw name="Evaluate" library="BuiltIn">
<var>${hash}</var>
<arg>__import__('secrets').token_hex(20)</arg>
<doc>Evaluates the given expression in Python and returns the result.</doc>
<msg timestamp="20260216 19:04:30.041" level="INFO">${hash} = 7c5982e3ab9d37f63d8ad532573705770256d5ff</msg>
<status status="PASS" starttime="20260216 19:04:30.040" endtime="20260216 19:04:30.041"/>
</kw>
<msg timestamp="20260216 19:04:30.041" level="INFO">${commit_hash} = 7c5982e3ab9d37f63d8ad532573705770256d5ff</msg>
<status status="PASS" starttime="20260216 19:04:30.040" endtime="20260216 19:04:30.041"/>
</kw>
<kw name="Create Webhook Payload" library="keywords">
<var>${payload}</var>
<arg>${TEST_REPO_JAVA}</arg>
<arg>${commit_hash}</arg>
<arg>main</arg>
<doc>Create a valid GitHub webhook payload</doc>
<kw name="Catenate" library="BuiltIn">
<var>${payload}</var>
<arg>SEPARATOR=</arg>
<arg>{</arg>
<arg>"ref": "refs/heads/${branch}",</arg>
<arg>"after": "${commit_hash}",</arg>
<arg>"repository": {</arg>
<arg>"name": "${repo_name}",</arg>
<arg>"full_name": "test-owner/${repo_name}",</arg>
<arg>"clone_url": "https://github.com/test-owner/${repo_name}.git",</arg>
<arg>"owner": {"login": "test-owner"}</arg>
<arg>},</arg>
<arg>"head_commit": {</arg>
<arg>"id": "${commit_hash}",</arg>
<arg>"message": "Test commit",</arg>
<arg>"author": {"name": "Test Author", "email": "test@example.com"}</arg>
<arg>}</arg>
<arg>}</arg>
<doc>Catenates the given items together and returns the resulted string.</doc>
<msg timestamp="20260216 19:04:30.042" level="INFO">${payload} = {"ref": "refs/heads/main","after": "7c5982e3ab9d37f63d8ad532573705770256d5ff","repository": {"name": "sample-java-repo","full_name": "test-owner/sample-java-repo","clone_url": "https://github.com/test...</msg>
<status status="PASS" starttime="20260216 19:04:30.041" endtime="20260216 19:04:30.042"/>
</kw>
<msg timestamp="20260216 19:04:30.042" level="INFO">${payload} = {"ref": "refs/heads/main","after": "7c5982e3ab9d37f63d8ad532573705770256d5ff","repository": {"name": "sample-java-repo","full_name": "test-owner/sample-java-repo","clone_url": "https://github.com/test...</msg>
<status status="PASS" starttime="20260216 19:04:30.041" endtime="20260216 19:04:30.042"/>
</kw>
<kw name="Generate HMAC Signature" library="keywords">
<var>${signature}</var>
<arg>${payload}</arg>
<arg>${GITHUB_SECRET}</arg>
<doc>Generate HMAC-SHA256 signature for webhook payload</doc>
<kw name="Evaluate" library="BuiltIn">
<var>${signature}</var>
<arg>__import__('hmac').new(b'${secret}', b'${payload}', __import__('hashlib').sha256).hexdigest()</arg>
<doc>Evaluates the given expression in Python and returns the result.</doc>
<msg timestamp="20260216 19:04:30.042" level="INFO">${signature} = b6dd24e590bf00d69b0f27e37b9006d6305f34073efc5a3fb0f9ae2b9b820f88</msg>
<status status="PASS" starttime="20260216 19:04:30.042" endtime="20260216 19:04:30.042"/>
</kw>
<msg timestamp="20260216 19:04:30.042" level="INFO">${signature} = sha256=b6dd24e590bf00d69b0f27e37b9006d6305f34073efc5a3fb0f9ae2b9b820f88</msg>
<status status="PASS" starttime="20260216 19:04:30.042" endtime="20260216 19:04:30.042"/>
</kw>
<kw name="Send Webhook" library="keywords">
<var>${response}</var>
<arg>${payload}</arg>
<arg>${signature}</arg>
<doc>Send webhook POST request to API</doc>
<kw name="Create Dictionary" library="BuiltIn">
<var>${headers}</var>
<arg>Content-Type=application/json</arg>
<arg>X-Hub-Signature-256=${signature}</arg>
<doc>Creates and returns a dictionary based on the given ``items``.</doc>
<msg timestamp="20260216 19:04:30.043" level="INFO">${headers} = {'Content-Type': 'application/json', 'X-Hub-Signature-256': 'sha256=b6dd24e590bf00d69b0f27e37b9006d6305f34073efc5a3fb0f9ae2b9b820f88'}</msg>
<status status="PASS" starttime="20260216 19:04:30.042" endtime="20260216 19:04:30.043"/>
</kw>
<kw name="POST On Session" library="RequestsLibrary">
<var>${response}</var>
<arg>api</arg>
<arg>/webhook</arg>
<arg>data=${payload}</arg>
<arg>headers=${headers}</arg>
<arg>expected_status=any</arg>
<doc>Sends a POST request on a previously created HTTP Session.</doc>
<msg timestamp="20260216 19:04:30.049" level="INFO">POST Request : url=http://localhost:8080/webhook 
 path_url=/webhook 
 headers={'User-Agent': 'python-requests/2.31.0', 'Accept-Encoding': 'gzip, deflate', 'Accept': '*/*', 'Connection': 'keep-alive', 'Content-Type': 'application/json', 'X-Hub-Signature-256': 'sha256=b6dd24e590bf00d69b0f27e37b9006d6305f34073efc5a3fb0f9ae2b9b820f88', 'Content-Length': '417'} 
 body={"ref": "refs/heads/main","after": "7c5982e3ab9d37f63d8ad532573705770256d5ff","repository": {"name": "sample-java-repo","full_name": "test-owner/sample-java-repo","clone_url": "https://github.com/test-owner/sample-java-repo.git","owner": {"login": "test-owner"}},"head_commit": {"id": "7c5982e3ab9d37f63d8ad532573705770256d5ff","message": "Test commit","author": {"name": "Test Author", "email": "test@example.com"}}} 
 </msg>
<msg timestamp="20260216 19:04:30.049" level="INFO">POST Response : url=http://localhost:8080/webhook 
 status=202, reason=Accepted 
 headers={'Content-Type': 'application/json; charset=utf-8', 'Date': 'Mon, 16 Feb 2026 22:04:29 GMT', 'Content-Length': '109'} 
 body={"id":"13d49aca-d827-45e2-9eef-e97b4c51282c","status":"accepted","message":"build job enqueued successfully"} 
 </msg>
<msg timestamp="20260216 19:04:30.049" level="INFO">${response} = &lt;Response [202]&gt;</msg>
<status status="PASS" starttime="20260216 19:04:30.043" endtime="20260216 19:04:30.049"/>
</kw>
<msg timestamp="20260216 19:04:30.049" level="INFO">${response} = &lt;Response [202]&gt;</msg>
<status status="PASS" starttime="20260216 19:04:30.042" endtime="20260216 19:04:30.049"/>
</kw>
<kw name="Verify Response Status" library="keywords">
<arg>${response}</arg>
<arg>${HTTP_ACCEPTED}</arg>
<doc>Verify HTTP response status code</doc>
<kw name="Should Be Equal As Numbers" library="BuiltIn">
<arg>${response.status_code}</arg>
<arg>${expected_status}</arg>
<doc>Fails if objects are unequal after converting them to real numbers.</doc>
<msg timestamp="20260216 19:04:30.050" level="INFO">Argument types are:
&lt;class 'int'&gt;
&lt;class 'str'&gt;</msg>
<status status="PASS" starttime="20260216 19:04:30.050" endtime="20260216 19:04:30.050"/>
</kw>
<status status="PASS" starttime="20260216 19:04:30.050" endtime="20260216 19:04:30.050"/>
</kw>
<kw name="Get From Dictionary" library="Collections">
<var>${job_id}</var>
<arg>${response.json()}</arg>
<arg>id</arg>
<doc>Returns a value from the given ``dictionary`` based on the given ``key``.</doc>
<msg timestamp="20260216 19:04:30.051" level="INFO">${job_id} = 13d49aca-d827-45e2-9eef-e97b4c51282c</msg>
<status status="PASS" starttime="20260216 19:04:30.050" endtime="20260216 19:04:30.051"/>
</kw>
<kw name="Sleep" library="BuiltIn">
<arg>2s</arg>
<arg>Wait for job to be processed</arg>
<doc>Pauses the test executed for the given time.</doc>
<msg timestamp="20260216 19:04:32.052" level="INFO">Slept 2 seconds</msg>
<msg timestamp="20260216 19:04:32.052" level="INFO">Wait for job to be processed</msg>
<status status="PASS" starttime="20260216 19:04:30.051" endtime="20260216 19:04:32.052"/>
</kw>
<kw name="Get Build Status" library="keywords">
<var>${status_response}</var>
<arg>${job_id}</arg>
<doc>Query build status by ID</doc>
<kw name="Create Dictionary" library="BuiltIn">
<var>${headers}</var>
<arg>Authorization=Bearer ${AUTH_TOKEN}</arg>
<doc>Creates and returns a dictionary based on the given ``items``.</doc>
<msg timestamp="20260216 19:04:32.052" level="INFO">${headers} = {'Authorization': 'Bearer test-auth-token'}</msg>
<status status="PASS" starttime="20260216 19:04:32.052" endtime="20260216 19:04:32.052"/>
</kw>
<kw name="GET On Session" library="RequestsLibrary">
<var>${response}</var>
<arg>api</arg>
<arg>/builds/${build_id}</arg>
<arg>headers=${headers}</arg>
<arg>expected_status=any</arg>
<doc>Sends a GET request on a previously created HTTP Session.</doc>
<msg timestamp="20260216 19:04:32.054" level="INFO">GET Request : url=http://localhost:8080/builds/13d49aca-d827-45e2-9eef-e97b4c51282c 
 path_url=/builds/13d49aca-d827-45e2-9eef-e97b4c51282c 
 headers={'User-Agent': 'python-requests/2.31.0', 'Accept-Encoding': 'gzip, deflate', 'Accept': '*/*', 'Connection': 'keep-alive', 'Authorization': 'Bearer test-auth-token'} 
 body=None 
 </msg>
<msg timestamp="20260216 19:04:32.054" level="INFO">GET Response : url=http://localhost:8080/builds/13d49aca-d827-45e2-9eef-e97b4c51282c 
 status=401, reason=Unauthorized 
 headers={'Content-Type': 'application/json; charset=utf-8', 'Date': 'Mon, 16 Feb 2026 22:04:31 GMT', 'Content-Length': '40'} 
 body={"error":"invalid authentication token"} 
 </msg>
<msg timestamp="20260216 19:04:32.054" level="INFO">${response} = &lt;Response [401]&gt;</msg>
<status status="PASS" starttime="20260216 19:04:32.052" endtime="20260216 19:04:32.054"/>
</kw>
<msg timestamp="20260216 19:04:32.054" level="INFO">${status_response} = &lt;Response [401]&gt;</msg>
<status status="PASS" starttime="20260216 19:04:32.052" endtime="20260216 19:04:32.054"/>
</kw>
<kw name="Verify Response Status" library="keywords">
<arg>${status_response}</arg>
<arg>${HTTP_OK}</arg>
<doc>Verify HTTP response status code</doc>
<kw name="Should Be Equal As Numbers" library="BuiltIn">
<arg>${response.status_code}</arg>
<arg>${expected_status}</arg>
<doc>Fails if objects are unequal after converting them to real numbers.</doc>
<msg timestamp="20260216 19:04:32.055" level="INFO">Argument types are:
&lt;class 'int'&gt;
&lt;class 'str'&gt;</msg>
<msg timestamp="20260216 19:04:32.055" level="FAIL">401.0 != 200.0</msg>
<status status="FAIL" starttime="20260216 19:04:32.054" endtime="20260216 19:04:32.055"/>
</kw>
<status status="FAIL" starttime="20260216 19:04:32.054" endtime="20260216 19:04:32.055"/>
</kw>
<kw name="Verify JSON Response" library="keywords">
<arg>${status_response}</arg>
<doc>Verify response contains valid JSON</doc>
<status status="NOT RUN" starttime="20260216 19:04:32.055" endtime="20260216 19:04:32.056"/>
</kw>
<kw name="Set Variable" library="BuiltIn">
<var>${job_data}</var>
<arg>${status_response.json()}</arg>
<doc>Returns the given values which can then be assigned to a variables.</doc>
<status status="NOT RUN" starttime="20260216 19:04:32.056" endtime="20260216 19:04:32.056"/>
</kw>
<kw name="Dictionary Should Contain Key" library="Collections">
<arg>${job_data}</arg>
<arg>id</arg>
<doc>Fails if ``key`` is not found from ``dictionary``.</doc>
<status status="NOT RUN" starttime="20260216 19:04:32.056" endtime="20260216 19:04:32.056"/>
</kw>
<kw name="Dictionary Should Contain Key" library="Collections">
<arg>${job_data}</arg>
<arg>status</arg>
<doc>Fails if ``key`` is not found from ``dictionary``.</doc>
<status status="NOT RUN" starttime="20260216 19:04:32.056" endtime="20260216 19:04:32.056"/>
</kw>
<kw name="Dictionary Should Contain Key" library="Collections">
<arg>${job_data}</arg>
<arg>repository</arg>
<doc>Fails if ``key`` is not found from ``dictionary``.</doc>
<status status="NOT RUN" starttime="20260216 19:04:32.057" endtime="20260216 19:04:32.057"/>
</kw>
<kw name="Dictionary Should Contain Key" library="Collections">
<arg>${job_data}</arg>
<arg>commit_hash</arg>
<doc>Fails if ``key`` is not found from ``dictionary``.</doc>
<status status="NOT RUN" starttime="20260216 19:04:32.057" endtime="20260216 19:04:32.057"/>
</kw>
<kw name="Dictionary Should Contain Key" library="Collections">
<arg>${job_data}</arg>
<arg>created_at</arg>
<doc>Fails if ``key`` is not found from ``dictionary``.</doc>
<status status="NOT RUN" starttime="20260216 19:04:32.057" endtime="20260216 19:04:32.057"/>
</kw>
<kw name="Get From Dictionary" library="Collections">
<var>${returned_id}</var>
<arg>${job_data}</arg>
<arg>id</arg>
<doc>Returns a value from the given ``dictionary`` based on the given ``key``.</doc>
<status status="NOT RUN" starttime="20260216 19:04:32.057" endtime="20260216 19:04:32.057"/>
</kw>
<kw name="Should Be Equal" library="BuiltIn">
<arg>${returned_id}</arg>
<arg>${job_id}</arg>
<doc>Fails if the given objects are unequal.</doc>
<status status="NOT RUN" starttime="20260216 19:04:32.057" endtime="20260216 19:04:32.057"/>
</kw>
<doc>Test querying status of an existing build
Validates: Requirements 8.1, 8.2</doc>
<tag>api</tag>
<tag>happy-path</tag>
<tag>status</tag>
<status status="FAIL" starttime="20260216 19:04:30.039" endtime="20260216 19:04:32.057">401.0 != 200.0</status>
</test>
<test id="s1-s1-t2" name="Query Status Of Non-Existent Build" line="43">
<kw name="Set Variable" library="BuiltIn">
<var>${fake_job_id}</var>
<arg>non-existent-job-id-12345</arg>
<doc>Returns the given values which can then be assigned to a variables.</doc>
<msg timestamp="20260216 19:04:32.058" level="INFO">${fake_job_id} = non-existent-job-id-12345</msg>
<status status="PASS" starttime="20260216 19:04:32.058" endtime="20260216 19:04:32.058"/>
</kw>
<kw name="Get Build Status" library="keywords">
<var>${response}</var>
<arg>${fake_job_id}</arg>
<doc>Query build status by ID</doc>
<kw name="Create Dictionary" library="BuiltIn">
<var>${headers}</var>
<arg>Authorization=Bearer ${AUTH_TOKEN}</arg>
<doc>Creates and returns a dictionary based on the given ``items``.</doc>
<msg timestamp="20260216 19:04:32.058" level="INFO">${headers} = {'Authorization': 'Bearer test-auth-token'}</msg>
<status status="PASS" starttime="20260216 19:04:32.058" endtime="20260216 19:04:32.058"/>
</kw>
<kw name="GET On Session" library="RequestsLibrary">
<var>${response}</var>
<arg>api</arg>
<arg>/builds/${build_id}</arg>
<arg>headers=${headers}</arg>
<arg>expected_status=any</arg>
<doc>Sends a GET request on a previously created HTTP Session.</doc>
<msg timestamp="20260216 19:04:32.060" level="INFO">GET Request : url=http://localhost:8080/builds/non-existent-job-id-12345 
 path_url=/builds/non-existent-job-id-12345 
 headers={'User-Agent': 'python-requests/2.31.0', 'Accept-Encoding': 'gzip, deflate', 'Accept': '*/*', 'Connection': 'keep-alive', 'Authorization': 'Bearer test-auth-token'} 
 body=None 
 </msg>
<msg timestamp="20260216 19:04:32.060" level="INFO">GET Response : url=http://localhost:8080/builds/non-existent-job-id-12345 
 status=401, reason=Unauthorized 
 headers={'Content-Type': 'application/json; charset=utf-8', 'Date': 'Mon, 16 Feb 2026 22:04:31 GMT', 'Content-Length': '40'} 
 body={"error":"invalid authentication token"} 
 </msg>
<msg timestamp="20260216 19:04:32.060" level="INFO">${response} = &lt;Response [401]&gt;</msg>
<status status="PASS" starttime="20260216 19:04:32.058" endtime="20260216 19:04:32.060"/>
</kw>
<msg timestamp="20260216 19:04:32.060" level="INFO">${response} = &lt;Response [401]&gt;</msg>
<status status="PASS" starttime="20260216 19:04:32.058" endtime="20260216 19:04:32.060"/>
</kw>
<kw name="Verify Response Status" library="keywords">
<arg>${response}</arg>
<arg>${HTTP_NOT_FOUND}</arg>
<doc>Verify HTTP response status code</doc>
<kw name="Should Be Equal As Numbers" library="BuiltIn">
<arg>${response.status_code}</arg>
<arg>${expected_status}</arg>
<doc>Fails if objects are unequal after converting them to real numbers.</doc>
<msg timestamp="20260216 19:04:32.061" level="INFO">Argument types are:
&lt;class 'int'&gt;
&lt;class 'str'&gt;</msg>
<msg timestamp="20260216 19:04:32.061" level="FAIL">401.0 != 404.0</msg>
<status status="FAIL" starttime="20260216 19:04:32.060" endtime="20260216 19:04:32.061"/>
</kw>
<status status="FAIL" starttime="20260216 19:04:32.060" endtime="20260216 19:04:32.061"/>
</kw>
<doc>Test querying status of a build that doesn't exist
Validates: Requirements 8.1, 8.5</doc>
<tag>api</tag>
<tag>negative</tag>
<tag>status</tag>
<status status="FAIL" starttime="20260216 19:04:32.058" endtime="20260216 19:04:32.061">401.0 != 404.0</status>
</test>
<test id="s1-s1-t3" name="List Build History" line="55">
<kw name="Generate Random Commit Hash" library="keywords">
<var>${commit_hash_1}</var>
<doc>Generate a random 40-character hex string (like git commit hash)</doc>
<kw name="Evaluate" library="BuiltIn">
<var>${hash}</var>
<arg>__import__('secrets').token_hex(20)</arg>
<doc>Evaluates the given expression in Python and returns the result.</doc>
<msg timestamp="20260216 19:04:32.061" level="INFO">${hash} = c069a00768a5e8123b86a0b9d28ec4ac0be09511</msg>
<status status="PASS" starttime="20260216 19:04:32.061" endtime="20260216 19:04:32.061"/>
</kw>
<msg timestamp="20260216 19:04:32.062" level="INFO">${commit_hash_1} = c069a00768a5e8123b86a0b9d28ec4ac0be09511</msg>
<status status="PASS" starttime="20260216 19:04:32.061" endtime="20260216 19:04:32.062"/>
</kw>
<kw name="Generate Random Commit Hash" library="keywords">
<var>${commit_hash_2}</var>
<doc>Generate a random 40-character hex string (like git commit hash)</doc>
<kw name="Evaluate" library="BuiltIn">
<var>${hash}</var>
<arg>__import__('secrets').token_hex(20)</arg>
<doc>Evaluates the given expression in Python and returns the result.</doc>
<msg timestamp="20260216 19:04:32.062" level="INFO">${hash} = 2329394222311c3ea78c96b93aac9f959ddf0b83</msg>
<status status="PASS" starttime="20260216 19:04:32.062" endtime="20260216 19:04:32.062"/>
</kw>
<msg timestamp="20260216 19:04:32.062" level="INFO">${commit_hash_2} = 2329394222311c3ea78c96b93aac9f959ddf0b83</msg>
<status status="PASS" starttime="20260216 19:04:32.062" endtime="20260216 19:04:32.062"/>
</kw>
<kw name="Create Webhook Payload" library="keywords">
<var>${payload_1}</var>
<arg>${TEST_REPO_JAVA}</arg>
<arg>${commit_hash_1}</arg>
<arg>main</arg>
<doc>Create a valid GitHub webhook payload</doc>
<kw name="Catenate" library="BuiltIn">
<var>${payload}</var>
<arg>SEPARATOR=</arg>
<arg>{</arg>
<arg>"ref": "refs/heads/${branch}",</arg>
<arg>"after": "${commit_hash}",</arg>
<arg>"repository": {</arg>
<arg>"name": "${repo_name}",</arg>
<arg>"full_name": "test-owner/${repo_name}",</arg>
<arg>"clone_url": "https://github.com/test-owner/${repo_name}.git",</arg>
<arg>"owner": {"login": "test-owner"}</arg>
<arg>},</arg>
<arg>"head_commit": {</arg>
<arg>"id": "${commit_hash}",</arg>
<arg>"message": "Test commit",</arg>
<arg>"author": {"name": "Test Author", "email": "test@example.com"}</arg>
<arg>}</arg>
<arg>}</arg>
<doc>Catenates the given items together and returns the resulted string.</doc>
<msg timestamp="20260216 19:04:32.063" level="INFO">${payload} = {"ref": "refs/heads/main","after": "c069a00768a5e8123b86a0b9d28ec4ac0be09511","repository": {"name": "sample-java-repo","full_name": "test-owner/sample-java-repo","clone_url": "https://github.com/test...</msg>
<status status="PASS" starttime="20260216 19:04:32.062" endtime="20260216 19:04:32.063"/>
</kw>
<msg timestamp="20260216 19:04:32.063" level="INFO">${payload_1} = {"ref": "refs/heads/main","after": "c069a00768a5e8123b86a0b9d28ec4ac0be09511","repository": {"name": "sample-java-repo","full_name": "test-owner/sample-java-repo","clone_url": "https://github.com/test...</msg>
<status status="PASS" starttime="20260216 19:04:32.062" endtime="20260216 19:04:32.063"/>
</kw>
<kw name="Create Webhook Payload" library="keywords">
<var>${payload_2}</var>
<arg>${TEST_REPO_GO}</arg>
<arg>${commit_hash_2}</arg>
<arg>develop</arg>
<doc>Create a valid GitHub webhook payload</doc>
<kw name="Catenate" library="BuiltIn">
<var>${payload}</var>
<arg>SEPARATOR=</arg>
<arg>{</arg>
<arg>"ref": "refs/heads/${branch}",</arg>
<arg>"after": "${commit_hash}",</arg>
<arg>"repository": {</arg>
<arg>"name": "${repo_name}",</arg>
<arg>"full_name": "test-owner/${repo_name}",</arg>
<arg>"clone_url": "https://github.com/test-owner/${repo_name}.git",</arg>
<arg>"owner": {"login": "test-owner"}</arg>
<arg>},</arg>
<arg>"head_commit": {</arg>
<arg>"id": "${commit_hash}",</arg>
<arg>"message": "Test commit",</arg>
<arg>"author": {"name": "Test Author", "email": "test@example.com"}</arg>
<arg>}</arg>
<arg>}</arg>
<doc>Catenates the given items together and returns the resulted string.</doc>
<msg timestamp="20260216 19:04:32.063" level="INFO">${payload} = {"ref": "refs/heads/develop","after": "2329394222311c3ea78c96b93aac9f959ddf0b83","repository": {"name": "sample-go-repo","full_name": "test-owner/sample-go-repo","clone_url": "https://github.com/test-...</msg>
<status status="PASS" starttime="20260216 19:04:32.063" endtime="20260216 19:04:32.063"/>
</kw>
<msg timestamp="20260216 19:04:32.063" level="INFO">${payload_2} = {"ref": "refs/heads/develop","after": "2329394222311c3ea78c96b93aac9f959ddf0b83","repository": {"name": "sample-go-repo","full_name": "test-owner/sample-go-repo","clone_url": "https://github.com/test-...</msg>
<status status="PASS" starttime="20260216 19:04:32.063" endtime="20260216 19:04:32.063"/>
</kw>
<kw name="Generate HMAC Signature" library="keywords">
<var>${signature_1}</var>
<arg>${payload_1}</arg>
<arg>${GITHUB_SECRET}</arg>
<doc>Generate HMAC-SHA256 signature for webhook payload</doc>
<kw name="Evaluate" library="BuiltIn">
<var>${signature}</var>
<arg>__import__('hmac').new(b'${secret}', b'${payload}', __import__('hashlib').sha256).hexdigest()</arg>
<doc>Evaluates the given expression in Python and returns the result.</doc>
<msg timestamp="20260216 19:04:32.063" level="INFO">${signature} = 912504530b34e2d1adc0acc8376992b8fa953373b1c9a934c6a2fe55978b5cf5</msg>
<status status="PASS" starttime="20260216 19:04:32.063" endtime="20260216 19:04:32.063"/>
</kw>
<msg timestamp="20260216 19:04:32.063" level="INFO">${signature_1} = sha256=912504530b34e2d1adc0acc8376992b8fa953373b1c9a934c6a2fe55978b5cf5</msg>
<status status="PASS" starttime="20260216 19:04:32.063" endtime="20260216 19:04:32.063"/>
</kw>
<kw name="Generate HMAC Signature" library="keywords">
<var>${signature_2}</var>
<arg>${payload_2}</arg>
<arg>${GITHUB_SECRET}</arg>
<doc>Generate HMAC-SHA256 signature for webhook payload</doc>
<kw name="Evaluate" library="BuiltIn">
<var>${signature}</var>
<arg>__import__('hmac').new(b'${secret}', b'${payload}', __import__('hashlib').sha256).hexdigest()</arg>
<doc>Evaluates the given expression in Python and returns the result.</doc>
<msg timestamp="20260216 19:04:32.064" level="INFO">${signature} = b4686dbb521dc16f1feef403aeb847a6e6bf3d08c1f85cbee3d85939a7a57cfb</msg>
<status status="PASS" starttime="20260216 19:04:32.064" endtime="20260216 19:04:32.064"/>
</kw>
<msg timestamp="20260216 19:04:32.064" level="INFO">${signature_2} = sha256=b4686dbb521dc16f1feef403aeb847a6e6bf3d08c1f85cbee3d85939a7a57cfb</msg>
<status status="PASS" starttime="20260216 19:04:32.064" endtime="20260216 19:04:32.064"/>
</kw>
<kw name="Send Webhook" library="keywords">
<var>${response_1}</var>
<arg>${payload_1}</arg>
<arg>${signature_1}</arg>
<doc>Send webhook POST request to API</doc>
<kw name="Create Dictionary" library="BuiltIn">
<var>${headers}</var>
<arg>Content-Type=application/json</arg>
<arg>X-Hub-Signature-256=${signature}</arg>
<doc>Creates and returns a dictionary based on the given ``items``.</doc>
<msg timestamp="20260216 19:04:32.064" level="INFO">${headers} = {'Content-Type': 'application/json', 'X-Hub-Signature-256': 'sha256=912504530b34e2d1adc0acc8376992b8fa953373b1c9a934c6a2fe55978b5cf5'}</msg>
<status status="PASS" starttime="20260216 19:04:32.064" endtime="20260216 19:04:32.064"/>
</kw>
<kw name="POST On Session" library="RequestsLibrary">
<var>${response}</var>
<arg>api</arg>
<arg>/webhook</arg>
<arg>data=${payload}</arg>
<arg>headers=${headers}</arg>
<arg>expected_status=any</arg>
<doc>Sends a POST request on a previously created HTTP Session.</doc>
<msg timestamp="20260216 19:04:32.111" level="INFO">POST Request : url=http://localhost:8080/webhook 
 path_url=/webhook 
 headers={'User-Agent': 'python-requests/2.31.0', 'Accept-Encoding': 'gzip, deflate', 'Accept': '*/*', 'Connection': 'keep-alive', 'Content-Type': 'application/json', 'X-Hub-Signature-256': 'sha256=912504530b34e2d1adc0acc8376992b8fa953373b1c9a934c6a2fe55978b5cf5', 'Content-Length': '417'} 
 body={"ref": "refs/heads/main","after": "c069a00768a5e8123b86a0b9d28ec4ac0be09511","repository": {"name": "sample-java-repo","full_name": "test-owner/sample-java-repo","clone_url": "https://github.com/test-owner/sample-java-repo.git","owner": {"login": "test-owner"}},"head_commit": {"id": "c069a00768a5e8123b86a0b9d28ec4ac0be09511","message": "Test commit","author": {"name": "Test Author", "email": "test@example.com"}}} 
 </msg>
<msg timestamp="20260216 19:04:32.111" level="INFO">POST Response : url=http://localhost:8080/webhook 
 status=202, reason=Accepted 
 headers={'Content-Type': 'application/json; charset=utf-8', 'Date': 'Mon, 16 Feb 2026 22:04:31 GMT', 'Content-Length': '109'} 
 body={"id":"2ff7666c-1ebb-4a36-9ce1-710a867e60a5","status":"accepted","message":"build job enqueued successfully"} 
 </msg>
<msg timestamp="20260216 19:04:32.111" level="INFO">${response} = &lt;Response [202]&gt;</msg>
<status status="PASS" starttime="20260216 19:04:32.064" endtime="20260216 19:04:32.111"/>
</kw>
<msg timestamp="20260216 19:04:32.111" level="INFO">${response_1} = &lt;Response [202]&gt;</msg>
<status status="PASS" starttime="20260216 19:04:32.064" endtime="20260216 19:04:32.111"/>
</kw>
<kw name="Send Webhook" library="keywords">
<var>${response_2}</var>
<arg>${payload_2}</arg>
<arg>${signature_2}</arg>
<doc>Send webhook POST request to API</doc>
<kw name="Create Dictionary" library="BuiltIn">
<var>${headers}</var>
<arg>Content-Type=application/json</arg>
<arg>X-Hub-Signature-256=${signature}</arg>
<doc>Creates and returns a dictionary based on the given ``items``.</doc>
<msg timestamp="20260216 19:04:32.112" level="INFO">${headers} = {'Content-Type': 'application/json', 'X-Hub-Signature-256': 'sha256=b4686dbb521dc16f1feef403aeb847a6e6bf3d08c1f85cbee3d85939a7a57cfb'}</msg>
<status status="PASS" starttime="20260216 19:04:32.112" endtime="20260216 19:04:32.112"/>
</kw>
<kw name="POST On Session" library="RequestsLibrary">
<var>${response}</var>
<arg>api</arg>
<arg>/webhook</arg>
<arg>data=${payload}</arg>
<arg>headers=${headers}</arg>
<arg>expected_status=any</arg>
<doc>Sends a POST request on a previously created HTTP Session.</doc>
<msg timestamp="20260216 19:04:32.156" level="INFO">POST Request : url=http://localhost:8080/webhook 
 path_url=/webhook 
 headers={'User-Agent': 'python-requests/2.31.0', 'Accept-Encoding': 'gzip, deflate', 'Accept': '*/*', 'Connection': 'keep-alive', 'Content-Type': 'application/json', 'X-Hub-Signature-256': 'sha256=b4686dbb521dc16f1feef403aeb847a6e6bf3d08c1f85cbee3d85939a7a57cfb', 'Content-Length': '414'} 
 body={"ref": "refs/heads/develop","after": "2329394222311c3ea78c96b93aac9f959ddf0b83","repository": {"name": "sample-go-repo","full_name": "test-owner/sample-go-repo","clone_url": "https://github.com/test-owner/sample-go-repo.git","owner": {"login": "test-owner"}},"head_commit": {"id": "2329394222311c3ea78c96b93aac9f959ddf0b83","message": "Test commit","author": {"name": "Test Author", "email": "test@example.com"}}} 
 </msg>
<msg timestamp="20260216 19:04:32.156" level="INFO">POST Response : url=http://localhost:8080/webhook 
 status=202, reason=Accepted 
 headers={'Content-Type': 'application/json; charset=utf-8', 'Date': 'Mon, 16 Feb 2026 22:04:31 GMT', 'Content-Length': '109'} 
 body={"id":"b7f49d59-f05a-4316-aabf-9821bb4d5b88","status":"accepted","message":"build job enqueued successfully"} 
 </msg>
<msg timestamp="20260216 19:04:32.156" level="INFO">${response} = &lt;Response [202]&gt;</msg>
<status status="PASS" starttime="20260216 19:04:32.112" endtime="20260216 19:04:32.156"/>
</kw>
<msg timestamp="20260216 19:04:32.157" level="INFO">${response_2} = &lt;Response [202]&gt;</msg>
<status status="PASS" starttime="20260216 19:04:32.111" endtime="20260216 19:04:32.157"/>
</kw>
<kw name="Get From Dictionary" library="Collections">
<var>${job_id_1}</var>
<arg>${response_1.json()}</arg>
<arg>id</arg>
<doc>Returns a value from the given ``dictionary`` based on the given ``key``.</doc>
<msg timestamp="20260216 19:04:32.157" level="INFO">${job_id_1} = 2ff7666c-1ebb-4a36-9ce1-710a867e60a5</msg>
<status status="PASS" starttime="20260216 19:04:32.157" endtime="20260216 19:04:32.157"/>
</kw>
<kw name="Get From Dictionary" library="Collections">
<var>${job_id_2}</var>
<arg>${response_2.json()}</arg>
<arg>id</arg>
<doc>Returns a value from the given ``dictionary`` based on the given ``key``.</doc>
<msg timestamp="20260216 19:04:32.158" level="INFO">${job_id_2} = b7f49d59-f05a-4316-aabf-9821bb4d5b88</msg>
<status status="PASS" starttime="20260216 19:04:32.157" endtime="20260216 19:04:32.158"/>
</kw>
<kw name="Sleep" library="BuiltIn">
<arg>2s</arg>
<arg>Wait for jobs to be processed</arg>
<doc>Pauses the test executed for the given time.</doc>
<msg timestamp="20260216 19:04:34.158" level="INFO">Slept 2 seconds</msg>
<msg timestamp="20260216 19:04:34.158" level="INFO">Wait for jobs to be processed</msg>
<status status="PASS" starttime="20260216 19:04:32.158" endtime="20260216 19:04:34.158"/>
</kw>
<kw name="List Builds" library="keywords">
<var>${list_response}</var>
<doc>List all builds</doc>
<kw name="Create Dictionary" library="BuiltIn">
<var>${headers}</var>
<arg>Authorization=Bearer ${AUTH_TOKEN}</arg>
<doc>Creates and returns a dictionary based on the given ``items``.</doc>
<msg timestamp="20260216 19:04:34.159" level="INFO">${headers} = {'Authorization': 'Bearer test-auth-token'}</msg>
<status status="PASS" starttime="20260216 19:04:34.159" endtime="20260216 19:04:34.159"/>
</kw>
<kw name="GET On Session" library="RequestsLibrary">
<var>${response}</var>
<arg>api</arg>
<arg>/builds</arg>
<arg>headers=${headers}</arg>
<arg>expected_status=any</arg>
<doc>Sends a GET request on a previously created HTTP Session.</doc>
<msg timestamp="20260216 19:04:34.160" level="INFO">GET Request : url=http://localhost:8080/builds 
 path_url=/builds 
 headers={'User-Agent': 'python-requests/2.31.0', 'Accept-Encoding': 'gzip, deflate', 'Accept': '*/*', 'Connection': 'keep-alive', 'Authorization': 'Bearer test-auth-token'} 
 body=None 
 </msg>
<msg timestamp="20260216 19:04:34.160" level="INFO">GET Response : url=http://localhost:8080/builds 
 status=401, reason=Unauthorized 
 headers={'Content-Type': 'application/json; charset=utf-8', 'Date': 'Mon, 16 Feb 2026 22:04:33 GMT', 'Content-Length': '40'} 
 body={"error":"invalid authentication token"} 
 </msg>
<msg timestamp="20260216 19:04:34.160" level="INFO">${response} = &lt;Response [401]&gt;</msg>
<status status="PASS" starttime="20260216 19:04:34.159" endtime="20260216 19:04:34.160"/>
</kw>
<msg timestamp="20260216 19:04:34.160" level="INFO">${list_response} = &lt;Response [401]&gt;</msg>
<status status="PASS" starttime="20260216 19:04:34.159" endtime="20260216 19:04:34.160"/>
</kw>
<kw name="Verify Response Status" library="keywords">
<arg>${list_response}</arg>
<arg>${HTTP_OK}</arg>
<doc>Verify HTTP response status code</doc>
<kw name="Should Be Equal As Numbers" library="BuiltIn">
<arg>${response.status_code}</arg>
<arg>${expected_status}</arg>
<doc>Fails if objects are unequal after converting them to real numbers.</doc>
<msg timestamp="20260216 19:04:34.161" level="INFO">Argument types are:
&lt;class 'int'&gt;
&lt;class 'str'&gt;</msg>
<msg timestamp="20260216 19:04:34.161" level="FAIL">401.0 != 200.0</msg>
<status status="FAIL" starttime="20260216 19:04:34.161" endtime="20260216 19:04:34.161"/>
</kw>
<status status="FAIL" starttime="20260216 19:04:34.161" endtime="20260216 19:04:34.161"/>
</kw>
<kw name="Verify JSON Response" library="keywords">
<arg>${list_response}</arg>
<doc>Verify response contains valid JSON</doc>
<status status="NOT RUN" starttime="20260216 19:04:34.161" endtime="20260216 19:04:34.161"/>
</kw>
<kw name="Set Variable" library="BuiltIn">
<var>${builds}</var>
<arg>${list_response.json()}</arg>
<doc>Returns the given values which can then be assigned to a variables.</doc>
<status status="NOT RUN" starttime="20260216 19:04:34.162" endtime="20260216 19:04:34.162"/>
</kw>
<kw name="Evaluate" library="BuiltIn">
<var>${builds_type}</var>
<arg>type($builds).__name__</arg>
<doc>Evaluates the given expression in Python and returns the result.</doc>
<status status="NOT RUN" starttime="20260216 19:04:34.162" endtime="20260216 19:04:34.162"/>
</kw>
<kw name="Should Be Equal" library="BuiltIn">
<arg>${builds_type}</arg>
<arg>list</arg>
<doc>Fails if the given objects are unequal.</doc>
<status status="NOT RUN" starttime="20260216 19:04:34.162" endtime="20260216 19:04:34.162"/>
</kw>
<kw name="Create List" library="BuiltIn">
<var>${build_ids}</var>
<doc>Returns a list containing given items.</doc>
<status status="NOT RUN" starttime="20260216 19:04:34.162" endtime="20260216 19:04:34.162"/>
</kw>
<for flavor="IN">
<var>${build}</var>
<value>@{builds}</value>
<iter>
<var name="${build}"/>
<kw name="Get From Dictionary" library="Collections">
<var>${build_id}</var>
<arg>${build}</arg>
<arg>id</arg>
<doc>Returns a value from the given ``dictionary`` based on the given ``key``.</doc>
<status status="NOT RUN" starttime="20260216 19:04:34.162" endtime="20260216 19:04:34.162"/>
</kw>
<kw name="Append To List" library="Collections">
<arg>${build_ids}</arg>
<arg>${build_id}</arg>
<doc>Adds ``values`` to the end of ``list``.</doc>
<status status="NOT RUN" starttime="20260216 19:04:34.162" endtime="20260216 19:04:34.162"/>
</kw>
<status status="NOT RUN" starttime="20260216 19:04:34.162" endtime="20260216 19:04:34.162"/>
</iter>
<status status="NOT RUN" starttime="20260216 19:04:34.162" endtime="20260216 19:04:34.163"/>
</for>
<kw name="Should Contain" library="BuiltIn">
<arg>${build_ids}</arg>
<arg>${job_id_1}</arg>
<doc>Fails if ``container`` does not contain ``item`` one or more times.</doc>
<status status="NOT RUN" starttime="20260216 19:04:34.163" endtime="20260216 19:04:34.163"/>
</kw>
<kw name="Should Contain" library="BuiltIn">
<arg>${build_ids}</arg>
<arg>${job_id_2}</arg>
<doc>Fails if ``container`` does not contain ``item`` one or more times.</doc>
<status status="NOT RUN" starttime="20260216 19:04:34.163" endtime="20260216 19:04:34.163"/>
</kw>
<doc>Test listing all builds
Validates: Requirements 8.2, 8.3</doc>
<tag>api</tag>
<tag>list</tag>
<status status="FAIL" starttime="20260216 19:04:32.061" endtime="20260216 19:04:34.163">401.0 != 200.0</status>
</test>
<test id="s1-s1-t4" name="Health Check Endpoint" line="99">
<kw name="Check Health" library="keywords">
<var>${response}</var>
<doc>Check API health endpoint</doc>
<kw name="GET On Session" library="RequestsLibrary">
<var>${response}</var>
<arg>api</arg>
<arg>/health</arg>
<arg>expected_status=any</arg>
<doc>Sends a GET request on a previously created HTTP Session.</doc>
<msg timestamp="20260216 19:04:34.164" level="INFO">GET Request : url=http://localhost:8080/health 
 path_url=/health 
 headers={'User-Agent': 'python-requests/2.31.0', 'Accept-Encoding': 'gzip, deflate', 'Accept': '*/*', 'Connection': 'keep-alive'} 
 body=None 
 </msg>
<msg timestamp="20260216 19:04:34.164" level="INFO">GET Response : url=http://localhost:8080/health 
 status=200, reason=OK 
 headers={'Content-Type': 'application/json; charset=utf-8', 'Date': 'Mon, 16 Feb 2026 22:04:33 GMT', 'Content-Length': '120'} 
 body={"status":"healthy","timestamp":"2026-02-16T22:04:33.907887381Z","uptime":"49.634957328s","checks":{"nats":"connected"}} 
 </msg>
<msg timestamp="20260216 19:04:34.165" level="INFO">${response} = &lt;Response [200]&gt;</msg>
<status status="PASS" starttime="20260216 19:04:34.163" endtime="20260216 19:04:34.165"/>
</kw>
<msg timestamp="20260216 19:04:34.165" level="INFO">${response} = &lt;Response [200]&gt;</msg>
<status status="PASS" starttime="20260216 19:04:34.163" endtime="20260216 19:04:34.165"/>
</kw>
<kw name="Verify Response Status" library="keywords">
<arg>${response}</arg>
<arg>${HTTP_OK}</arg>
<doc>Verify HTTP response status code</doc>
<kw name="Should Be Equal As Numbers" library="BuiltIn">
<arg>${response.status_code}</arg>
<arg>${expected_status}</arg>
<doc>Fails if objects are unequal after converting them to real numbers.</doc>
<msg timestamp="20260216 19:04:34.165" level="INFO">Argument types are:
&lt;class 'int'&gt;
&lt;class 'str'&gt;</msg>
<status status="PASS" starttime="20260216 19:04:34.165" endtime="20260216 19:04:34.165"/>
</kw>
<status status="PASS" starttime="20260216 19:04:34.165" endtime="20260216 19:04:34.165"/>
</kw>
<kw name="Verify JSON Response" library="keywords">
<arg>${response}</arg>
<doc>Verify response contains valid JSON</doc>
<kw name="Get From Dictionary" library="Collections">
<var>${content_type}</var>
<arg>${response.headers}</arg>
<arg>Content-Type</arg>
<doc>Returns a value from the given ``dictionary`` based on the given ``key``.</doc>
<msg timestamp="20260216 19:04:34.166" level="INFO">${content_type} = application/json; charset=utf-8</msg>
<status status="PASS" starttime="20260216 19:04:34.165" endtime="20260216 19:04:34.166"/>
</kw>
<kw name="Should Contain" library="BuiltIn">
<arg>${content_type}</arg>
<arg>application/json</arg>
<doc>Fails if ``container`` does not contain ``item`` one or more times.</doc>
<status status="PASS" starttime="20260216 19:04:34.166" endtime="20260216 19:04:34.166"/>
</kw>
<kw name="Set Variable" library="BuiltIn">
<var>${json}</var>
<arg>${response.json()}</arg>
<doc>Returns the given values which can then be assigned to a variables.</doc>
<msg timestamp="20260216 19:04:34.166" level="INFO">${json} = {'status': 'healthy', 'timestamp': '2026-02-16T22:04:33.907887381Z', 'uptime': '49.634957328s', 'checks': {'nats': 'connected'}}</msg>
<status status="PASS" starttime="20260216 19:04:34.166" endtime="20260216 19:04:34.166"/>
</kw>
<kw name="Should Not Be Empty" library="BuiltIn">
<arg>${json}</arg>
<doc>Verifies that the given item is not empty.</doc>
<msg timestamp="20260216 19:04:34.166" level="INFO">Length is 4</msg>
<status status="PASS" starttime="20260216 19:04:34.166" endtime="20260216 19:04:34.166"/>
</kw>
<status status="PASS" starttime="20260216 19:04:34.165" endtime="20260216 19:04:34.166"/>
</kw>
<kw name="Set Variable" library="BuiltIn">
<var>${health_data}</var>
<arg>${response.json()}</arg>
<doc>Returns the given values which can then be assigned to a variables.</doc>
<msg timestamp="20260216 19:04:34.167" level="INFO">${health_data} = {'status': 'healthy', 'timestamp': '2026-02-16T22:04:33.907887381Z', 'uptime': '49.634957328s', 'checks': {'nats': 'connected'}}</msg>
<status status="PASS" starttime="20260216 19:04:34.166" endtime="20260216 19:04:34.167"/>
</kw>
<kw name="Dictionary Should Contain Key" library="Collections">
<arg>${health_data}</arg>
<arg>status</arg>
<doc>Fails if ``key`` is not found from ``dictionary``.</doc>
<status status="PASS" starttime="20260216 19:04:34.167" endtime="20260216 19:04:34.167"/>
</kw>
<kw name="Get From Dictionary" library="Collections">
<var>${status}</var>
<arg>${health_data}</arg>
<arg>status</arg>
<doc>Returns a value from the given ``dictionary`` based on the given ``key``.</doc>
<msg timestamp="20260216 19:04:34.167" level="INFO">${status} = healthy</msg>
<status status="PASS" starttime="20260216 19:04:34.167" endtime="20260216 19:04:34.167"/>
</kw>
<kw name="Should Be Equal" library="BuiltIn">
<arg>${status}</arg>
<arg>healthy</arg>
<doc>Fails if the given objects are unequal.</doc>
<status status="PASS" starttime="20260216 19:04:34.167" endtime="20260216 19:04:34.167"/>
</kw>
<doc>Test health check endpoint
Validates: Requirements 8.1</doc>
<tag>api</tag>
<tag>health</tag>
<status status="PASS" starttime="20260216 19:04:34.163" endtime="20260216 19:04:34.167"/>
</test>
<test id="s1-s1-t5" name="Authentication With Valid Token" line="118">
<kw name="Generate Random Commit Hash" library="keywords">
<var>${commit_hash}</var>
<doc>Generate a random 40-character hex string (like git commit hash)</doc>
<kw name="Evaluate" library="BuiltIn">
<var>${hash}</var>
<arg>__import__('secrets').token_hex(20)</arg>
<doc>Evaluates the given expression in Python and returns the result.</doc>
<msg timestamp="20260216 19:04:34.168" level="INFO">${hash} = a3db879b86a35c244821b31b7b6beda4380691b1</msg>
<status status="PASS" starttime="20260216 19:04:34.168" endtime="20260216 19:04:34.168"/>
</kw>
<msg timestamp="20260216 19:04:34.168" level="INFO">${commit_hash} = a3db879b86a35c244821b31b7b6beda4380691b1</msg>
<status status="PASS" starttime="20260216 19:04:34.168" endtime="20260216 19:04:34.168"/>
</kw>
<kw name="Create Webhook Payload" library="keywords">
<var>${payload}</var>
<arg>${TEST_REPO_JAVA}</arg>
<arg>${commit_hash}</arg>
<arg>main</arg>
<doc>Create a valid GitHub webhook payload</doc>
<kw name="Catenate" library="BuiltIn">
<var>${payload}</var>
<arg>SEPARATOR=</arg>
<arg>{</arg>
<arg>"ref": "refs/heads/${branch}",</arg>
<arg>"after": "${commit_hash}",</arg>
<arg>"repository": {</arg>
<arg>"name": "${repo_name}",</arg>
<arg>"full_name": "test-owner/${repo_name}",</arg>
<arg>"clone_url": "https://github.com/test-owner/${repo_name}.git",</arg>
<arg>"owner": {"login": "test-owner"}</arg>
<arg>},</arg>
<arg>"head_commit": {</arg>
<arg>"id": "${commit_hash}",</arg>
<arg>"message": "Test commit",</arg>
<arg>"author": {"name": "Test Author", "email": "test@example.com"}</arg>
<arg>}</arg>
<arg>}</arg>
<doc>Catenates the given items together and returns the resulted string.</doc>
<msg timestamp="20260216 19:04:34.169" level="INFO">${payload} = {"ref": "refs/heads/main","after": "a3db879b86a35c244821b31b7b6beda4380691b1","repository": {"name": "sample-java-repo","full_name": "test-owner/sample-java-repo","clone_url": "https://github.com/test...</msg>
<status status="PASS" starttime="20260216 19:04:34.169" endtime="20260216 19:04:34.169"/>
</kw>
<msg timestamp="20260216 19:04:34.169" level="INFO">${payload} = {"ref": "refs/heads/main","after": "a3db879b86a35c244821b31b7b6beda4380691b1","repository": {"name": "sample-java-repo","full_name": "test-owner/sample-java-repo","clone_url": "https://github.com/test...</msg>
<status status="PASS" starttime="20260216 19:04:34.168" endtime="20260216 19:04:34.169"/>
</kw>
<kw name="Generate HMAC Signature" library="keywords">
<var>${signature}</var>
<arg>${payload}</arg>
<arg>${GITHUB_SECRET}</arg>
<doc>Generate HMAC-SHA256 signature for webhook payload</doc>
<kw name="Evaluate" library="BuiltIn">
<var>${signature}</var>
<arg>__import__('hmac').new(b'${secret}', b'${payload}', __import__('hashlib').sha256).hexdigest()</arg>
<doc>Evaluates the given expression in Python and returns the result.</doc>
<msg timestamp="20260216 19:04:34.169" level="INFO">${signature} = ef52fcb3e96919cb458e5c4252217737f6fcabc97c35b26f50f4ab781df988cf</msg>
<status status="PASS" starttime="20260216 19:04:34.169" endtime="20260216 19:04:34.170"/>
</kw>
<msg timestamp="20260216 19:04:34.170" level="INFO">${signature} = sha256=ef52fcb3e96919cb458e5c4252217737f6fcabc97c35b26f50f4ab781df988cf</msg>
<status status="PASS" starttime="20260216 19:04:34.169" endtime="20260216 19:04:34.170"/>
</kw>
<kw name="Send Webhook" library="keywords">
<var>${response}</var>
<arg>${payload}</arg>
<arg>${signature}</arg>
<doc>Send webhook POST request to API</doc>
<kw name="Create Dictionary" library="BuiltIn">
<var>${headers}</var>
<arg>Content-Type=application/json</arg>
<arg>X-Hub-Signature-256=${signature}</arg>
<doc>Creates and returns a dictionary based on the given ``items``.</doc>
<msg timestamp="20260216 19:04:34.170" level="INFO">${headers} = {'Content-Type': 'application/json', 'X-Hub-Signature-256': 'sha256=ef52fcb3e96919cb458e5c4252217737f6fcabc97c35b26f50f4ab781df988cf'}</msg>
<status status="PASS" starttime="20260216 19:04:34.170" endtime="20260216 19:04:34.170"/>
</kw>
<kw name="POST On Session" library="RequestsLibrary">
<var>${response}</var>
<arg>api</arg>
<arg>/webhook</arg>
<arg>data=${payload}</arg>
<arg>headers=${headers}</arg>
<arg>expected_status=any</arg>
<doc>Sends a POST request on a previously created HTTP Session.</doc>
<msg timestamp="20260216 19:04:34.216" level="INFO">POST Request : url=http://localhost:8080/webhook 
 path_url=/webhook 
 headers={'User-Agent': 'python-requests/2.31.0', 'Accept-Encoding': 'gzip, deflate', 'Accept': '*/*', 'Connection': 'keep-alive', 'Content-Type': 'application/json', 'X-Hub-Signature-256': 'sha256=ef52fcb3e96919cb458e5c4252217737f6fcabc97c35b26f50f4ab781df988cf', 'Content-Length': '417'} 
 body={"ref": "refs/heads/main","after": "a3db879b86a35c244821b31b7b6beda4380691b1","repository": {"name": "sample-java-repo","full_name": "test-owner/sample-java-repo","clone_url": "https://github.com/test-owner/sample-java-repo.git","owner": {"login": "test-owner"}},"head_commit": {"id": "a3db879b86a35c244821b31b7b6beda4380691b1","message": "Test commit","author": {"name": "Test Author", "email": "test@example.com"}}} 
 </msg>
<msg timestamp="20260216 19:04:34.216" level="INFO">POST Response : url=http://localhost:8080/webhook 
 status=202, reason=Accepted 
 headers={'Content-Type': 'application/json; charset=utf-8', 'Date': 'Mon, 16 Feb 2026 22:04:33 GMT', 'Content-Length': '109'} 
 body={"id":"63b0d1dd-c652-44d5-b536-9101dd101123","status":"accepted","message":"build job enqueued successfully"} 
 </msg>
<msg timestamp="20260216 19:04:34.216" level="INFO">${response} = &lt;Response [202]&gt;</msg>
<status status="PASS" starttime="20260216 19:04:34.170" endtime="20260216 19:04:34.216"/>
</kw>
<msg timestamp="20260216 19:04:34.216" level="INFO">${response} = &lt;Response [202]&gt;</msg>
<status status="PASS" starttime="20260216 19:04:34.170" endtime="20260216 19:04:34.216"/>
</kw>
<kw name="Get From Dictionary" library="Collections">
<var>${job_id}</var>
<arg>${response.json()}</arg>
<arg>id</arg>
<doc>Returns a value from the given ``dictionary`` based on the given ``key``.</doc>
<msg timestamp="20260216 19:04:34.217" level="INFO">${job_id} = 63b0d1dd-c652-44d5-b536-9101dd101123</msg>
<status status="PASS" starttime="20260216 19:04:34.216" endtime="20260216 19:04:34.217"/>
</kw>
<kw name="Sleep" library="BuiltIn">
<arg>2s</arg>
<doc>Pauses the test executed for the given time.</doc>
<msg timestamp="20260216 19:04:36.217" level="INFO">Slept 2 seconds</msg>
<status status="PASS" starttime="20260216 19:04:34.217" endtime="20260216 19:04:36.217"/>
</kw>
<kw name="Get Build Status" library="keywords">
<var>${status_response}</var>
<arg>${job_id}</arg>
<doc>Query build status by ID</doc>
<kw name="Create Dictionary" library="BuiltIn">
<var>${headers}</var>
<arg>Authorization=Bearer ${AUTH_TOKEN}</arg>
<doc>Creates and returns a dictionary based on the given ``items``.</doc>
<msg timestamp="20260216 19:04:36.218" level="INFO">${headers} = {'Authorization': 'Bearer test-auth-token'}</msg>
<status status="PASS" starttime="20260216 19:04:36.218" endtime="20260216 19:04:36.218"/>
</kw>
<kw name="GET On Session" library="RequestsLibrary">
<var>${response}</var>
<arg>api</arg>
<arg>/builds/${build_id}</arg>
<arg>headers=${headers}</arg>
<arg>expected_status=any</arg>
<doc>Sends a GET request on a previously created HTTP Session.</doc>
<msg timestamp="20260216 19:04:36.220" level="INFO">GET Request : url=http://localhost:8080/builds/63b0d1dd-c652-44d5-b536-9101dd101123 
 path_url=/builds/63b0d1dd-c652-44d5-b536-9101dd101123 
 headers={'User-Agent': 'python-requests/2.31.0', 'Accept-Encoding': 'gzip, deflate', 'Accept': '*/*', 'Connection': 'keep-alive', 'Authorization': 'Bearer test-auth-token'} 
 body=None 
 </msg>
<msg timestamp="20260216 19:04:36.220" level="INFO">GET Response : url=http://localhost:8080/builds/63b0d1dd-c652-44d5-b536-9101dd101123 
 status=401, reason=Unauthorized 
 headers={'Content-Type': 'application/json; charset=utf-8', 'Date': 'Mon, 16 Feb 2026 22:04:35 GMT', 'Content-Length': '40'} 
 body={"error":"invalid authentication token"} 
 </msg>
<msg timestamp="20260216 19:04:36.220" level="INFO">${response} = &lt;Response [401]&gt;</msg>
<status status="PASS" starttime="20260216 19:04:36.218" endtime="20260216 19:04:36.220"/>
</kw>
<msg timestamp="20260216 19:04:36.220" level="INFO">${status_response} = &lt;Response [401]&gt;</msg>
<status status="PASS" starttime="20260216 19:04:36.218" endtime="20260216 19:04:36.220"/>
</kw>
<kw name="Verify Response Status" library="keywords">
<arg>${status_response}</arg>
<arg>${HTTP_OK}</arg>
<doc>Verify HTTP response status code</doc>
<kw name="Should Be Equal As Numbers" library="BuiltIn">
<arg>${response.status_code}</arg>
<arg>${expected_status}</arg>
<doc>Fails if objects are unequal after converting them to real numbers.</doc>
<msg timestamp="20260216 19:04:36.221" level="INFO">Argument types are:
&lt;class 'int'&gt;
&lt;class 'str'&gt;</msg>
<msg timestamp="20260216 19:04:36.221" level="FAIL">401.0 != 200.0</msg>
<status status="FAIL" starttime="20260216 19:04:36.220" endtime="20260216 19:04:36.221"/>
</kw>
<status status="FAIL" starttime="20260216 19:04:36.220" endtime="20260216 19:04:36.221"/>
</kw>
<doc>Test API authentication with valid token
Validates: Requirements 8.4</doc>
<tag>api</tag>
<tag>auth</tag>
<tag>security</tag>
<status status="FAIL" starttime="20260216 19:04:34.168" endtime="20260216 19:04:36.221">401.0 != 200.0</status>
</test>
<test id="s1-s1-t6" name="Authentication With Invalid Token" line="138">
<kw name="Generate Random Commit Hash" library="keywords">
<var>${commit_hash}</var>
<doc>Generate a random 40-character hex string (like git commit hash)</doc>
<kw name="Evaluate" library="BuiltIn">
<var>${hash}</var>
<arg>__import__('secrets').token_hex(20)</arg>
<doc>Evaluates the given expression in Python and returns the result.</doc>
<msg timestamp="20260216 19:04:36.222" level="INFO">${hash} = 95daa7a1dab6386447664a96e842f0dfa930b0aa</msg>
<status status="PASS" starttime="20260216 19:04:36.222" endtime="20260216 19:04:36.222"/>
</kw>
<msg timestamp="20260216 19:04:36.222" level="INFO">${commit_hash} = 95daa7a1dab6386447664a96e842f0dfa930b0aa</msg>
<status status="PASS" starttime="20260216 19:04:36.222" endtime="20260216 19:04:36.222"/>
</kw>
<kw name="Create Webhook Payload" library="keywords">
<var>${payload}</var>
<arg>${TEST_REPO_JAVA}</arg>
<arg>${commit_hash}</arg>
<arg>main</arg>
<doc>Create a valid GitHub webhook payload</doc>
<kw name="Catenate" library="BuiltIn">
<var>${payload}</var>
<arg>SEPARATOR=</arg>
<arg>{</arg>
<arg>"ref": "refs/heads/${branch}",</arg>
<arg>"after": "${commit_hash}",</arg>
<arg>"repository": {</arg>
<arg>"name": "${repo_name}",</arg>
<arg>"full_name": "test-owner/${repo_name}",</arg>
<arg>"clone_url": "https://github.com/test-owner/${repo_name}.git",</arg>
<arg>"owner": {"login": "test-owner"}</arg>
<arg>},</arg>
<arg>"head_commit": {</arg>
<arg>"id": "${commit_hash}",</arg>
<arg>"message": "Test commit",</arg>
<arg>"author": {"name": "Test Author", "email": "test@example.com"}</arg>
<arg>}</arg>
<arg>}</arg>
<doc>Catenates the given items together and returns the resulted string.</doc>
<msg timestamp="20260216 19:04:36.222" level="INFO">${payload} = {"ref": "refs/heads/main","after": "95daa7a1dab6386447664a96e842f0dfa930b0aa","repository": {"name": "sample-java-repo","full_name": "test-owner/sample-java-repo","clone_url": "https://github.com/test...</msg>
<status status="PASS" starttime="20260216 19:04:36.222" endtime="20260216 19:04:36.222"/>
</kw>
<msg timestamp="20260216 19:04:36.222" level="INFO">${payload} = {"ref": "refs/heads/main","after": "95daa7a1dab6386447664a96e842f0dfa930b0aa","repository": {"name": "sample-java-repo","full_name": "test-owner/sample-java-repo","clone_url": "https://github.com/test...</msg>
<status status="PASS" starttime="20260216 19:04:36.222" endtime="20260216 19:04:36.222"/>
</kw>
<kw name="Generate HMAC Signature" library="keywords">
<var>${signature}</var>
<arg>${payload}</arg>
<arg>${GITHUB_SECRET}</arg>
<doc>Generate HMAC-SHA256 signature for webhook payload</doc>
<kw name="Evaluate" library="BuiltIn">
<var>${signature}</var>
<arg>__import__('hmac').new(b'${secret}', b'${payload}', __import__('hashlib').sha256).hexdigest()</arg>
<doc>Evaluates the given expression in Python and returns the result.</doc>
<msg timestamp="20260216 19:04:36.223" level="INFO">${signature} = 0495c4a0ccfbb2e78ed8e778d62825aa02621695cf136ddca10b5f8b50a2d786</msg>
<status status="PASS" starttime="20260216 19:04:36.223" endtime="20260216 19:04:36.223"/>
</kw>
<msg timestamp="20260216 19:04:36.223" level="INFO">${signature} = sha256=0495c4a0ccfbb2e78ed8e778d62825aa02621695cf136ddca10b5f8b50a2d786</msg>
<status status="PASS" starttime="20260216 19:04:36.222" endtime="20260216 19:04:36.223"/>
</kw>
<kw name="Send Webhook" library="keywords">
<var>${response}</var>
<arg>${payload}</arg>
<arg>${signature}</arg>
<doc>Send webhook POST request to API</doc>
<kw name="Create Dictionary" library="BuiltIn">
<var>${headers}</var>
<arg>Content-Type=application/json</arg>
<arg>X-Hub-Signature-256=${signature}</arg>
<doc>Creates and returns a dictionary based on the given ``items``.</doc>
<msg timestamp="20260216 19:04:36.223" level="INFO">${headers} = {'Content-Type': 'application/json', 'X-Hub-Signature-256': 'sha256=0495c4a0ccfbb2e78ed8e778d62825aa02621695cf136ddca10b5f8b50a2d786'}</msg>
<status status="PASS" starttime="20260216 19:04:36.223" endtime="20260216 19:04:36.223"/>
</kw>
<kw name="POST On Session" library="RequestsLibrary">
<var>${response}</var>
<arg>api</arg>
<arg>/webhook</arg>
<arg>data=${payload}</arg>
<arg>headers=${headers}</arg>
<arg>expected_status=any</arg>
<doc>Sends a POST request on a previously created HTTP Session.</doc>
<msg timestamp="20260216 19:04:36.268" level="INFO">POST Request : url=http://localhost:8080/webhook 
 path_url=/webhook 
 headers={'User-Agent': 'python-requests/2.31.0', 'Accept-Encoding': 'gzip, deflate', 'Accept': '*/*', 'Connection': 'keep-alive', 'Content-Type': 'application/json', 'X-Hub-Signature-256': 'sha256=0495c4a0ccfbb2e78ed8e778d62825aa02621695cf136ddca10b5f8b50a2d786', 'Content-Length': '417'} 
 body={"ref": "refs/heads/main","after": "95daa7a1dab6386447664a96e842f0dfa930b0aa","repository": {"name": "sample-java-repo","full_name": "test-owner/sample-java-repo","clone_url": "https://github.com/test-owner/sample-java-repo.git","owner": {"login": "test-owner"}},"head_commit": {"id": "95daa7a1dab6386447664a96e842f0dfa930b0aa","message": "Test commit","author": {"name": "Test Author", "email": "test@example.com"}}} 
 </msg>
<msg timestamp="20260216 19:04:36.268" level="INFO">POST Response : url=http://localhost:8080/webhook 
 status=202, reason=Accepted 
 headers={'Content-Type': 'application/json; charset=utf-8', 'Date': 'Mon, 16 Feb 2026 22:04:35 GMT', 'Content-Length': '109'} 
 body={"id":"0fc21642-9312-40f2-a5d2-6c0fd0eb8550","status":"accepted","message":"build job enqueued successfully"} 
 </msg>
<msg timestamp="20260216 19:04:36.268" level="INFO">${response} = &lt;Response [202]&gt;</msg>
<status status="PASS" starttime="20260216 19:04:36.223" endtime="20260216 19:04:36.268"/>
</kw>
<msg timestamp="20260216 19:04:36.268" level="INFO">${response} = &lt;Response [202]&gt;</msg>
<status status="PASS" starttime="20260216 19:04:36.223" endtime="20260216 19:04:36.268"/>
</kw>
<kw name="Get From Dictionary" library="Collections">
<var>${job_id}</var>
<arg>${response.json()}</arg>
<arg>id</arg>
<doc>Returns a value from the given ``dictionary`` based on the given ``key``.</doc>
<msg timestamp="20260216 19:04:36.269" level="INFO">${job_id} = 0fc21642-9312-40f2-a5d2-6c0fd0eb8550</msg>
<status status="PASS" starttime="20260216 19:04:36.268" endtime="20260216 19:04:36.269"/>
</kw>
<kw name="Sleep" library="BuiltIn">
<arg>2s</arg>
<doc>Pauses the test executed for the given time.</doc>
<msg timestamp="20260216 19:04:38.270" level="INFO">Slept 2 seconds</msg>
<status status="PASS" starttime="20260216 19:04:36.269" endtime="20260216 19:04:38.270"/>
</kw>
<kw name="Get Build Status Without Auth" library="keywords">
<var>${status_response}</var>
<arg>${job_id}</arg>
<doc>Query build status without authentication</doc>
<kw name="GET On Session" library="RequestsLibrary">
<var>${response}</var>
<arg>api</arg>
<arg>/builds/${build_id}</arg>
<arg>expected_status=any</arg>
<doc>Sends a GET request on a previously created HTTP Session.</doc>
<msg timestamp="20260216 19:04:38.272" level="INFO">GET Request : url=http://localhost:8080/builds/0fc21642-9312-40f2-a5d2-6c0fd0eb8550 
 path_url=/builds/0fc21642-9312-40f2-a5d2-6c0fd0eb8550 
 headers={'User-Agent': 'python-requests/2.31.0', 'Accept-Encoding': 'gzip, deflate', 'Accept': '*/*', 'Connection': 'keep-alive'} 
 body=None 
 </msg>
<msg timestamp="20260216 19:04:38.272" level="INFO">GET Response : url=http://localhost:8080/builds/0fc21642-9312-40f2-a5d2-6c0fd0eb8550 
 status=401, reason=Unauthorized 
 headers={'Content-Type': 'application/json; charset=utf-8', 'Date': 'Mon, 16 Feb 2026 22:04:37 GMT', 'Content-Length': '44'} 
 body={"error":"authorization header is required"} 
 </msg>
<msg timestamp="20260216 19:04:38.272" level="INFO">${response} = &lt;Response [401]&gt;</msg>
<status status="PASS" starttime="20260216 19:04:38.270" endtime="20260216 19:04:38.272"/>
</kw>
<msg timestamp="20260216 19:04:38.272" level="INFO">${status_response} = &lt;Response [401]&gt;</msg>
<status status="PASS" starttime="20260216 19:04:38.270" endtime="20260216 19:04:38.272"/>
</kw>
<kw name="Verify Response Status" library="keywords">
<arg>${status_response}</arg>
<arg>${HTTP_UNAUTHORIZED}</arg>
<doc>Verify HTTP response status code</doc>
<kw name="Should Be Equal As Numbers" library="BuiltIn">
<arg>${response.status_code}</arg>
<arg>${expected_status}</arg>
<doc>Fails if objects are unequal after converting them to real numbers.</doc>
<msg timestamp="20260216 19:04:38.273" level="INFO">Argument types are:
&lt;class 'int'&gt;
&lt;class 'str'&gt;</msg>
<status status="PASS" starttime="20260216 19:04:38.272" endtime="20260216 19:04:38.273"/>
</kw>
<status status="PASS" starttime="20260216 19:04:38.272" endtime="20260216 19:04:38.273"/>
</kw>
<doc>Test API authentication with invalid token
Validates: Requirements 8.4</doc>
<tag>api</tag>
<tag>auth</tag>
<tag>negative</tag>
<tag>security</tag>
<status status="PASS" starttime="20260216 19:04:36.221" endtime="20260216 19:04:38.273"/>
</test>
<test id="s1-s1-t7" name="Authentication Required For List Endpoint" line="158">
<kw name="Create Dictionary" library="BuiltIn">
<var>${headers}</var>
<arg>Content-Type=application/json</arg>
<doc>Creates and returns a dictionary based on the given ``items``.</doc>
<msg timestamp="20260216 19:04:38.273" level="INFO">${headers} = {'Content-Type': 'application/json'}</msg>
<status status="PASS" starttime="20260216 19:04:38.273" endtime="20260216 19:04:38.273"/>
</kw>
<kw name="GET On Session" library="RequestsLibrary">
<var>${response}</var>
<arg>api</arg>
<arg>/builds</arg>
<arg>headers=${headers}</arg>
<arg>expected_status=any</arg>
<doc>Sends a GET request on a previously created HTTP Session.</doc>
<msg timestamp="20260216 19:04:38.275" level="INFO">GET Request : url=http://localhost:8080/builds 
 path_url=/builds 
 headers={'User-Agent': 'python-requests/2.31.0', 'Accept-Encoding': 'gzip, deflate', 'Accept': '*/*', 'Connection': 'keep-alive', 'Content-Type': 'application/json'} 
 body=None 
 </msg>
<msg timestamp="20260216 19:04:38.275" level="INFO">GET Response : url=http://localhost:8080/builds 
 status=401, reason=Unauthorized 
 headers={'Content-Type': 'application/json; charset=utf-8', 'Date': 'Mon, 16 Feb 2026 22:04:37 GMT', 'Content-Length': '44'} 
 body={"error":"authorization header is required"} 
 </msg>
<msg timestamp="20260216 19:04:38.275" level="INFO">${response} = &lt;Response [401]&gt;</msg>
<status status="PASS" starttime="20260216 19:04:38.274" endtime="20260216 19:04:38.275"/>
</kw>
<kw name="Verify Response Status" library="keywords">
<arg>${response}</arg>
<arg>${HTTP_UNAUTHORIZED}</arg>
<doc>Verify HTTP response status code</doc>
<kw name="Should Be Equal As Numbers" library="BuiltIn">
<arg>${response.status_code}</arg>
<arg>${expected_status}</arg>
<doc>Fails if objects are unequal after converting them to real numbers.</doc>
<msg timestamp="20260216 19:04:38.275" level="INFO">Argument types are:
&lt;class 'int'&gt;
&lt;class 'str'&gt;</msg>
<status status="PASS" starttime="20260216 19:04:38.275" endtime="20260216 19:04:38.275"/>
</kw>
<status status="PASS" starttime="20260216 19:04:38.275" endtime="20260216 19:04:38.275"/>
</kw>
<doc>Test that list endpoint requires authentication
Validates: Requirements 8.4</doc>
<tag>api</tag>
<tag>auth</tag>
<tag>negative</tag>
<tag>security</tag>
<status status="PASS" starttime="20260216 19:04:38.273" endtime="20260216 19:04:38.275"/>
</test>
<test id="s1-s1-t8" name="Verify JSON Content Type In Responses" line="170">
<kw name="Generate Random Commit Hash" library="keywords">
<var>${commit_hash}</var>
<doc>Generate a random 40-character hex string (like git commit hash)</doc>
<kw name="Evaluate" library="BuiltIn">
<var>${hash}</var>
<arg>__import__('secrets').token_hex(20)</arg>
<doc>Evaluates the given expression in Python and returns the result.</doc>
<msg timestamp="20260216 19:04:38.276" level="INFO">${hash} = c7fd42797f627fc65c18f6b698b5c3f19ebb3432</msg>
<status status="PASS" starttime="20260216 19:04:38.276" endtime="20260216 19:04:38.276"/>
</kw>
<msg timestamp="20260216 19:04:38.276" level="INFO">${commit_hash} = c7fd42797f627fc65c18f6b698b5c3f19ebb3432</msg>
<status status="PASS" starttime="20260216 19:04:38.276" endtime="20260216 19:04:38.276"/>
</kw>
<kw name="Create Webhook Payload" library="keywords">
<var>${payload}</var>
<arg>${TEST_REPO_JAVA}</arg>
<arg>${commit_hash}</arg>
<arg>main</arg>
<doc>Create a valid GitHub webhook payload</doc>
<kw name="Catenate" library="BuiltIn">
<var>${payload}</var>
<arg>SEPARATOR=</arg>
<arg>{</arg>
<arg>"ref": "refs/heads/${branch}",</arg>
<arg>"after": "${commit_hash}",</arg>
<arg>"repository": {</arg>
<arg>"name": "${repo_name}",</arg>
<arg>"full_name": "test-owner/${repo_name}",</arg>
<arg>"clone_url": "https://github.com/test-owner/${repo_name}.git",</arg>
<arg>"owner": {"login": "test-owner"}</arg>
<arg>},</arg>
<arg>"head_commit": {</arg>
<arg>"id": "${commit_hash}",</arg>
<arg>"message": "Test commit",</arg>
<arg>"author": {"name": "Test Author", "email": "test@example.com"}</arg>
<arg>}</arg>
<arg>}</arg>
<doc>Catenates the given items together and returns the resulted string.</doc>
<msg timestamp="20260216 19:04:38.277" level="INFO">${payload} = {"ref": "refs/heads/main","after": "c7fd42797f627fc65c18f6b698b5c3f19ebb3432","repository": {"name": "sample-java-repo","full_name": "test-owner/sample-java-repo","clone_url": "https://github.com/test...</msg>
<status status="PASS" starttime="20260216 19:04:38.277" endtime="20260216 19:04:38.277"/>
</kw>
<msg timestamp="20260216 19:04:38.277" level="INFO">${payload} = {"ref": "refs/heads/main","after": "c7fd42797f627fc65c18f6b698b5c3f19ebb3432","repository": {"name": "sample-java-repo","full_name": "test-owner/sample-java-repo","clone_url": "https://github.com/test...</msg>
<status status="PASS" starttime="20260216 19:04:38.276" endtime="20260216 19:04:38.277"/>
</kw>
<kw name="Generate HMAC Signature" library="keywords">
<var>${signature}</var>
<arg>${payload}</arg>
<arg>${GITHUB_SECRET}</arg>
<doc>Generate HMAC-SHA256 signature for webhook payload</doc>
<kw name="Evaluate" library="BuiltIn">
<var>${signature}</var>
<arg>__import__('hmac').new(b'${secret}', b'${payload}', __import__('hashlib').sha256).hexdigest()</arg>
<doc>Evaluates the given expression in Python and returns the result.</doc>
<msg timestamp="20260216 19:04:38.277" level="INFO">${signature} = 43c40a744a08cc9abd66d452f2bcf28e6b67cb02834d0a37389989d6e2a3fed9</msg>
<status status="PASS" starttime="20260216 19:04:38.277" endtime="20260216 19:04:38.277"/>
</kw>
<msg timestamp="20260216 19:04:38.277" level="INFO">${signature} = sha256=43c40a744a08cc9abd66d452f2bcf28e6b67cb02834d0a37389989d6e2a3fed9</msg>
<status status="PASS" starttime="20260216 19:04:38.277" endtime="20260216 19:04:38.277"/>
</kw>
<kw name="Send Webhook" library="keywords">
<var>${response}</var>
<arg>${payload}</arg>
<arg>${signature}</arg>
<doc>Send webhook POST request to API</doc>
<kw name="Create Dictionary" library="BuiltIn">
<var>${headers}</var>
<arg>Content-Type=application/json</arg>
<arg>X-Hub-Signature-256=${signature}</arg>
<doc>Creates and returns a dictionary based on the given ``items``.</doc>
<msg timestamp="20260216 19:04:38.278" level="INFO">${headers} = {'Content-Type': 'application/json', 'X-Hub-Signature-256': 'sha256=43c40a744a08cc9abd66d452f2bcf28e6b67cb02834d0a37389989d6e2a3fed9'}</msg>
<status status="PASS" starttime="20260216 19:04:38.278" endtime="20260216 19:04:38.278"/>
</kw>
<kw name="POST On Session" library="RequestsLibrary">
<var>${response}</var>
<arg>api</arg>
<arg>/webhook</arg>
<arg>data=${payload}</arg>
<arg>headers=${headers}</arg>
<arg>expected_status=any</arg>
<doc>Sends a POST request on a previously created HTTP Session.</doc>
<msg timestamp="20260216 19:04:38.327" level="INFO">POST Request : url=http://localhost:8080/webhook 
 path_url=/webhook 
 headers={'User-Agent': 'python-requests/2.31.0', 'Accept-Encoding': 'gzip, deflate', 'Accept': '*/*', 'Connection': 'keep-alive', 'Content-Type': 'application/json', 'X-Hub-Signature-256': 'sha256=43c40a744a08cc9abd66d452f2bcf28e6b67cb02834d0a37389989d6e2a3fed9', 'Content-Length': '417'} 
 body={"ref": "refs/heads/main","after": "c7fd42797f627fc65c18f6b698b5c3f19ebb3432","repository": {"name": "sample-java-repo","full_name": "test-owner/sample-java-repo","clone_url": "https://github.com/test-owner/sample-java-repo.git","owner": {"login": "test-owner"}},"head_commit": {"id": "c7fd42797f627fc65c18f6b698b5c3f19ebb3432","message": "Test commit","author": {"name": "Test Author", "email": "test@example.com"}}} 
 </msg>
<msg timestamp="20260216 19:04:38.327" level="INFO">POST Response : url=http://localhost:8080/webhook 
 status=202, reason=Accepted 
 headers={'Content-Type': 'application/json; charset=utf-8', 'Date': 'Mon, 16 Feb 2026 22:04:37 GMT', 'Content-Length': '109'} 
 body={"id":"014e394c-0980-464d-98ac-c89aeed6bf36","status":"accepted","message":"build job enqueued successfully"} 
 </msg>
<msg timestamp="20260216 19:04:38.327" level="INFO">${response} = &lt;Response [202]&gt;</msg>
<status status="PASS" starttime="20260216 19:04:38.278" endtime="20260216 19:04:38.327"/>
</kw>
<msg timestamp="20260216 19:04:38.327" level="INFO">${response} = &lt;Response [202]&gt;</msg>
<status status="PASS" starttime="20260216 19:04:38.277" endtime="20260216 19:04:38.328"/>
</kw>
<kw name="Get From Dictionary" library="Collections">
<var>${job_id}</var>
<arg>${response.json()}</arg>
<arg>id</arg>
<doc>Returns a value from the given ``dictionary`` based on the given ``key``.</doc>
<msg timestamp="20260216 19:04:38.328" level="INFO">${job_id} = 014e394c-0980-464d-98ac-c89aeed6bf36</msg>
<status status="PASS" starttime="20260216 19:04:38.328" endtime="20260216 19:04:38.328"/>
</kw>
<kw name="Sleep" library="BuiltIn">
<arg>2s</arg>
<doc>Pauses the test executed for the given time.</doc>
<msg timestamp="20260216 19:04:40.329" level="INFO">Slept 2 seconds</msg>
<status status="PASS" starttime="20260216 19:04:38.328" endtime="20260216 19:04:40.329"/>
</kw>
<kw name="Get Build Status" library="keywords">
<var>${status_response}</var>
<arg>${job_id}</arg>
<doc>Query build status by ID</doc>
<kw name="Create Dictionary" library="BuiltIn">
<var>${headers}</var>
<arg>Authorization=Bearer ${AUTH_TOKEN}</arg>
<doc>Creates and returns a dictionary based on the given ``items``.</doc>
<msg timestamp="20260216 19:04:40.330" level="INFO">${headers} = {'Authorization': 'Bearer test-auth-token'}</msg>
<status status="PASS" starttime="20260216 19:04:40.329" endtime="20260216 19:04:40.330"/>
</kw>
<kw name="GET On Session" library="RequestsLibrary">
<var>${response}</var>
<arg>api</arg>
<arg>/builds/${build_id}</arg>
<arg>headers=${headers}</arg>
<arg>expected_status=any</arg>
<doc>Sends a GET request on a previously created HTTP Session.</doc>
<msg timestamp="20260216 19:04:40.331" level="INFO">GET Request : url=http://localhost:8080/builds/014e394c-0980-464d-98ac-c89aeed6bf36 
 path_url=/builds/014e394c-0980-464d-98ac-c89aeed6bf36 
 headers={'User-Agent': 'python-requests/2.31.0', 'Accept-Encoding': 'gzip, deflate', 'Accept': '*/*', 'Connection': 'keep-alive', 'Authorization': 'Bearer test-auth-token'} 
 body=None 
 </msg>
<msg timestamp="20260216 19:04:40.331" level="INFO">GET Response : url=http://localhost:8080/builds/014e394c-0980-464d-98ac-c89aeed6bf36 
 status=401, reason=Unauthorized 
 headers={'Content-Type': 'application/json; charset=utf-8', 'Date': 'Mon, 16 Feb 2026 22:04:39 GMT', 'Content-Length': '40'} 
 body={"error":"invalid authentication token"} 
 </msg>
<msg timestamp="20260216 19:04:40.331" level="INFO">${response} = &lt;Response [401]&gt;</msg>
<status status="PASS" starttime="20260216 19:04:40.330" endtime="20260216 19:04:40.331"/>
</kw>
<msg timestamp="20260216 19:04:40.331" level="INFO">${status_response} = &lt;Response [401]&gt;</msg>
<status status="PASS" starttime="20260216 19:04:40.329" endtime="20260216 19:04:40.331"/>
</kw>
<kw name="Get From Dictionary" library="Collections">
<var>${content_type}</var>
<arg>${status_response.headers}</arg>
<arg>Content-Type</arg>
<doc>Returns a value from the given ``dictionary`` based on the given ``key``.</doc>
<msg timestamp="20260216 19:04:40.332" level="INFO">${content_type} = application/json; charset=utf-8</msg>
<status status="PASS" starttime="20260216 19:04:40.332" endtime="20260216 19:04:40.332"/>
</kw>
<kw name="Should Contain" library="BuiltIn">
<arg>${content_type}</arg>
<arg>application/json</arg>
<doc>Fails if ``container`` does not contain ``item`` one or more times.</doc>
<status status="PASS" starttime="20260216 19:04:40.332" endtime="20260216 19:04:40.332"/>
</kw>
<doc>Test that API responses have correct Content-Type
Validates: Requirements 8.3</doc>
<tag>api</tag>
<tag>content-type</tag>
<status status="PASS" starttime="20260216 19:04:38.276" endtime="20260216 19:04:40.332"/>
</test>
<test id="s1-s1-t9" name="Verify HTTP Status Codes" line="191">
<kw name="Generate Random Commit Hash" library="keywords">
<var>${commit_hash}</var>
<doc>Generate a random 40-character hex string (like git commit hash)</doc>
<kw name="Evaluate" library="BuiltIn">
<var>${hash}</var>
<arg>__import__('secrets').token_hex(20)</arg>
<doc>Evaluates the given expression in Python and returns the result.</doc>
<msg timestamp="20260216 19:04:40.333" level="INFO">${hash} = 3bd906f87817698aefc015af3e89a67fe7367bc3</msg>
<status status="PASS" starttime="20260216 19:04:40.333" endtime="20260216 19:04:40.333"/>
</kw>
<msg timestamp="20260216 19:04:40.333" level="INFO">${commit_hash} = 3bd906f87817698aefc015af3e89a67fe7367bc3</msg>
<status status="PASS" starttime="20260216 19:04:40.333" endtime="20260216 19:04:40.333"/>
</kw>
<kw name="Create Webhook Payload" library="keywords">
<var>${payload}</var>
<arg>${TEST_REPO_JAVA}</arg>
<arg>${commit_hash}</arg>
<arg>main</arg>
<doc>Create a valid GitHub webhook payload</doc>
<kw name="Catenate" library="BuiltIn">
<var>${payload}</var>
<arg>SEPARATOR=</arg>
<arg>{</arg>
<arg>"ref": "refs/heads/${branch}",</arg>
<arg>"after": "${commit_hash}",</arg>
<arg>"repository": {</arg>
<arg>"name": "${repo_name}",</arg>
<arg>"full_name": "test-owner/${repo_name}",</arg>
<arg>"clone_url": "https://github.com/test-owner/${repo_name}.git",</arg>
<arg>"owner": {"login": "test-owner"}</arg>
<arg>},</arg>
<arg>"head_commit": {</arg>
<arg>"id": "${commit_hash}",</arg>
<arg>"message": "Test commit",</arg>
<arg>"author": {"name": "Test Author", "email": "test@example.com"}</arg>
<arg>}</arg>
<arg>}</arg>
<doc>Catenates the given items together and returns the resulted string.</doc>
<msg timestamp="20260216 19:04:40.334" level="INFO">${payload} = {"ref": "refs/heads/main","after": "3bd906f87817698aefc015af3e89a67fe7367bc3","repository": {"name": "sample-java-repo","full_name": "test-owner/sample-java-repo","clone_url": "https://github.com/test...</msg>
<status status="PASS" starttime="20260216 19:04:40.333" endtime="20260216 19:04:40.334"/>
</kw>
<msg timestamp="20260216 19:04:40.334" level="INFO">${payload} = {"ref": "refs/heads/main","after": "3bd906f87817698aefc015af3e89a67fe7367bc3","repository": {"name": "sample-java-repo","full_name": "test-owner/sample-java-repo","clone_url": "https://github.com/test...</msg>
<status status="PASS" starttime="20260216 19:04:40.333" endtime="20260216 19:04:40.334"/>
</kw>
<kw name="Generate HMAC Signature" library="keywords">
<var>${signature}</var>
<arg>${payload}</arg>
<arg>${GITHUB_SECRET}</arg>
<doc>Generate HMAC-SHA256 signature for webhook payload</doc>
<kw name="Evaluate" library="BuiltIn">
<var>${signature}</var>
<arg>__import__('hmac').new(b'${secret}', b'${payload}', __import__('hashlib').sha256).hexdigest()</arg>
<doc>Evaluates the given expression in Python and returns the result.</doc>
<msg timestamp="20260216 19:04:40.334" level="INFO">${signature} = 418c0cac6bcb7c8969f5f47c87d5318a8dce81c4dc56891f186171239aac2336</msg>
<status status="PASS" starttime="20260216 19:04:40.334" endtime="20260216 19:04:40.334"/>
</kw>
<msg timestamp="20260216 19:04:40.334" level="INFO">${signature} = sha256=418c0cac6bcb7c8969f5f47c87d5318a8dce81c4dc56891f186171239aac2336</msg>
<status status="PASS" starttime="20260216 19:04:40.334" endtime="20260216 19:04:40.334"/>
</kw>
<kw name="Send Webhook" library="keywords">
<var>${webhook_response}</var>
<arg>${payload}</arg>
<arg>${signature}</arg>
<doc>Send webhook POST request to API</doc>
<kw name="Create Dictionary" library="BuiltIn">
<var>${headers}</var>
<arg>Content-Type=application/json</arg>
<arg>X-Hub-Signature-256=${signature}</arg>
<doc>Creates and returns a dictionary based on the given ``items``.</doc>
<msg timestamp="20260216 19:04:40.334" level="INFO">${headers} = {'Content-Type': 'application/json', 'X-Hub-Signature-256': 'sha256=418c0cac6bcb7c8969f5f47c87d5318a8dce81c4dc56891f186171239aac2336'}</msg>
<status status="PASS" starttime="20260216 19:04:40.334" endtime="20260216 19:04:40.334"/>
</kw>
<kw name="POST On Session" library="RequestsLibrary">
<var>${response}</var>
<arg>api</arg>
<arg>/webhook</arg>
<arg>data=${payload}</arg>
<arg>headers=${headers}</arg>
<arg>expected_status=any</arg>
<doc>Sends a POST request on a previously created HTTP Session.</doc>
<msg timestamp="20260216 19:04:40.379" level="INFO">POST Request : url=http://localhost:8080/webhook 
 path_url=/webhook 
 headers={'User-Agent': 'python-requests/2.31.0', 'Accept-Encoding': 'gzip, deflate', 'Accept': '*/*', 'Connection': 'keep-alive', 'Content-Type': 'application/json', 'X-Hub-Signature-256': 'sha256=418c0cac6bcb7c8969f5f47c87d5318a8dce81c4dc56891f186171239aac2336', 'Content-Length': '417'} 
 body={"ref": "refs/heads/main","after": "3bd906f87817698aefc015af3e89a67fe7367bc3","repository": {"name": "sample-java-repo","full_name": "test-owner/sample-java-repo","clone_url": "https://github.com/test-owner/sample-java-repo.git","owner": {"login": "test-owner"}},"head_commit": {"id": "3bd906f87817698aefc015af3e89a67fe7367bc3","message": "Test commit","author": {"name": "Test Author", "email": "test@example.com"}}} 
 </msg>
<msg timestamp="20260216 19:04:40.379" level="INFO">POST Response : url=http://localhost:8080/webhook 
 status=202, reason=Accepted 
 headers={'Content-Type': 'application/json; charset=utf-8', 'Date': 'Mon, 16 Feb 2026 22:04:39 GMT', 'Content-Length': '109'} 
 body={"id":"97bf7675-0267-477a-aab3-c848b54f465d","status":"accepted","message":"build job enqueued successfully"} 
 </msg>
<msg timestamp="20260216 19:04:40.379" level="INFO">${response} = &lt;Response [202]&gt;</msg>
<status status="PASS" starttime="20260216 19:04:40.334" endtime="20260216 19:04:40.379"/>
</kw>
<msg timestamp="20260216 19:04:40.379" level="INFO">${webhook_response} = &lt;Response [202]&gt;</msg>
<status status="PASS" starttime="20260216 19:04:40.334" endtime="20260216 19:04:40.379"/>
</kw>
<kw name="Verify Response Status" library="keywords">
<arg>${webhook_response}</arg>
<arg>${HTTP_ACCEPTED}</arg>
<doc>Verify HTTP response status code</doc>
<kw name="Should Be Equal As Numbers" library="BuiltIn">
<arg>${response.status_code}</arg>
<arg>${expected_status}</arg>
<doc>Fails if objects are unequal after converting them to real numbers.</doc>
<msg timestamp="20260216 19:04:40.380" level="INFO">Argument types are:
&lt;class 'int'&gt;
&lt;class 'str'&gt;</msg>
<status status="PASS" starttime="20260216 19:04:40.379" endtime="20260216 19:04:40.380"/>
</kw>
<status status="PASS" starttime="20260216 19:04:40.379" endtime="20260216 19:04:40.380"/>
</kw>
<kw name="Get From Dictionary" library="Collections">
<var>${job_id}</var>
<arg>${webhook_response.json()}</arg>
<arg>id</arg>
<doc>Returns a value from the given ``dictionary`` based on the given ``key``.</doc>
<msg timestamp="20260216 19:04:40.380" level="INFO">${job_id} = 97bf7675-0267-477a-aab3-c848b54f465d</msg>
<status status="PASS" starttime="20260216 19:04:40.380" endtime="20260216 19:04:40.380"/>
</kw>
<kw name="Sleep" library="BuiltIn">
<arg>2s</arg>
<doc>Pauses the test executed for the given time.</doc>
<msg timestamp="20260216 19:04:42.381" level="INFO">Slept 2 seconds</msg>
<status status="PASS" starttime="20260216 19:04:40.380" endtime="20260216 19:04:42.381"/>
</kw>
<kw name="Get Build Status" library="keywords">
<var>${status_response}</var>
<arg>${job_id}</arg>
<doc>Query build status by ID</doc>
<kw name="Create Dictionary" library="BuiltIn">
<var>${headers}</var>
<arg>Authorization=Bearer ${AUTH_TOKEN}</arg>
<doc>Creates and returns a dictionary based on the given ``items``.</doc>
<msg timestamp="20260216 19:04:42.381" level="INFO">${headers} = {'Authorization': 'Bearer test-auth-token'}</msg>
<status status="PASS" starttime="20260216 19:04:42.381" endtime="20260216 19:04:42.382"/>
</kw>
<kw name="GET On Session" library="RequestsLibrary">
<var>${response}</var>
<arg>api</arg>
<arg>/builds/${build_id}</arg>
<arg>headers=${headers}</arg>
<arg>expected_status=any</arg>
<doc>Sends a GET request on a previously created HTTP Session.</doc>
<msg timestamp="20260216 19:04:42.383" level="INFO">GET Request : url=http://localhost:8080/builds/97bf7675-0267-477a-aab3-c848b54f465d 
 path_url=/builds/97bf7675-0267-477a-aab3-c848b54f465d 
 headers={'User-Agent': 'python-requests/2.31.0', 'Accept-Encoding': 'gzip, deflate', 'Accept': '*/*', 'Connection': 'keep-alive', 'Authorization': 'Bearer test-auth-token'} 
 body=None 
 </msg>
<msg timestamp="20260216 19:04:42.383" level="INFO">GET Response : url=http://localhost:8080/builds/97bf7675-0267-477a-aab3-c848b54f465d 
[...]
</kw>
<kw name="Verify Response Status" library="keywords">
<arg>${status_3}</arg>
<arg>${HTTP_OK}</arg>
<doc>Verify HTTP response status code</doc>
<status status="NOT RUN" starttime="20260216 19:04:52.103" endtime="20260216 19:04:52.103"/>
</kw>
<doc>Test sending multiple webhooks at the same time
Validates: Requirements 1.5</doc>
<tag>concurrency</tag>
<tag>webhook</tag>
<status status="FAIL" starttime="20260216 19:04:49.948" endtime="20260216 19:04:52.103">401.0 != 200.0</status>
</test>
<test id="s1-s3-t5" name="Verify Webhook Payload Parsing" line="115">
<kw name="Set Variable" library="BuiltIn">
<var>${commit_hash}</var>
<arg>abc123def456789012345678901234567890abcd</arg>
<doc>Returns the given values which can then be assigned to a variables.</doc>
<msg timestamp="20260216 19:04:52.104" level="INFO">${commit_hash} = abc123def456789012345678901234567890abcd</msg>
<status status="PASS" starttime="20260216 19:04:52.104" endtime="20260216 19:04:52.104"/>
</kw>
<kw name="Set Variable" library="BuiltIn">
<var>${repo_name}</var>
<arg>test-parsing-repo</arg>
<doc>Returns the given values which can then be assigned to a variables.</doc>
<msg timestamp="20260216 19:04:52.104" level="INFO">${repo_name} = test-parsing-repo</msg>
<status status="PASS" starttime="20260216 19:04:52.104" endtime="20260216 19:04:52.104"/>
</kw>
<kw name="Set Variable" library="BuiltIn">
<var>${branch}</var>
<arg>feature/test-branch</arg>
<doc>Returns the given values which can then be assigned to a variables.</doc>
<msg timestamp="20260216 19:04:52.104" level="INFO">${branch} = feature/test-branch</msg>
<status status="PASS" starttime="20260216 19:04:52.104" endtime="20260216 19:04:52.104"/>
</kw>
<kw name="Create Webhook Payload" library="keywords">
<var>${payload}</var>
<arg>${repo_name}</arg>
<arg>${commit_hash}</arg>
<arg>${branch}</arg>
<doc>Create a valid GitHub webhook payload</doc>
<kw name="Catenate" library="BuiltIn">
<var>${payload}</var>
<arg>SEPARATOR=</arg>
<arg>{</arg>
<arg>"ref": "refs/heads/${branch}",</arg>
<arg>"after": "${commit_hash}",</arg>
<arg>"repository": {</arg>
<arg>"name": "${repo_name}",</arg>
<arg>"full_name": "test-owner/${repo_name}",</arg>
<arg>"clone_url": "https://github.com/test-owner/${repo_name}.git",</arg>
<arg>"owner": {"login": "test-owner"}</arg>
<arg>},</arg>
<arg>"head_commit": {</arg>
<arg>"id": "${commit_hash}",</arg>
<arg>"message": "Test commit",</arg>
<arg>"author": {"name": "Test Author", "email": "test@example.com"}</arg>
<arg>}</arg>
<arg>}</arg>
<doc>Catenates the given items together and returns the resulted string.</doc>
<msg timestamp="20260216 19:04:52.105" level="INFO">${payload} = {"ref": "refs/heads/feature/test-branch","after": "abc123def456789012345678901234567890abcd","repository": {"name": "test-parsing-repo","full_name": "test-owner/test-parsing-repo","clone_url": "https:...</msg>
<status status="PASS" starttime="20260216 19:04:52.105" endtime="20260216 19:04:52.105"/>
</kw>
<msg timestamp="20260216 19:04:52.105" level="INFO">${payload} = {"ref": "refs/heads/feature/test-branch","after": "abc123def456789012345678901234567890abcd","repository": {"name": "test-parsing-repo","full_name": "test-owner/test-parsing-repo","clone_url": "https:...</msg>
<status status="PASS" starttime="20260216 19:04:52.104" endtime="20260216 19:04:52.105"/>
</kw>
<kw name="Generate HMAC Signature" library="keywords">
<var>${signature}</var>
<arg>${payload}</arg>
<arg>${GITHUB_SECRET}</arg>
<doc>Generate HMAC-SHA256 signature for webhook payload</doc>
<kw name="Evaluate" library="BuiltIn">
<var>${signature}</var>
<arg>__import__('hmac').new(b'${secret}', b'${payload}', __import__('hashlib').sha256).hexdigest()</arg>
<doc>Evaluates the given expression in Python and returns the result.</doc>
<msg timestamp="20260216 19:04:52.105" level="INFO">${signature} = cdb88dabdf26c30ea692525b0478954ff7d437c6361b7397c216430671dadd6e</msg>
<status status="PASS" starttime="20260216 19:04:52.105" endtime="20260216 19:04:52.105"/>
</kw>
<msg timestamp="20260216 19:04:52.105" level="INFO">${signature} = sha256=cdb88dabdf26c30ea692525b0478954ff7d437c6361b7397c216430671dadd6e</msg>
<status status="PASS" starttime="20260216 19:04:52.105" endtime="20260216 19:04:52.105"/>
</kw>
<kw name="Send Webhook" library="keywords">
<var>${response}</var>
<arg>${payload}</arg>
<arg>${signature}</arg>
<doc>Send webhook POST request to API</doc>
<kw name="Create Dictionary" library="BuiltIn">
<var>${headers}</var>
<arg>Content-Type=application/json</arg>
<arg>X-Hub-Signature-256=${signature}</arg>
<doc>Creates and returns a dictionary based on the given ``items``.</doc>
<msg timestamp="20260216 19:04:52.106" level="INFO">${headers} = {'Content-Type': 'application/json', 'X-Hub-Signature-256': 'sha256=cdb88dabdf26c30ea692525b0478954ff7d437c6361b7397c216430671dadd6e'}</msg>
<status status="PASS" starttime="20260216 19:04:52.105" endtime="20260216 19:04:52.106"/>
</kw>
<kw name="POST On Session" library="RequestsLibrary">
<var>${response}</var>
<arg>api</arg>
<arg>/webhook</arg>
<arg>data=${payload}</arg>
<arg>headers=${headers}</arg>
<arg>expected_status=any</arg>
<doc>Sends a POST request on a previously created HTTP Session.</doc>
<msg timestamp="20260216 19:04:52.151" level="INFO">POST Request : url=http://localhost:8080/webhook 
 path_url=/webhook 
 headers={'User-Agent': 'python-requests/2.31.0', 'Accept-Encoding': 'gzip, deflate', 'Accept': '*/*', 'Connection': 'keep-alive', 'Content-Type': 'application/json', 'X-Hub-Signature-256': 'sha256=cdb88dabdf26c30ea692525b0478954ff7d437c6361b7397c216430671dadd6e', 'Content-Length': '435'} 
 body={"ref": "refs/heads/feature/test-branch","after": "abc123def456789012345678901234567890abcd","repository": {"name": "test-parsing-repo","full_name": "test-owner/test-parsing-repo","clone_url": "https://github.com/test-owner/test-parsing-repo.git","owner": {"login": "test-owner"}},"head_commit": {"id": "abc123def456789012345678901234567890abcd","message": "Test commit","author": {"name": "Test Author", "email": "test@example.com"}}} 
 </msg>
<msg timestamp="20260216 19:04:52.151" level="INFO">POST Response : url=http://localhost:8080/webhook 
 status=202, reason=Accepted 
 headers={'Content-Type': 'application/json; charset=utf-8', 'Date': 'Mon, 16 Feb 2026 22:04:52 GMT', 'Content-Length': '109'} 
 body={"id":"46374136-5639-48c2-8ded-1898eae9b3a9","status":"accepted","message":"build job enqueued successfully"} 
 </msg>
<msg timestamp="20260216 19:04:52.151" level="INFO">${response} = &lt;Response [202]&gt;</msg>
<status status="PASS" starttime="20260216 19:04:52.106" endtime="20260216 19:04:52.151"/>
</kw>
<msg timestamp="20260216 19:04:52.151" level="INFO">${response} = &lt;Response [202]&gt;</msg>
<status status="PASS" starttime="20260216 19:04:52.105" endtime="20260216 19:04:52.151"/>
</kw>
<kw name="Verify Response Status" library="keywords">
<arg>${response}</arg>
<arg>${HTTP_ACCEPTED}</arg>
<doc>Verify HTTP response status code</doc>
<kw name="Should Be Equal As Numbers" library="BuiltIn">
<arg>${response.status_code}</arg>
<arg>${expected_status}</arg>
<doc>Fails if objects are unequal after converting them to real numbers.</doc>
<msg timestamp="20260216 19:04:52.152" level="INFO">Argument types are:
&lt;class 'int'&gt;
&lt;class 'str'&gt;</msg>
<status status="PASS" starttime="20260216 19:04:52.151" endtime="20260216 19:04:52.152"/>
</kw>
<status status="PASS" starttime="20260216 19:04:52.151" endtime="20260216 19:04:52.152"/>
</kw>
<kw name="Get From Dictionary" library="Collections">
<var>${job_id}</var>
<arg>${response.json()}</arg>
<arg>id</arg>
<doc>Returns a value from the given ``dictionary`` based on the given ``key``.</doc>
<msg timestamp="20260216 19:04:52.152" level="INFO">${job_id} = 46374136-5639-48c2-8ded-1898eae9b3a9</msg>
<status status="PASS" starttime="20260216 19:04:52.152" endtime="20260216 19:04:52.152"/>
</kw>
<kw name="Sleep" library="BuiltIn">
<arg>2s</arg>
<arg>Wait for job to be processed</arg>
<doc>Pauses the test executed for the given time.</doc>
<msg timestamp="20260216 19:04:54.153" level="INFO">Slept 2 seconds</msg>
<msg timestamp="20260216 19:04:54.153" level="INFO">Wait for job to be processed</msg>
<status status="PASS" starttime="20260216 19:04:52.153" endtime="20260216 19:04:54.153"/>
</kw>
<kw name="Get Build Status" library="keywords">
<var>${status_response}</var>
<arg>${job_id}</arg>
<doc>Query build status by ID</doc>
<kw name="Create Dictionary" library="BuiltIn">
<var>${headers}</var>
<arg>Authorization=Bearer ${AUTH_TOKEN}</arg>
<doc>Creates and returns a dictionary based on the given ``items``.</doc>
<msg timestamp="20260216 19:04:54.154" level="INFO">${headers} = {'Authorization': 'Bearer test-auth-token'}</msg>
<status status="PASS" starttime="20260216 19:04:54.154" endtime="20260216 19:04:54.154"/>
</kw>
<kw name="GET On Session" library="RequestsLibrary">
<var>${response}</var>
<arg>api</arg>
<arg>/builds/${build_id}</arg>
<arg>headers=${headers}</arg>
<arg>expected_status=any</arg>
<doc>Sends a GET request on a previously created HTTP Session.</doc>
<msg timestamp="20260216 19:04:54.156" level="INFO">GET Request : url=http://localhost:8080/builds/46374136-5639-48c2-8ded-1898eae9b3a9 
 path_url=/builds/46374136-5639-48c2-8ded-1898eae9b3a9 
 headers={'User-Agent': 'python-requests/2.31.0', 'Accept-Encoding': 'gzip, deflate', 'Accept': '*/*', 'Connection': 'keep-alive', 'Authorization': 'Bearer test-auth-token'} 
 body=None 
 </msg>
<msg timestamp="20260216 19:04:54.156" level="INFO">GET Response : url=http://localhost:8080/builds/46374136-5639-48c2-8ded-1898eae9b3a9 
 status=401, reason=Unauthorized 
 headers={'Content-Type': 'application/json; charset=utf-8', 'Date': 'Mon, 16 Feb 2026 22:04:54 GMT', 'Content-Length': '40'} 
 body={"error":"invalid authentication token"} 
 </msg>
<msg timestamp="20260216 19:04:54.156" level="INFO">${response} = &lt;Response [401]&gt;</msg>
<status status="PASS" starttime="20260216 19:04:54.154" endtime="20260216 19:04:54.156"/>
</kw>
<msg timestamp="20260216 19:04:54.156" level="INFO">${status_response} = &lt;Response [401]&gt;</msg>
<status status="PASS" starttime="20260216 19:04:54.154" endtime="20260216 19:04:54.156"/>
</kw>
<kw name="Set Variable" library="BuiltIn">
<var>${job_data}</var>
<arg>${status_response.json()}</arg>
<doc>Returns the given values which can then be assigned to a variables.</doc>
<msg timestamp="20260216 19:04:54.157" level="INFO">${job_data} = {'error': 'invalid authentication token'}</msg>
<status status="PASS" starttime="20260216 19:04:54.156" endtime="20260216 19:04:54.157"/>
</kw>
<kw name="Get From Dictionary" library="Collections">
<var>${repo_info}</var>
<arg>${job_data}</arg>
<arg>repository</arg>
<doc>Returns a value from the given ``dictionary`` based on the given ``key``.</doc>
<msg timestamp="20260216 19:04:54.157" level="FAIL">Dictionary does not contain key 'repository'.</msg>
<status status="FAIL" starttime="20260216 19:04:54.157" endtime="20260216 19:04:54.157"/>
</kw>
<kw name="Get From Dictionary" library="Collections">
<var>${parsed_name}</var>
<arg>${repo_info}</arg>
<arg>name</arg>
<doc>Returns a value from the given ``dictionary`` based on the given ``key``.</doc>
<status status="NOT RUN" starttime="20260216 19:04:54.157" endtime="20260216 19:04:54.157"/>
</kw>
<kw name="Get From Dictionary" library="Collections">
<var>${parsed_owner}</var>
<arg>${repo_info}</arg>
<arg>owner</arg>
<doc>Returns a value from the given ``dictionary`` based on the given ``key``.</doc>
<status status="NOT RUN" starttime="20260216 19:04:54.157" endtime="20260216 19:04:54.157"/>
</kw>
<kw name="Get From Dictionary" library="Collections">
<var>${parsed_commit}</var>
<arg>${job_data}</arg>
<arg>commit_hash</arg>
<doc>Returns a value from the given ``dictionary`` based on the given ``key``.</doc>
<status status="NOT RUN" starttime="20260216 19:04:54.157" endtime="20260216 19:04:54.157"/>
</kw>
<kw name="Get From Dictionary" library="Collections">
<var>${parsed_branch}</var>
<arg>${job_data}</arg>
<arg>branch</arg>
<doc>Returns a value from the given ``dictionary`` based on the given ``key``.</doc>
<status status="NOT RUN" starttime="20260216 19:04:54.157" endtime="20260216 19:04:54.157"/>
</kw>
<kw name="Should Be Equal" library="BuiltIn">
<arg>${parsed_name}</arg>
<arg>${repo_name}</arg>
<doc>Fails if the given objects are unequal.</doc>
<status status="NOT RUN" starttime="20260216 19:04:54.158" endtime="20260216 19:04:54.158"/>
</kw>
<kw name="Should Be Equal" library="BuiltIn">
<arg>${parsed_owner}</arg>
<arg>test-owner</arg>
<doc>Fails if the given objects are unequal.</doc>
<status status="NOT RUN" starttime="20260216 19:04:54.158" endtime="20260216 19:04:54.158"/>
</kw>
<kw name="Should Be Equal" library="BuiltIn">
<arg>${parsed_commit}</arg>
<arg>${commit_hash}</arg>
<doc>Fails if the given objects are unequal.</doc>
<status status="NOT RUN" starttime="20260216 19:04:54.158" endtime="20260216 19:04:54.158"/>
</kw>
<kw name="Should Contain" library="BuiltIn">
<arg>${parsed_branch}</arg>
<arg>${branch}</arg>
<doc>Fails if ``container`` does not contain ``item`` one or more times.</doc>
<status status="NOT RUN" starttime="20260216 19:04:54.158" endtime="20260216 19:04:54.158"/>
</kw>
<doc>Test that webhook payload is correctly parsed
Validates: Requirements 1.2</doc>
<tag>parsing</tag>
<tag>webhook</tag>
<status status="FAIL" starttime="20260216 19:04:52.104" endtime="20260216 19:04:54.158">Dictionary does not contain key 'repository'.</status>
</test>
<test id="s1-s3-t6" name="Send Webhook With Malformed JSON" line="151">
<kw name="Set Variable" library="BuiltIn">
<var>${malformed_payload}</var>
<arg>{"ref": "refs/heads/main", "after": "abc123"</arg>
<doc>Returns the given values which can then be assigned to a variables.</doc>
<msg timestamp="20260216 19:04:54.159" level="INFO">${malformed_payload} = {"ref": "refs/heads/main", "after": "abc123"</msg>
<status status="PASS" starttime="20260216 19:04:54.159" endtime="20260216 19:04:54.159"/>
</kw>
<kw name="Generate HMAC Signature" library="keywords">
<var>${signature}</var>
<arg>${malformed_payload}</arg>
<arg>${GITHUB_SECRET}</arg>
<doc>Generate HMAC-SHA256 signature for webhook payload</doc>
<kw name="Evaluate" library="BuiltIn">
<var>${signature}</var>
<arg>__import__('hmac').new(b'${secret}', b'${payload}', __import__('hashlib').sha256).hexdigest()</arg>
<doc>Evaluates the given expression in Python and returns the result.</doc>
<msg timestamp="20260216 19:04:54.160" level="INFO">${signature} = b37acd3ab03824a9855d409a482c41689e21a014031595f5b37172a131eb8189</msg>
<status status="PASS" starttime="20260216 19:04:54.159" endtime="20260216 19:04:54.160"/>
</kw>
<msg timestamp="20260216 19:04:54.160" level="INFO">${signature} = sha256=b37acd3ab03824a9855d409a482c41689e21a014031595f5b37172a131eb8189</msg>
<status status="PASS" starttime="20260216 19:04:54.159" endtime="20260216 19:04:54.160"/>
</kw>
<kw name="Send Webhook" library="keywords">
<var>${response}</var>
<arg>${malformed_payload}</arg>
<arg>${signature}</arg>
<doc>Send webhook POST request to API</doc>
<kw name="Create Dictionary" library="BuiltIn">
<var>${headers}</var>
<arg>Content-Type=application/json</arg>
<arg>X-Hub-Signature-256=${signature}</arg>
<doc>Creates and returns a dictionary based on the given ``items``.</doc>
<msg timestamp="20260216 19:04:54.160" level="INFO">${headers} = {'Content-Type': 'application/json', 'X-Hub-Signature-256': 'sha256=b37acd3ab03824a9855d409a482c41689e21a014031595f5b37172a131eb8189'}</msg>
<status status="PASS" starttime="20260216 19:04:54.160" endtime="20260216 19:04:54.160"/>
</kw>
<kw name="POST On Session" library="RequestsLibrary">
<var>${response}</var>
<arg>api</arg>
<arg>/webhook</arg>
<arg>data=${payload}</arg>
<arg>headers=${headers}</arg>
<arg>expected_status=any</arg>
<doc>Sends a POST request on a previously created HTTP Session.</doc>
<msg timestamp="20260216 19:04:54.203" level="INFO">POST Request : url=http://localhost:8080/webhook 
 path_url=/webhook 
 headers={'User-Agent': 'python-requests/2.31.0', 'Accept-Encoding': 'gzip, deflate', 'Accept': '*/*', 'Connection': 'keep-alive', 'Content-Type': 'application/json', 'X-Hub-Signature-256': 'sha256=b37acd3ab03824a9855d409a482c41689e21a014031595f5b37172a131eb8189', 'Content-Length': '44'} 
 body={"ref": "refs/heads/main", "after": "abc123" 
 </msg>
<msg timestamp="20260216 19:04:54.203" level="INFO">POST Response : url=http://localhost:8080/webhook 
 status=400, reason=Bad Request 
 headers={'Content-Type': 'application/json; charset=utf-8', 'Date': 'Mon, 16 Feb 2026 22:04:54 GMT', 'Content-Length': '32'} 
 body={"error":"invalid JSON payload"} 
 </msg>
<msg timestamp="20260216 19:04:54.203" level="INFO">${response} = &lt;Response [400]&gt;</msg>
<status status="PASS" starttime="20260216 19:04:54.160" endtime="20260216 19:04:54.203"/>
</kw>
<msg timestamp="20260216 19:04:54.203" level="INFO">${response} = &lt;Response [400]&gt;</msg>
<status status="PASS" starttime="20260216 19:04:54.160" endtime="20260216 19:04:54.203"/>
</kw>
<kw name="Should Be True" library="BuiltIn">
<arg>${response.status_code} in [${HTTP_BAD_REQUEST}, ${HTTP_UNAUTHORIZED}]</arg>
<doc>Fails if the given condition is not true.</doc>
<status status="PASS" starttime="20260216 19:04:54.203" endtime="20260216 19:04:54.204"/>
</kw>
<doc>Test sending a webhook with malformed JSON payload
Validates: Requirements 1.3</doc>
<tag>negative</tag>
<tag>webhook</tag>
<status status="PASS" starttime="20260216 19:04:54.159" endtime="20260216 19:04:54.204"/>
</test>
<kw name="Teardown Test Environment" library="keywords" type="TEARDOWN">
<doc>Clean up test environment</doc>
<kw name="Delete All Sessions" library="RequestsLibrary">
<doc>Removes all the session objects</doc>
<msg timestamp="20260216 19:04:54.205" level="INFO">Deleting All Sessions</msg>
<status status="PASS" starttime="20260216 19:04:54.205" endtime="20260216 19:04:54.205"/>
</kw>
<status status="PASS" starttime="20260216 19:04:54.205" endtime="20260216 19:04:54.205"/>
</kw>
<doc>Integration tests for webhook handling</doc>
<status status="FAIL" starttime="20260216 19:04:47.834" endtime="20260216 19:04:54.205"/>
</suite>
<status status="FAIL" starttime="20260216 19:04:29.966" endtime="20260216 19:04:54.205"/>
</suite>
<statistics>
<total>
<stat pass="8" fail="17" skip="0">All Tests</stat>
</total>
<tag>
<stat pass="5" fail="6" skip="0">api</stat>
<stat pass="2" fail="1" skip="0">auth</stat>
<stat pass="0" fail="8" skip="0">build</stat>
<stat pass="0" fail="1" skip="0">cache</stat>
<stat pass="0" fail="1" skip="0">concurrency</stat>
<stat pass="1" fail="0" skip="0">content-type</stat>
<stat pass="0" fail="1" skip="0">detailed</stat>
<stat pass="0" fail="1" skip="0">dockerfile</stat>
<stat pass="0" fail="1" skip="0">dotnet</stat>
<stat pass="0" fail="3" skip="0">e2e</stat>
<stat pass="0" fail="1" skip="0">go</stat>
<stat pass="0" fail="2" skip="0">happy-path</stat>
<stat pass="1" fail="0" skip="0">health</stat>
<stat pass="0" fail="1" skip="0">java</stat>
<stat pass="0" fail="1" skip="0">list</stat>
<stat pass="0" fail="1" skip="0">logging</stat>
<stat pass="5" fail="3" skip="0">negative</stat>
<stat pass="0" fail="1" skip="0">parsing</stat>
<stat pass="1" fail="0" skip="0">performance</stat>
<stat pass="0" fail="1" skip="0">phases</stat>
<stat pass="4" fail="1" skip="0">security</stat>
<stat pass="0" fail="3" skip="0">status</stat>
<stat pass="0" fail="1" skip="0">status-codes</stat>
<stat pass="3" fail="3" skip="0">webhook</stat>
</tag>
<suite>
<stat pass="8" fail="17" skip="0" id="s1" name="Integration">Integration</stat>
<stat pass="5" fail="6" skip="0" id="s1-s1" name="Api">Integration.Api</stat>
<stat pass="0" fail="8" skip="0" id="s1-s2" name="Build">Integration.Build</stat>
<stat pass="3" fail="3" skip="0" id="s1-s3" name="Webhook">Integration.Webhook</stat>
</suite>
</statistics>
<errors>
</errors>
</robot>
