<?xml version="1.0" encoding="UTF-8"?>
<robot generator="Robot 6.1.1 (Python 3.13.5 on win32)" generated="20260218 22:23:51.520" rpa="false" schemaversion="4">
<suite id="s1" name="Api" source="C:\sources\build-system\tests\integration\api.robot">
<kw name="Setup Test Environment" library="keywords" type="SETUP">
<doc>Initialize test environment and create HTTP session</doc>
<msg timestamp="20260218 22:23:51.603" level="TRACE">Arguments: [  ]</msg>
<kw name="Create Session" library="RequestsLibrary">
<arg>api</arg>
<arg>${API_BASE_URL}</arg>
<arg>verify=False</arg>
<doc>Create Session: create a HTTP session to a server</doc>
<msg timestamp="20260218 22:23:51.604" level="TRACE">Arguments: [ 'api' | 'http://localhost:8080' | verify=False ]</msg>
<msg timestamp="20260218 22:23:51.604" level="INFO">Creating Session using : alias=api, url=http://localhost:8080, headers={},                     cookies={}, auth=None, timeout=None, proxies=None, verify=False,                     debug=0 </msg>
<msg timestamp="20260218 22:23:51.604" level="DEBUG">Creating session: api</msg>
<msg timestamp="20260218 22:23:51.604" level="TRACE">Return: &lt;requests.sessions.Session object at 0x000001CF6718E660&gt;</msg>
<status status="PASS" starttime="20260218 22:23:51.603" endtime="20260218 22:23:51.604"/>
</kw>
<msg timestamp="20260218 22:23:51.604" level="TRACE">Return: None</msg>
<status status="PASS" starttime="20260218 22:23:51.603" endtime="20260218 22:23:51.604"/>
</kw>
<test id="s1-t1" name="Query Status Of Existing Build" line="9">
<kw name="Generate Random Commit Hash" library="keywords">
<var>${commit_hash}</var>
<doc>Generate a random 40-character hex string (like git commit hash)</doc>
<msg timestamp="20260218 22:23:51.604" level="TRACE">Arguments: [  ]</msg>
<kw name="Evaluate" library="BuiltIn">
<var>${hash}</var>
<arg>__import__('secrets').token_hex(20)</arg>
<doc>Evaluates the given expression in Python and returns the result.</doc>
<msg timestamp="20260218 22:23:51.604" level="TRACE">Arguments: [ "__import__('secrets').token_hex(20)" ]</msg>
<msg timestamp="20260218 22:23:51.606" level="TRACE">Return: '673aab60d746ec646294f6abb633a495ae4c15cc'</msg>
<msg timestamp="20260218 22:23:51.606" level="INFO">${hash} = 673aab60d746ec646294f6abb633a495ae4c15cc</msg>
<status status="PASS" starttime="20260218 22:23:51.604" endtime="20260218 22:23:51.606"/>
</kw>
<msg timestamp="20260218 22:23:51.606" level="TRACE">Return: '673aab60d746ec646294f6abb633a495ae4c15cc'</msg>
<msg timestamp="20260218 22:23:51.606" level="INFO">${commit_hash} = 673aab60d746ec646294f6abb633a495ae4c15cc</msg>
<status status="PASS" starttime="20260218 22:23:51.604" endtime="20260218 22:23:51.606"/>
</kw>
<kw name="Create Webhook Payload" library="keywords">
<var>${payload}</var>
<arg>${TEST_REPO_JAVA}</arg>
<arg>${commit_hash}</arg>
<arg>main</arg>
<doc>Create a valid GitHub webhook payload</doc>
<msg timestamp="20260218 22:23:51.606" level="TRACE">Arguments: [ ${repo_name}='sample-java-repo' | ${commit_hash}='673aab60d746ec646294f6abb633a495ae4c15cc' | ${branch}='main' ]</msg>
<kw name="Catenate" library="BuiltIn">
<var>${payload}</var>
<arg>SEPARATOR=</arg>
<arg>{</arg>
<arg>"ref": "refs/heads/${branch}",</arg>
<arg>"after": "${commit_hash}",</arg>
<arg>"repository": {</arg>
<arg>"name": "${repo_name}",</arg>
<arg>"full_name": "test-owner/${repo_name}",</arg>
<arg>"clone_url": "https://github.com/test-owner/${repo_name}.git",</arg>
<arg>"owner": {"login": "test-owner"}</arg>
<arg>},</arg>
<arg>"head_commit": {</arg>
<arg>"id": "${commit_hash}",</arg>
<arg>"message": "Test commit",</arg>
<arg>"author": {"name": "Test Author", "email": "test@example.com"}</arg>
<arg>}</arg>
<arg>}</arg>
<doc>Catenates the given items together and returns the resulted string.</doc>
<msg timestamp="20260218 22:23:51.606" level="TRACE">Arguments: [ 'SEPARATOR=' | '{' | '"ref": "refs/heads/main",' | '"after": "673aab60d746ec646294f6abb633a495ae4c15cc",' | '"repository": {' | '"name": "sample-java-repo",' | '"full_name": "test-owner/sample-java-repo",' | '"clone_url": "https://github.com/test-owner/sample-java-repo.git",' | '"owner": {"login": "test-owner"}' | '},' | '"head_commit": {' | '"id": "673aab60d746ec646294f6abb633a495ae4c15cc",' | '"message": "Test commit",' | '"author": {"name": "Test Author", "email": "test@example.com"}' | '}' | '}' ]</msg>
<msg timestamp="20260218 22:23:51.606" level="TRACE">Return: '{"ref": "refs/heads/main","after": "673aab60d746ec646294f6abb633a495ae4c15cc","repository": {"name": "sample-java-repo","full_name": "test-owner/sample-java-repo","clone_url": "https://github.com/test-owner/sample-java-repo.git","owner": {"login": "test-owner"}},"head_commit": {"id": "673aab60d746ec646294f6abb633a495ae4c15cc","message": "Test commit","author": {"name": "Test Author", "email": "test@example.com"}}}'</msg>
<msg timestamp="20260218 22:23:51.606" level="INFO">${payload} = {"ref": "refs/heads/main","after": "673aab60d746ec646294f6abb633a495ae4c15cc","repository": {"name": "sample-java-repo","full_name": "test-owner/sample-java-repo","clone_url": "https://github.com/test...</msg>
<status status="PASS" starttime="20260218 22:23:51.606" endtime="20260218 22:23:51.606"/>
</kw>
<msg timestamp="20260218 22:23:51.606" level="TRACE">Return: '{"ref": "refs/heads/main","after": "673aab60d746ec646294f6abb633a495ae4c15cc","repository": {"name": "sample-java-repo","full_name": "test-owner/sample-java-repo","clone_url": "https://github.com/test-owner/sample-java-repo.git","owner": {"login": "test-owner"}},"head_commit": {"id": "673aab60d746ec646294f6abb633a495ae4c15cc","message": "Test commit","author": {"name": "Test Author", "email": "test@example.com"}}}'</msg>
<msg timestamp="20260218 22:23:51.606" level="INFO">${payload} = {"ref": "refs/heads/main","after": "673aab60d746ec646294f6abb633a495ae4c15cc","repository": {"name": "sample-java-repo","full_name": "test-owner/sample-java-repo","clone_url": "https://github.com/test...</msg>
<status status="PASS" starttime="20260218 22:23:51.606" endtime="20260218 22:23:51.606"/>
</kw>
<kw name="Generate HMAC Signature" library="keywords">
<var>${signature}</var>
<arg>${payload}</arg>
<arg>${GITHUB_SECRET}</arg>
<doc>Generate HMAC-SHA256 signature for webhook payload</doc>
<msg timestamp="20260218 22:23:51.607" level="TRACE">Arguments: [ ${payload}='{"ref": "refs/heads/main","after": "673aab60d746ec646294f6abb633a495ae4c15cc","repository": {"name": "sample-java-repo","full_name": "test-owner/sample-java-repo","clone_url": "https://github.com/test-owner/sample-java-repo.git","owner": {"login": "test-owner"}},"head_commit": {"id": "673aab60d746ec646294f6abb633a495ae4c15cc","message": "Test commit","author": {"name": "Test Author", "email": "test@example.com"}}}' | ${secret}='test-secret-key' ]</msg>
<kw name="Evaluate" library="BuiltIn">
<var>${signature}</var>
<arg>__import__('hmac').new($secret.encode(), $payload.encode(), __import__('hashlib').sha256).hexdigest()</arg>
<doc>Evaluates the given expression in Python and returns the result.</doc>
<msg timestamp="20260218 22:23:51.607" level="TRACE">Arguments: [ "__import__('hmac').new($secret.encode(), $payload.encode(), __import__('hashlib').sha256).hexdigest()" ]</msg>
<msg timestamp="20260218 22:23:51.607" level="TRACE">Return: '6c515fc60ca7c302af6aa58dcd89aa628762bdd095486322feec08655e81fca1'</msg>
<msg timestamp="20260218 22:23:51.607" level="INFO">${signature} = 6c515fc60ca7c302af6aa58dcd89aa628762bdd095486322feec08655e81fca1</msg>
<status status="PASS" starttime="20260218 22:23:51.607" endtime="20260218 22:23:51.607"/>
</kw>
<msg timestamp="20260218 22:23:51.607" level="TRACE">Return: 'sha256=6c515fc60ca7c302af6aa58dcd89aa628762bdd095486322feec08655e81fca1'</msg>
<msg timestamp="20260218 22:23:51.607" level="INFO">${signature} = sha256=6c515fc60ca7c302af6aa58dcd89aa628762bdd095486322feec08655e81fca1</msg>
<status status="PASS" starttime="20260218 22:23:51.607" endtime="20260218 22:23:51.607"/>
</kw>
<kw name="Send Webhook" library="keywords">
<var>${response}</var>
<arg>${payload}</arg>
<arg>${signature}</arg>
<doc>Send webhook POST request to API</doc>
<msg timestamp="20260218 22:23:51.608" level="TRACE">Arguments: [ ${payload}='{"ref": "refs/heads/main","after": "673aab60d746ec646294f6abb633a495ae4c15cc","repository": {"name": "sample-java-repo","full_name": "test-owner/sample-java-repo","clone_url": "https://github.com/test-owner/sample-java-repo.git","owner": {"login": "test-owner"}},"head_commit": {"id": "673aab60d746ec646294f6abb633a495ae4c15cc","message": "Test commit","author": {"name": "Test Author", "email": "test@example.com"}}}' | ${signature}='sha256=6c515fc60ca7c302af6aa58dcd89aa628762bdd095486322feec08655e81fca1' ]</msg>
<kw name="Create Dictionary" library="BuiltIn">
<var>${headers}</var>
<arg>Content-Type=application/json</arg>
<arg>X-Hub-Signature-256=${signature}</arg>
<arg>Authorization=Bearer ${AUTH_TOKEN}</arg>
<doc>Creates and returns a dictionary based on the given ``items``.</doc>
<msg timestamp="20260218 22:23:51.608" level="TRACE">Arguments: [ 'Content-Type=application/json' | 'X-Hub-Signature-256=${signature}' | 'Authorization=Bearer ${AUTH_TOKEN}' ]</msg>
<msg timestamp="20260218 22:23:51.608" level="TRACE">Return: {'Authorization': 'Bearer test-auth-token',
 'Content-Type': 'application/json',
 'X-Hub-Signature-256': 'sha256=6c515fc60ca7c302af6aa58dcd89aa628762bdd095486322feec08655e81fca1'}</msg>
<msg timestamp="20260218 22:23:51.608" level="INFO">${headers} = {'Content-Type': 'application/json', 'X-Hub-Signature-256': 'sha256=6c515fc60ca7c302af6aa58dcd89aa628762bdd095486322feec08655e81fca1', 'Authorization': 'Bearer test-auth-token'}</msg>
<status status="PASS" starttime="20260218 22:23:51.608" endtime="20260218 22:23:51.608"/>
</kw>
<kw name="POST On Session" library="RequestsLibrary">
<var>${response}</var>
<arg>api</arg>
<arg>/webhook</arg>
<arg>data=${payload}</arg>
<arg>headers=${headers}</arg>
<arg>expected_status=any</arg>
<doc>Sends a POST request on a previously created HTTP Session.</doc>
<msg timestamp="20260218 22:23:51.608" level="TRACE">Arguments: [ 'api' | '/webhook' | data='{"ref": "refs/heads/main","after": "673aab60d746ec646294f6abb633a495ae4c15cc","repository": {"name": "sample-java-repo","full_name": "test-owner/sample-java-repo","clone_url": "https://github.com/test-owner/sample-java-repo.git","owner": {"login": "test-owner"}},"head_commit": {"id": "673aab60d746ec646294f6abb633a495ae4c15cc","message": "Test commit","author": {"name": "Test Author", "email": "test@example.com"}}}' | headers={'Authorization': 'Bearer test-auth-token',
 'Content-Type': 'application/json',
 'X-Hub-Signature-256': 'sha256=6c515fc60ca7c302af6aa58dcd89aa628762bdd095486322feec08655e81fca1'} | expected_status='any' ]</msg>
<msg timestamp="20260218 22:23:51.609" level="DEBUG">Starting new HTTP connection (1): localhost:8080</msg>
<msg timestamp="20260218 22:23:51.615" level="DEBUG">http://localhost:8080 "POST /webhook HTTP/1.1" 202 109</msg>
<msg timestamp="20260218 22:23:51.615" level="INFO">POST Request : url=http://localhost:8080/webhook 
 path_url=/webhook 
 headers={'User-Agent': 'python-requests/2.31.0', 'Accept-Encoding': 'gzip, deflate', 'Accept': '*/*', 'Connection': 'keep-alive', 'Content-Type': 'application/json', 'X-Hub-Signature-256': 'sha256=6c515fc60ca7c302af6aa58dcd89aa628762bdd095486322feec08655e81fca1', 'Authorization': 'Bearer test-auth-token', 'Content-Length': '417'} 
 body={"ref": "refs/heads/main","after": "673aab60d746ec646294f6abb633a495ae4c15cc","repository": {"name": "sample-java-repo","full_name": "test-owner/sample-java-repo","clone_url": "https://github.com/test-owner/sample-java-repo.git","owner": {"login": "test-owner"}},"head_commit": {"id": "673aab60d746ec646294f6abb633a495ae4c15cc","message": "Test commit","author": {"name": "Test Author", "email": "test@example.com"}}} 
 </msg>
<msg timestamp="20260218 22:23:51.615" level="INFO">POST Response : url=http://localhost:8080/webhook 
 status=202, reason=Accepted 
 headers={'Content-Type': 'application/json; charset=utf-8', 'Date': 'Thu, 19 Feb 2026 01:23:50 GMT', 'Content-Length': '109'} 
 body={"id":"9604a826-8df4-4aa6-937f-92a50f156bc4","status":"accepted","message":"build job enqueued successfully"} 
 </msg>
<msg timestamp="20260218 22:23:51.615" level="TRACE">Return: &lt;Response [202]&gt;</msg>
<msg timestamp="20260218 22:23:51.615" level="INFO">${response} = &lt;Response [202]&gt;</msg>
<status status="PASS" starttime="20260218 22:23:51.608" endtime="20260218 22:23:51.615"/>
</kw>
<msg timestamp="20260218 22:23:51.615" level="TRACE">Return: &lt;Response [202]&gt;</msg>
<msg timestamp="20260218 22:23:51.615" level="INFO">${response} = &lt;Response [202]&gt;</msg>
<status status="PASS" starttime="20260218 22:23:51.607" endtime="20260218 22:23:51.615"/>
</kw>
<kw name="Verify Response Status" library="keywords">
<arg>${response}</arg>
<arg>${HTTP_ACCEPTED}</arg>
<doc>Verify HTTP response status code</doc>
<msg timestamp="20260218 22:23:51.616" level="TRACE">Arguments: [ ${response}=&lt;Response [202]&gt; | ${expected_status}='202' ]</msg>
<kw name="Should Be Equal As Numbers" library="BuiltIn">
<arg>${response.status_code}</arg>
<arg>${expected_status}</arg>
<doc>Fails if objects are unequal after converting them to real numbers.</doc>
<msg timestamp="20260218 22:23:51.616" level="TRACE">Arguments: [ 202 | '202' ]</msg>
<msg timestamp="20260218 22:23:51.616" level="INFO">Argument types are:
&lt;class 'int'&gt;
&lt;class 'str'&gt;</msg>
<msg timestamp="20260218 22:23:51.616" level="TRACE">Return: None</msg>
<status status="PASS" starttime="20260218 22:23:51.616" endtime="20260218 22:23:51.616"/>
</kw>
<msg timestamp="20260218 22:23:51.616" level="TRACE">Return: None</msg>
<status status="PASS" starttime="20260218 22:23:51.615" endtime="20260218 22:23:51.616"/>
</kw>
<kw name="Get From Dictionary" library="Collections">
<var>${job_id}</var>
<arg>${response.json()}</arg>
<arg>id</arg>
<doc>Returns a value from the given ``dictionary`` based on the given ``key``.</doc>
<msg timestamp="20260218 22:23:51.617" level="TRACE">Arguments: [ {'id': '9604a826-8df4-4aa6-937f-92a50f156bc4',
 'message': 'build job enqueued successfully',
 'status': 'accepted'} | 'id' ]</msg>
<msg timestamp="20260218 22:23:51.617" level="TRACE">Return: '9604a826-8df4-4aa6-937f-92a50f156bc4'</msg>
<msg timestamp="20260218 22:23:51.617" level="INFO">${job_id} = 9604a826-8df4-4aa6-937f-92a50f156bc4</msg>
<status status="PASS" starttime="20260218 22:23:51.616" endtime="20260218 22:23:51.617"/>
</kw>
<kw name="Sleep" library="BuiltIn">
<arg>2s</arg>
<arg>Wait for job to be processed</arg>
<doc>Pauses the test executed for the given time.</doc>
<msg timestamp="20260218 22:23:51.617" level="TRACE">Arguments: [ '2s' | 'Wait for job to be processed' ]</msg>
<msg timestamp="20260218 22:23:53.617" level="INFO">Slept 2 seconds</msg>
<msg timestamp="20260218 22:23:53.617" level="INFO">Wait for job to be processed</msg>
<msg timestamp="20260218 22:23:53.617" level="TRACE">Return: None</msg>
<status status="PASS" starttime="20260218 22:23:51.617" endtime="20260218 22:23:53.617"/>
</kw>
<kw name="Get Build Status" library="keywords">
<var>${status_response}</var>
<arg>${job_id}</arg>
<doc>Query build status by ID</doc>
<msg timestamp="20260218 22:23:53.618" level="TRACE">Arguments: [ ${build_id}='9604a826-8df4-4aa6-937f-92a50f156bc4' ]</msg>
<kw name="Create Dictionary" library="BuiltIn">
<var>${headers}</var>
<arg>Authorization=Bearer ${AUTH_TOKEN}</arg>
<doc>Creates and returns a dictionary based on the given ``items``.</doc>
<msg timestamp="20260218 22:23:53.618" level="TRACE">Arguments: [ 'Authorization=Bearer ${AUTH_TOKEN}' ]</msg>
<msg timestamp="20260218 22:23:53.618" level="TRACE">Return: {'Authorization': 'Bearer test-auth-token'}</msg>
<msg timestamp="20260218 22:23:53.618" level="INFO">${headers} = {'Authorization': 'Bearer test-auth-token'}</msg>
<status status="PASS" starttime="20260218 22:23:53.618" endtime="20260218 22:23:53.618"/>
</kw>
<kw name="GET On Session" library="RequestsLibrary">
<var>${response}</var>
<arg>api</arg>
<arg>/builds/${build_id}</arg>
<arg>headers=${headers}</arg>
<arg>expected_status=any</arg>
<doc>Sends a GET request on a previously created HTTP Session.</doc>
<msg timestamp="20260218 22:23:53.618" level="TRACE">Arguments: [ 'api' | '/builds/9604a826-8df4-4aa6-937f-92a50f156bc4' | headers={'Authorization': 'Bearer test-auth-token'} | expected_status='any' ]</msg>
<msg timestamp="20260218 22:23:53.620" level="DEBUG">http://localhost:8080 "GET /builds/9604a826-8df4-4aa6-937f-92a50f156bc4 HTTP/1.1" 401 40</msg>
<msg timestamp="20260218 22:23:53.620" level="INFO">GET Request : url=http://localhost:8080/builds/9604a826-8df4-4aa6-937f-92a50f156bc4 
 path_url=/builds/9604a826-8df4-4aa6-937f-92a50f156bc4 
 headers={'User-Agent': 'python-requests/2.31.0', 'Accept-Encoding': 'gzip, deflate', 'Accept': '*/*', 'Connection': 'keep-alive', 'Authorization': 'Bearer test-auth-token'} 
 body=None 
 </msg>
<msg timestamp="20260218 22:23:53.620" level="INFO">GET Response : url=http://localhost:8080/builds/9604a826-8df4-4aa6-937f-92a50f156bc4 
 status=401, reason=Unauthorized 
 headers={'Content-Type': 'application/json; charset=utf-8', 'Date': 'Thu, 19 Feb 2026 01:23:53 GMT', 'Content-Length': '40'} 
 body={"error":"invalid authentication token"} 
 </msg>
<msg timestamp="20260218 22:23:53.620" level="TRACE">Return: &lt;Response [401]&gt;</msg>
<msg timestamp="20260218 22:23:53.620" level="INFO">${response} = &lt;Response [401]&gt;</msg>
<status status="PASS" starttime="20260218 22:23:53.618" endtime="20260218 22:23:53.620"/>
</kw>
<msg timestamp="20260218 22:23:53.620" level="TRACE">Return: &lt;Response [401]&gt;</msg>
<msg timestamp="20260218 22:23:53.620" level="INFO">${status_response} = &lt;Response [401]&gt;</msg>
<status status="PASS" starttime="20260218 22:23:53.618" endtime="20260218 22:23:53.620"/>
</kw>
<kw name="Verify Response Status" library="keywords">
<arg>${status_response}</arg>
<arg>${HTTP_OK}</arg>
<doc>Verify HTTP response status code</doc>
<msg timestamp="20260218 22:23:53.621" level="TRACE">Arguments: [ ${response}=&lt;Response [401]&gt; | ${expected_status}='200' ]</msg>
<kw name="Should Be Equal As Numbers" library="BuiltIn">
<arg>${response.status_code}</arg>
<arg>${expected_status}</arg>
<doc>Fails if objects are unequal after converting them to real numbers.</doc>
<msg timestamp="20260218 22:23:53.621" level="TRACE">Arguments: [ 401 | '200' ]</msg>
<msg timestamp="20260218 22:23:53.621" level="INFO">Argument types are:
&lt;class 'int'&gt;
&lt;class 'str'&gt;</msg>
<msg timestamp="20260218 22:23:53.621" level="FAIL">401.0 != 200.0</msg>
<msg timestamp="20260218 22:23:53.621" level="DEBUG">Traceback (most recent call last):
  None
AssertionError: 401.0 != 200.0</msg>
<status status="FAIL" starttime="20260218 22:23:53.621" endtime="20260218 22:23:53.621"/>
</kw>
<status status="FAIL" starttime="20260218 22:23:53.621" endtime="20260218 22:23:53.621"/>
</kw>
<kw name="Verify JSON Response" library="keywords">
<arg>${status_response}</arg>
<doc>Verify response contains valid JSON</doc>
<status status="NOT RUN" starttime="20260218 22:23:53.622" endtime="20260218 22:23:53.622"/>
</kw>
<kw name="Set Variable" library="BuiltIn">
<var>${job_data}</var>
<arg>${status_response.json()}</arg>
<doc>Returns the given values which can then be assigned to a variables.</doc>
<status status="NOT RUN" starttime="20260218 22:23:53.622" endtime="20260218 22:23:53.622"/>
</kw>
<kw name="Dictionary Should Contain Key" library="Collections">
<arg>${job_data}</arg>
<arg>id</arg>
<doc>Fails if ``key`` is not found from ``dictionary``.</doc>
<status status="NOT RUN" starttime="20260218 22:23:53.622" endtime="20260218 22:23:53.622"/>
</kw>
<kw name="Dictionary Should Contain Key" library="Collections">
<arg>${job_data}</arg>
<arg>status</arg>
<doc>Fails if ``key`` is not found from ``dictionary``.</doc>
<status status="NOT RUN" starttime="20260218 22:23:53.622" endtime="20260218 22:23:53.622"/>
</kw>
<kw name="Dictionary Should Contain Key" library="Collections">
<arg>${job_data}</arg>
<arg>repository</arg>
<doc>Fails if ``key`` is not found from ``dictionary``.</doc>
<status status="NOT RUN" starttime="20260218 22:23:53.622" endtime="20260218 22:23:53.622"/>
</kw>
<kw name="Dictionary Should Contain Key" library="Collections">
<arg>${job_data}</arg>
<arg>commit_hash</arg>
<doc>Fails if ``key`` is not found from ``dictionary``.</doc>
<status status="NOT RUN" starttime="20260218 22:23:53.623" endtime="20260218 22:23:53.623"/>
</kw>
<kw name="Dictionary Should Contain Key" library="Collections">
<arg>${job_data}</arg>
<arg>created_at</arg>
<doc>Fails if ``key`` is not found from ``dictionary``.</doc>
<status status="NOT RUN" starttime="20260218 22:23:53.623" endtime="20260218 22:23:53.623"/>
</kw>
<kw name="Get From Dictionary" library="Collections">
<var>${returned_id}</var>
<arg>${job_data}</arg>
<arg>id</arg>
<doc>Returns a value from the given ``dictionary`` based on the given ``key``.</doc>
<status status="NOT RUN" starttime="20260218 22:23:53.623" endtime="20260218 22:23:53.623"/>
</kw>
<kw name="Should Be Equal" library="BuiltIn">
<arg>${returned_id}</arg>
<arg>${job_id}</arg>
<doc>Fails if the given objects are unequal.</doc>
<status status="NOT RUN" starttime="20260218 22:23:53.623" endtime="20260218 22:23:53.623"/>
</kw>
<doc>Test querying status of an existing build
Validates: Requirements 8.1, 8.2</doc>
<tag>api</tag>
<tag>happy-path</tag>
<tag>status</tag>
<status status="FAIL" starttime="20260218 22:23:51.604" endtime="20260218 22:23:53.623">401.0 != 200.0</status>
</test>
<test id="s1-t2" name="Query Status Of Non-Existent Build" line="43">
<kw name="Set Variable" library="BuiltIn">
<var>${fake_job_id}</var>
<arg>non-existent-job-id-12345</arg>
<doc>Returns the given values which can then be assigned to a variables.</doc>
<msg timestamp="20260218 22:23:53.624" level="TRACE">Arguments: [ 'non-existent-job-id-12345' ]</msg>
<msg timestamp="20260218 22:23:53.624" level="TRACE">Return: 'non-existent-job-id-12345'</msg>
<msg timestamp="20260218 22:23:53.624" level="INFO">${fake_job_id} = non-existent-job-id-12345</msg>
<status status="PASS" starttime="20260218 22:23:53.624" endtime="20260218 22:23:53.624"/>
</kw>
<kw name="Get Build Status" library="keywords">
<var>${response}</var>
<arg>${fake_job_id}</arg>
<doc>Query build status by ID</doc>
<msg timestamp="20260218 22:23:53.625" level="TRACE">Arguments: [ ${build_id}='non-existent-job-id-12345' ]</msg>
<kw name="Create Dictionary" library="BuiltIn">
<var>${headers}</var>
<arg>Authorization=Bearer ${AUTH_TOKEN}</arg>
<doc>Creates and returns a dictionary based on the given ``items``.</doc>
<msg timestamp="20260218 22:23:53.625" level="TRACE">Arguments: [ 'Authorization=Bearer ${AUTH_TOKEN}' ]</msg>
<msg timestamp="20260218 22:23:53.625" level="TRACE">Return: {'Authorization': 'Bearer test-auth-token'}</msg>
<msg timestamp="20260218 22:23:53.625" level="INFO">${headers} = {'Authorization': 'Bearer test-auth-token'}</msg>
<status status="PASS" starttime="20260218 22:23:53.625" endtime="20260218 22:23:53.625"/>
</kw>
<kw name="GET On Session" library="RequestsLibrary">
<var>${response}</var>
<arg>api</arg>
<arg>/builds/${build_id}</arg>
<arg>headers=${headers}</arg>
<arg>expected_status=any</arg>
<doc>Sends a GET request on a previously created HTTP Session.</doc>
<msg timestamp="20260218 22:23:53.625" level="TRACE">Arguments: [ 'api' | '/builds/non-existent-job-id-12345' | headers={'Authorization': 'Bearer test-auth-token'} | expected_status='any' ]</msg>
<msg timestamp="20260218 22:23:53.626" level="DEBUG">http://localhost:8080 "GET /builds/non-existent-job-id-12345 HTTP/1.1" 401 40</msg>
<msg timestamp="20260218 22:23:53.627" level="INFO">GET Request : url=http://localhost:8080/builds/non-existent-job-id-12345 
 path_url=/builds/non-existent-job-id-12345 
 headers={'User-Agent': 'python-requests/2.31.0', 'Accept-Encoding': 'gzip, deflate', 'Accept': '*/*', 'Connection': 'keep-alive', 'Authorization': 'Bearer test-auth-token'} 
 body=None 
 </msg>
<msg timestamp="20260218 22:23:53.627" level="INFO">GET Response : url=http://localhost:8080/builds/non-existent-job-id-12345 
 status=401, reason=Unauthorized 
 headers={'Content-Type': 'application/json; charset=utf-8', 'Date': 'Thu, 19 Feb 2026 01:23:53 GMT', 'Content-Length': '40'} 
 body={"error":"invalid authentication token"} 
 </msg>
<msg timestamp="20260218 22:23:53.627" level="TRACE">Return: &lt;Response [401]&gt;</msg>
<msg timestamp="20260218 22:23:53.627" level="INFO">${response} = &lt;Response [401]&gt;</msg>
<status status="PASS" starttime="20260218 22:23:53.625" endtime="20260218 22:23:53.627"/>
</kw>
<msg timestamp="20260218 22:23:53.627" level="TRACE">Return: &lt;Response [401]&gt;</msg>
<msg timestamp="20260218 22:23:53.627" level="INFO">${response} = &lt;Response [401]&gt;</msg>
<status status="PASS" starttime="20260218 22:23:53.624" endtime="20260218 22:23:53.627"/>
</kw>
<kw name="Verify Response Status" library="keywords">
<arg>${response}</arg>
<arg>${HTTP_NOT_FOUND}</arg>
<doc>Verify HTTP response status code</doc>
<msg timestamp="20260218 22:23:53.627" level="TRACE">Arguments: [ ${response}=&lt;Response [401]&gt; | ${expected_status}='404' ]</msg>
<kw name="Should Be Equal As Numbers" library="BuiltIn">
<arg>${response.status_code}</arg>
<arg>${expected_status}</arg>
<doc>Fails if objects are unequal after converting them to real numbers.</doc>
<msg timestamp="20260218 22:23:53.628" level="TRACE">Arguments: [ 401 | '404' ]</msg>
<msg timestamp="20260218 22:23:53.628" level="INFO">Argument types are:
&lt;class 'int'&gt;
&lt;class 'str'&gt;</msg>
<msg timestamp="20260218 22:23:53.628" level="FAIL">401.0 != 404.0</msg>
<msg timestamp="20260218 22:23:53.628" level="DEBUG">Traceback (most recent call last):
  None
AssertionError: 401.0 != 404.0</msg>
<status status="FAIL" starttime="20260218 22:23:53.627" endtime="20260218 22:23:53.628"/>
</kw>
<status status="FAIL" starttime="20260218 22:23:53.627" endtime="20260218 22:23:53.628"/>
</kw>
<doc>Test querying status of a build that doesn't exist
Validates: Requirements 8.1, 8.5</doc>
<tag>api</tag>
<tag>negative</tag>
<tag>status</tag>
<status status="FAIL" starttime="20260218 22:23:53.624" endtime="20260218 22:23:53.628">401.0 != 404.0</status>
</test>
<test id="s1-t3" name="List Build History" line="55">
<kw name="Generate Random Commit Hash" library="keywords">
<var>${commit_hash_1}</var>
<doc>Generate a random 40-character hex string (like git commit hash)</doc>
<msg timestamp="20260218 22:23:53.629" level="TRACE">Arguments: [  ]</msg>
<kw name="Evaluate" library="BuiltIn">
<var>${hash}</var>
<arg>__import__('secrets').token_hex(20)</arg>
<doc>Evaluates the given expression in Python and returns the result.</doc>
<msg timestamp="20260218 22:23:53.629" level="TRACE">Arguments: [ "__import__('secrets').token_hex(20)" ]</msg>
<msg timestamp="20260218 22:23:53.629" level="TRACE">Return: '5e3698a7d0cb018d2a7343f186811cc607094a38'</msg>
<msg timestamp="20260218 22:23:53.629" level="INFO">${hash} = 5e3698a7d0cb018d2a7343f186811cc607094a38</msg>
<status status="PASS" starttime="20260218 22:23:53.629" endtime="20260218 22:23:53.629"/>
</kw>
<msg timestamp="20260218 22:23:53.629" level="TRACE">Return: '5e3698a7d0cb018d2a7343f186811cc607094a38'</msg>
<msg timestamp="20260218 22:23:53.629" level="INFO">${commit_hash_1} = 5e3698a7d0cb018d2a7343f186811cc607094a38</msg>
<status status="PASS" starttime="20260218 22:23:53.629" endtime="20260218 22:23:53.629"/>
</kw>
<kw name="Generate Random Commit Hash" library="keywords">
<var>${commit_hash_2}</var>
<doc>Generate a random 40-character hex string (like git commit hash)</doc>
<msg timestamp="20260218 22:23:53.629" level="TRACE">Arguments: [  ]</msg>
<kw name="Evaluate" library="BuiltIn">
<var>${hash}</var>
<arg>__import__('secrets').token_hex(20)</arg>
<doc>Evaluates the given expression in Python and returns the result.</doc>
<msg timestamp="20260218 22:23:53.629" level="TRACE">Arguments: [ "__import__('secrets').token_hex(20)" ]</msg>
<msg timestamp="20260218 22:23:53.629" level="TRACE">Return: 'c7d30033a7b20de6345f9c1ae944ab2f59d180e0'</msg>
<msg timestamp="20260218 22:23:53.629" level="INFO">${hash} = c7d30033a7b20de6345f9c1ae944ab2f59d180e0</msg>
<status status="PASS" starttime="20260218 22:23:53.629" endtime="20260218 22:23:53.629"/>
</kw>
<msg timestamp="20260218 22:23:53.630" level="TRACE">Return: 'c7d30033a7b20de6345f9c1ae944ab2f59d180e0'</msg>
<msg timestamp="20260218 22:23:53.630" level="INFO">${commit_hash_2} = c7d30033a7b20de6345f9c1ae944ab2f59d180e0</msg>
<status status="PASS" starttime="20260218 22:23:53.629" endtime="20260218 22:23:53.630"/>
</kw>
<kw name="Create Webhook Payload" library="keywords">
<var>${payload_1}</var>
<arg>${TEST_REPO_JAVA}</arg>
<arg>${commit_hash_1}</arg>
<arg>main</arg>
<doc>Create a valid GitHub webhook payload</doc>
<msg timestamp="20260218 22:23:53.630" level="TRACE">Arguments: [ ${repo_name}='sample-java-repo' | ${commit_hash}='5e3698a7d0cb018d2a7343f186811cc607094a38' | ${branch}='main' ]</msg>
<kw name="Catenate" library="BuiltIn">
<var>${payload}</var>
<arg>SEPARATOR=</arg>
<arg>{</arg>
<arg>"ref": "refs/heads/${branch}",</arg>
<arg>"after": "${commit_hash}",</arg>
<arg>"repository": {</arg>
<arg>"name": "${repo_name}",</arg>
<arg>"full_name": "test-owner/${repo_name}",</arg>
<arg>"clone_url": "https://github.com/test-owner/${repo_name}.git",</arg>
<arg>"owner": {"login": "test-owner"}</arg>
<arg>},</arg>
<arg>"head_commit": {</arg>
<arg>"id": "${commit_hash}",</arg>
<arg>"message": "Test commit",</arg>
<arg>"author": {"name": "Test Author", "email": "test@example.com"}</arg>
<arg>}</arg>
<arg>}</arg>
<doc>Catenates the given items together and returns the resulted string.</doc>
<msg timestamp="20260218 22:23:53.630" level="TRACE">Arguments: [ 'SEPARATOR=' | '{' | '"ref": "refs/heads/main",' | '"after": "5e3698a7d0cb018d2a7343f186811cc607094a38",' | '"repository": {' | '"name": "sample-java-repo",' | '"full_name": "test-owner/sample-java-repo",' | '"clone_url": "https://github.com/test-owner/sample-java-repo.git",' | '"owner": {"login": "test-owner"}' | '},' | '"head_commit": {' | '"id": "5e3698a7d0cb018d2a7343f186811cc607094a38",' | '"message": "Test commit",' | '"author": {"name": "Test Author", "email": "test@example.com"}' | '}' | '}' ]</msg>
<msg timestamp="20260218 22:23:53.630" level="TRACE">Return: '{"ref": "refs/heads/main","after": "5e3698a7d0cb018d2a7343f186811cc607094a38","repository": {"name": "sample-java-repo","full_name": "test-owner/sample-java-repo","clone_url": "https://github.com/test-owner/sample-java-repo.git","owner": {"login": "test-owner"}},"head_commit": {"id": "5e3698a7d0cb018d2a7343f186811cc607094a38","message": "Test commit","author": {"name": "Test Author", "email": "test@example.com"}}}'</msg>
<msg timestamp="20260218 22:23:53.630" level="INFO">${payload} = {"ref": "refs/heads/main","after": "5e3698a7d0cb018d2a7343f186811cc607094a38","repository": {"name": "sample-java-repo","full_name": "test-owner/sample-java-repo","clone_url": "https://github.com/test...</msg>
<status status="PASS" starttime="20260218 22:23:53.630" endtime="20260218 22:23:53.630"/>
</kw>
<msg timestamp="20260218 22:23:53.630" level="TRACE">Return: '{"ref": "refs/heads/main","after": "5e3698a7d0cb018d2a7343f186811cc607094a38","repository": {"name": "sample-java-repo","full_name": "test-owner/sample-java-repo","clone_url": "https://github.com/test-owner/sample-java-repo.git","owner": {"login": "test-owner"}},"head_commit": {"id": "5e3698a7d0cb018d2a7343f186811cc607094a38","message": "Test commit","author": {"name": "Test Author", "email": "test@example.com"}}}'</msg>
<msg timestamp="20260218 22:23:53.630" level="INFO">${payload_1} = {"ref": "refs/heads/main","after": "5e3698a7d0cb018d2a7343f186811cc607094a38","repository": {"name": "sample-java-repo","full_name": "test-owner/sample-java-repo","clone_url": "https://github.com/test...</msg>
<status status="PASS" starttime="20260218 22:23:53.630" endtime="20260218 22:23:53.630"/>
</kw>
<kw name="Create Webhook Payload" library="keywords">
<var>${payload_2}</var>
<arg>${TEST_REPO_GO}</arg>
<arg>${commit_hash_2}</arg>
<arg>develop</arg>
<doc>Create a valid GitHub webhook payload</doc>
<msg timestamp="20260218 22:23:53.631" level="TRACE">Arguments: [ ${repo_name}='sample-go-repo' | ${commit_hash}='c7d30033a7b20de6345f9c1ae944ab2f59d180e0' | ${branch}='develop' ]</msg>
<kw name="Catenate" library="BuiltIn">
<var>${payload}</var>
<arg>SEPARATOR=</arg>
<arg>{</arg>
<arg>"ref": "refs/heads/${branch}",</arg>
<arg>"after": "${commit_hash}",</arg>
<arg>"repository": {</arg>
<arg>"name": "${repo_name}",</arg>
<arg>"full_name": "test-owner/${repo_name}",</arg>
<arg>"clone_url": "https://github.com/test-owner/${repo_name}.git",</arg>
<arg>"owner": {"login": "test-owner"}</arg>
<arg>},</arg>
<arg>"head_commit": {</arg>
<arg>"id": "${commit_hash}",</arg>
<arg>"message": "Test commit",</arg>
<arg>"author": {"name": "Test Author", "email": "test@example.com"}</arg>
<arg>}</arg>
<arg>}</arg>
<doc>Catenates the given items together and returns the resulted string.</doc>
<msg timestamp="20260218 22:23:53.631" level="TRACE">Arguments: [ 'SEPARATOR=' | '{' | '"ref": "refs/heads/develop",' | '"after": "c7d30033a7b20de6345f9c1ae944ab2f59d180e0",' | '"repository": {' | '"name": "sample-go-repo",' | '"full_name": "test-owner/sample-go-repo",' | '"clone_url": "https://github.com/test-owner/sample-go-repo.git",' | '"owner": {"login": "test-owner"}' | '},' | '"head_commit": {' | '"id": "c7d30033a7b20de6345f9c1ae944ab2f59d180e0",' | '"message": "Test commit",' | '"author": {"name": "Test Author", "email": "test@example.com"}' | '}' | '}' ]</msg>
<msg timestamp="20260218 22:23:53.631" level="TRACE">Return: '{"ref": "refs/heads/develop","after": "c7d30033a7b20de6345f9c1ae944ab2f59d180e0","repository": {"name": "sample-go-repo","full_name": "test-owner/sample-go-repo","clone_url": "https://github.com/test-owner/sample-go-repo.git","owner": {"login": "test-owner"}},"head_commit": {"id": "c7d30033a7b20de6345f9c1ae944ab2f59d180e0","message": "Test commit","author": {"name": "Test Author", "email": "test@example.com"}}}'</msg>
<msg timestamp="20260218 22:23:53.631" level="INFO">${payload} = {"ref": "refs/heads/develop","after": "c7d30033a7b20de6345f9c1ae944ab2f59d180e0","repository": {"name": "sample-go-repo","full_name": "test-owner/sample-go-repo","clone_url": "https://github.com/test-...</msg>
<status status="PASS" starttime="20260218 22:23:53.631" endtime="20260218 22:23:53.631"/>
</kw>
<msg timestamp="20260218 22:23:53.631" level="TRACE">Return: '{"ref": "refs/heads/develop","after": "c7d30033a7b20de6345f9c1ae944ab2f59d180e0","repository": {"name": "sample-go-repo","full_name": "test-owner/sample-go-repo","clone_url": "https://github.com/test-owner/sample-go-repo.git","owner": {"login": "test-owner"}},"head_commit": {"id": "c7d30033a7b20de6345f9c1ae944ab2f59d180e0","message": "Test commit","author": {"name": "Test Author", "email": "test@example.com"}}}'</msg>
<msg timestamp="20260218 22:23:53.631" level="INFO">${payload_2} = {"ref": "refs/heads/develop","after": "c7d30033a7b20de6345f9c1ae944ab2f59d180e0","repository": {"name": "sample-go-repo","full_name": "test-owner/sample-go-repo","clone_url": "https://github.com/test-...</msg>
<status status="PASS" starttime="20260218 22:23:53.630" endtime="20260218 22:23:53.631"/>
</kw>
<kw name="Generate HMAC Signature" library="keywords">
<var>${signature_1}</var>
<arg>${payload_1}</arg>
<arg>${GITHUB_SECRET}</arg>
<doc>Generate HMAC-SHA256 signature for webhook payload</doc>
<msg timestamp="20260218 22:23:53.631" level="TRACE">Arguments: [ ${payload}='{"ref": "refs/heads/main","after": "5e3698a7d0cb018d2a7343f186811cc607094a38","repository": {"name": "sample-java-repo","full_name": "test-owner/sample-java-repo","clone_url": "https://github.com/test-owner/sample-java-repo.git","owner": {"login": "test-owner"}},"head_commit": {"id": "5e3698a7d0cb018d2a7343f186811cc607094a38","message": "Test commit","author": {"name": "Test Author", "email": "test@example.com"}}}' | ${secret}='test-secret-key' ]</msg>
<kw name="Evaluate" library="BuiltIn">
<var>${signature}</var>
<arg>__import__('hmac').new($secret.encode(), $payload.encode(), __import__('hashlib').sha256).hexdigest()</arg>
<doc>Evaluates the given expression in Python and returns the result.</doc>
<msg timestamp="20260218 22:23:53.631" level="TRACE">Arguments: [ "__import__('hmac').new($secret.encode(), $payload.encode(), __import__('hashlib').sha256).hexdigest()" ]</msg>
<msg timestamp="20260218 22:23:53.632" level="TRACE">Return: '53a39297c1fa857142b7170e55b7303e5530f897cb2d6fba8c2ee565af0affa3'</msg>
<msg timestamp="20260218 22:23:53.632" level="INFO">${signature} = 53a39297c1fa857142b7170e55b7303e5530f897cb2d6fba8c2ee565af0affa3</msg>
<status status="PASS" starttime="20260218 22:23:53.631" endtime="20260218 22:23:53.632"/>
</kw>
<msg timestamp="20260218 22:23:53.632" level="TRACE">Return: 'sha256=53a39297c1fa857142b7170e55b7303e5530f897cb2d6fba8c2ee565af0affa3'</msg>
<msg timestamp="20260218 22:23:53.632" level="INFO">${signature_1} = sha256=53a39297c1fa857142b7170e55b7303e5530f897cb2d6fba8c2ee565af0affa3</msg>
<status status="PASS" starttime="20260218 22:23:53.631" endtime="20260218 22:23:53.632"/>
</kw>
<kw name="Generate HMAC Signature" library="keywords">
<var>${signature_2}</var>
<arg>${payload_2}</arg>
<arg>${GITHUB_SECRET}</arg>
<doc>Generate HMAC-SHA256 signature for webhook payload</doc>
<msg timestamp="20260218 22:23:53.632" level="TRACE">Arguments: [ ${payload}='{"ref": "refs/heads/develop","after": "c7d30033a7b20de6345f9c1ae944ab2f59d180e0","repository": {"name": "sample-go-repo","full_name": "test-owner/sample-go-repo","clone_url": "https://github.com/test-owner/sample-go-repo.git","owner": {"login": "test-owner"}},"head_commit": {"id": "c7d30033a7b20de6345f9c1ae944ab2f59d180e0","message": "Test commit","author": {"name": "Test Author", "email": "test@example.com"}}}' | ${secret}='test-secret-key' ]</msg>
<kw name="Evaluate" library="BuiltIn">
<var>${signature}</var>
<arg>__import__('hmac').new($secret.encode(), $payload.encode(), __import__('hashlib').sha256).hexdigest()</arg>
<doc>Evaluates the given expression in Python and returns the result.</doc>
<msg timestamp="20260218 22:23:53.632" level="TRACE">Arguments: [ "__import__('hmac').new($secret.encode(), $payload.encode(), __import__('hashlib').sha256).hexdigest()" ]</msg>
<msg timestamp="20260218 22:23:53.632" level="TRACE">Return: '2ae62c829bfd2f3dc317688d8d01c103096cfdc138115c958f5e1b26bd6fd654'</msg>
<msg timestamp="20260218 22:23:53.632" level="INFO">${signature} = 2ae62c829bfd2f3dc317688d8d01c103096cfdc138115c958f5e1b26bd6fd654</msg>
<status status="PASS" starttime="20260218 22:23:53.632" endtime="20260218 22:23:53.632"/>
</kw>
<msg timestamp="20260218 22:23:53.632" level="TRACE">Return: 'sha256=2ae62c829bfd2f3dc317688d8d01c103096cfdc138115c958f5e1b26bd6fd654'</msg>
<msg timestamp="20260218 22:23:53.632" level="INFO">${signature_2} = sha256=2ae62c829bfd2f3dc317688d8d01c103096cfdc138115c958f5e1b26bd6fd654</msg>
<status status="PASS" starttime="20260218 22:23:53.632" endtime="20260218 22:23:53.632"/>
</kw>
<kw name="Send Webhook" library="keywords">
<var>${response_1}</var>
<arg>${payload_1}</arg>
<arg>${signature_1}</arg>
<doc>Send webhook POST request to API</doc>
<msg timestamp="20260218 22:23:53.632" level="TRACE">Arguments: [ ${payload}='{"ref": "refs/heads/main","after": "5e3698a7d0cb018d2a7343f186811cc607094a38","repository": {"name": "sample-java-repo","full_name": "test-owner/sample-java-repo","clone_url": "https://github.com/test-owner/sample-java-repo.git","owner": {"login": "test-owner"}},"head_commit": {"id": "5e3698a7d0cb018d2a7343f186811cc607094a38","message": "Test commit","author": {"name": "Test Author", "email": "test@example.com"}}}' | ${signature}='sha256=53a39297c1fa857142b7170e55b7303e5530f897cb2d6fba8c2ee565af0affa3' ]</msg>
<kw name="Create Dictionary" library="BuiltIn">
<var>${headers}</var>
<arg>Content-Type=application/json</arg>
<arg>X-Hub-Signature-256=${signature}</arg>
<arg>Authorization=Bearer ${AUTH_TOKEN}</arg>
<doc>Creates and returns a dictionary based on the given ``items``.</doc>
<msg timestamp="20260218 22:23:53.633" level="TRACE">Arguments: [ 'Content-Type=application/json' | 'X-Hub-Signature-256=${signature}' | 'Authorization=Bearer ${AUTH_TOKEN}' ]</msg>
<msg timestamp="20260218 22:23:53.633" level="TRACE">Return: {'Authorization': 'Bearer test-auth-token',
 'Content-Type': 'application/json',
 'X-Hub-Signature-256': 'sha256=53a39297c1fa857142b7170e55b7303e5530f897cb2d6fba8c2ee565af0affa3'}</msg>
<msg timestamp="20260218 22:23:53.633" level="INFO">${headers} = {'Content-Type': 'application/json', 'X-Hub-Signature-256': 'sha256=53a39297c1fa857142b7170e55b7303e5530f897cb2d6fba8c2ee565af0affa3', 'Authorization': 'Bearer test-auth-token'}</msg>
<status status="PASS" starttime="20260218 22:23:53.633" endtime="20260218 22:23:53.633"/>
</kw>
<kw name="POST On Session" library="RequestsLibrary">
<var>${response}</var>
<arg>api</arg>
<arg>/webhook</arg>
<arg>data=${payload}</arg>
<arg>headers=${headers}</arg>
<arg>expected_status=any</arg>
<doc>Sends a POST request on a previously created HTTP Session.</doc>
<msg timestamp="20260218 22:23:53.633" level="TRACE">Arguments: [ 'api' | '/webhook' | data='{"ref": "refs/heads/main","after": "5e3698a7d0cb018d2a7343f186811cc607094a38","repository": {"name": "sample-java-repo","full_name": "test-owner/sample-java-repo","clone_url": "https://github.com/test-owner/sample-java-repo.git","owner": {"login": "test-owner"}},"head_commit": {"id": "5e3698a7d0cb018d2a7343f186811cc607094a38","message": "Test commit","author": {"name": "Test Author", "email": "test@example.com"}}}' | headers={'Authorization': 'Bearer test-auth-token',
 'Content-Type': 'application/json',
 'X-Hub-Signature-256': 'sha256=53a39297c1fa857142b7170e55b7303e5530f897cb2d6fba8c2ee565af0affa3'} | expected_status='any' ]</msg>
<msg timestamp="20260218 22:23:53.675" level="DEBUG">http://localhost:8080 "POST /webhook HTTP/1.1" 202 109</msg>
<msg timestamp="20260218 22:23:53.676" level="INFO">POST Request : url=http://localhost:8080/webhook 
 path_url=/webhook 
 headers={'User-Agent': 'python-requests/2.31.0', 'Accept-Encoding': 'gzip, deflate', 'Accept': '*/*', 'Connection': 'keep-alive', 'Content-Type': 'application/json', 'X-Hub-Signature-256': 'sha256=53a39297c1fa857142b7170e55b7303e5530f897cb2d6fba8c2ee565af0affa3', 'Authorization': 'Bearer test-auth-token', 'Content-Length': '417'} 
 body={"ref": "refs/heads/main","after": "5e3698a7d0cb018d2a7343f186811cc607094a38","repository": {"name": "sample-java-repo","full_name": "test-owner/sample-java-repo","clone_url": "https://github.com/test-owner/sample-java-repo.git","owner": {"login": "test-owner"}},"head_commit": {"id": "5e3698a7d0cb018d2a7343f186811cc607094a38","message": "Test commit","author": {"name": "Test Author", "email": "test@example.com"}}} 
 </msg>
<msg timestamp="20260218 22:23:53.676" level="INFO">POST Response : url=http://localhost:8080/webhook 
 status=202, reason=Accepted 
 headers={'Content-Type': 'application/json; charset=utf-8', 'Date': 'Thu, 19 Feb 2026 01:23:53 GMT', 'Content-Length': '109'} 
 body={"id":"75680f69-9668-4326-97a4-4799d1322135","status":"accepted","message":"build job enqueued successfully"} 
 </msg>
<msg timestamp="20260218 22:23:53.676" level="TRACE">Return: &lt;Response [202]&gt;</msg>
<msg timestamp="20260218 22:23:53.676" level="INFO">${response} = &lt;Response [202]&gt;</msg>
<status status="PASS" starttime="20260218 22:23:53.633" endtime="20260218 22:23:53.676"/>
</kw>
<msg timestamp="20260218 22:23:53.676" level="TRACE">Return: &lt;Response [202]&gt;</msg>
<msg timestamp="20260218 22:23:53.676" level="INFO">${response_1} = &lt;Response [202]&gt;</msg>
<status status="PASS" starttime="20260218 22:23:53.632" endtime="20260218 22:23:53.676"/>
</kw>
<kw name="Send Webhook" library="keywords">
<var>${response_2}</var>
<arg>${payload_2}</arg>
<arg>${signature_2}</arg>
<doc>Send webhook POST request to API</doc>
<msg timestamp="20260218 22:23:53.676" level="TRACE">Arguments: [ ${payload}='{"ref": "refs/heads/develop","after": "c7d30033a7b20de6345f9c1ae944ab2f59d180e0","repository": {"name": "sample-go-repo","full_name": "test-owner/sample-go-repo","clone_url": "https://github.com/test-owner/sample-go-repo.git","owner": {"login": "test-owner"}},"head_commit": {"id": "c7d30033a7b20de6345f9c1ae944ab2f59d180e0","message": "Test commit","author": {"name": "Test Author", "email": "test@example.com"}}}' | ${signature}='sha256=2ae62c829bfd2f3dc317688d8d01c103096cfdc138115c958f5e1b26bd6fd654' ]</msg>
<kw name="Create Dictionary" library="BuiltIn">
<var>${headers}</var>
<arg>Content-Type=application/json</arg>
<arg>X-Hub-Signature-256=${signature}</arg>
<arg>Authorization=Bearer ${AUTH_TOKEN}</arg>
<doc>Creates and returns a dictionary based on the given ``items``.</doc>
<msg timestamp="20260218 22:23:53.676" level="TRACE">Arguments: [ 'Content-Type=application/json' | 'X-Hub-Signature-256=${signature}' | 'Authorization=Bearer ${AUTH_TOKEN}' ]</msg>
<msg timestamp="20260218 22:23:53.677" level="TRACE">Return: {'Authorization': 'Bearer test-auth-token',
 'Content-Type': 'application/json',
 'X-Hub-Signature-256': 'sha256=2ae62c829bfd2f3dc317688d8d01c103096cfdc138115c958f5e1b26bd6fd654'}</msg>
<msg timestamp="20260218 22:23:53.677" level="INFO">${headers} = {'Content-Type': 'application/json', 'X-Hub-Signature-256': 'sha256=2ae62c829bfd2f3dc317688d8d01c103096cfdc138115c958f5e1b26bd6fd654', 'Authorization': 'Bearer test-auth-token'}</msg>
<status status="PASS" starttime="20260218 22:23:53.676" endtime="20260218 22:23:53.677"/>
</kw>
<kw name="POST On Session" library="RequestsLibrary">
<var>${response}</var>
<arg>api</arg>
<arg>/webhook</arg>
<arg>data=${payload}</arg>
<arg>headers=${headers}</arg>
<arg>expected_status=any</arg>
<doc>Sends a POST request on a previously created HTTP Session.</doc>
<msg timestamp="20260218 22:23:53.677" level="TRACE">Arguments: [ 'api' | '/webhook' | data='{"ref": "refs/heads/develop","after": "c7d30033a7b20de6345f9c1ae944ab2f59d180e0","repository": {"name": "sample-go-repo","full_name": "test-owner/sample-go-repo","clone_url": "https://github.com/test-owner/sample-go-repo.git","owner": {"login": "test-owner"}},"head_commit": {"id": "c7d30033a7b20de6345f9c1ae944ab2f59d180e0","message": "Test commit","author": {"name": "Test Author", "email": "test@example.com"}}}' | headers={'Authorization': 'Bearer test-auth-token',
 'Content-Type': 'application/json',
 'X-Hub-Signature-256': 'sha256=2ae62c829bfd2f3dc317688d8d01c103096cfdc138115c958f5e1b26bd6fd654'} | expected_status='any' ]</msg>
<msg timestamp="20260218 22:23:53.721" level="DEBUG">http://localhost:8080 "POST /webhook HTTP/1.1" 202 109</msg>
<msg timestamp="20260218 22:23:53.721" level="INFO">POST Request : url=http://localhost:8080/webhook 
 path_url=/webhook 
 headers={'User-Agent': 'python-requests/2.31.0', 'Accept-Encoding': 'gzip, deflate', 'Accept': '*/*', 'Connection': 'keep-alive', 'Content-Type': 'application/json', 'X-Hub-Signature-256': 'sha256=2ae62c829bfd2f3dc317688d8d01c103096cfdc138115c958f5e1b26bd6fd654', 'Authorization': 'Bearer test-auth-token', 'Content-Length': '414'} 
 body={"ref": "refs/heads/develop","after": "c7d30033a7b20de6345f9c1ae944ab2f59d180e0","repository": {"name": "sample-go-repo","full_name": "test-owner/sample-go-repo","clone_url": "https://github.com/test-owner/sample-go-repo.git","owner": {"login": "test-owner"}},"head_commit": {"id": "c7d30033a7b20de6345f9c1ae944ab2f59d180e0","message": "Test commit","author": {"name": "Test Author", "email": "test@example.com"}}} 
 </msg>
<msg timestamp="20260218 22:23:53.722" level="INFO">POST Response : url=http://localhost:8080/webhook 
 status=202, reason=Accepted 
 headers={'Content-Type': 'application/json; charset=utf-8', 'Date': 'Thu, 19 Feb 2026 01:23:53 GMT', 'Content-Length': '109'} 
 body={"id":"960c36f1-d725-46db-ab35-ba6f42d0510d","status":"accepted","message":"build job enqueued successfully"} 
 </msg>
<msg timestamp="20260218 22:23:53.722" level="TRACE">Return: &lt;Response [202]&gt;</msg>
<msg timestamp="20260218 22:23:53.722" level="INFO">${response} = &lt;Response [202]&gt;</msg>
<status status="PASS" starttime="20260218 22:23:53.677" endtime="20260218 22:23:53.722"/>
</kw>
<msg timestamp="20260218 22:23:53.722" level="TRACE">Return: &lt;Response [202]&gt;</msg>
<msg timestamp="20260218 22:23:53.722" level="INFO">${response_2} = &lt;Response [202]&gt;</msg>
<status status="PASS" starttime="20260218 22:23:53.676" endtime="20260218 22:23:53.722"/>
</kw>
<kw name="Get From Dictionary" library="Collections">
<var>${job_id_1}</var>
<arg>${response_1.json()}</arg>
<arg>id</arg>
<doc>Returns a value from the given ``dictionary`` based on the given ``key``.</doc>
<msg timestamp="20260218 22:23:53.722" level="TRACE">Arguments: [ {'id': '75680f69-9668-4326-97a4-4799d1322135',
 'message': 'build job enqueued successfully',
 'status': 'accepted'} | 'id' ]</msg>
<msg timestamp="20260218 22:23:53.723" level="TRACE">Return: '75680f69-9668-4326-97a4-4799d1322135'</msg>
<msg timestamp="20260218 22:23:53.723" level="INFO">${job_id_1} = 75680f69-9668-4326-97a4-4799d1322135</msg>
<status status="PASS" starttime="20260218 22:23:53.722" endtime="20260218 22:23:53.723"/>
</kw>
<kw name="Get From Dictionary" library="Collections">
<var>${job_id_2}</var>
<arg>${response_2.json()}</arg>
<arg>id</arg>
<doc>Returns a value from the given ``dictionary`` based on the given ``key``.</doc>
<msg timestamp="20260218 22:23:53.723" level="TRACE">Arguments: [ {'id': '960c36f1-d725-46db-ab35-ba6f42d0510d',
 'message': 'build job enqueued successfully',
 'status': 'accepted'} | 'id' ]</msg>
<msg timestamp="20260218 22:23:53.723" level="TRACE">Return: '960c36f1-d725-46db-ab35-ba6f42d0510d'</msg>
<msg timestamp="20260218 22:23:53.723" level="INFO">${job_id_2} = 960c36f1-d725-46db-ab35-ba6f42d0510d</msg>
<status status="PASS" starttime="20260218 22:23:53.723" endtime="20260218 22:23:53.723"/>
</kw>
<kw name="Sleep" library="BuiltIn">
<arg>2s</arg>
<arg>Wait for jobs to be processed</arg>
<doc>Pauses the test executed for the given time.</doc>
<msg timestamp="20260218 22:23:53.723" level="TRACE">Arguments: [ '2s' | 'Wait for jobs to be processed' ]</msg>
<msg timestamp="20260218 22:23:55.724" level="INFO">Slept 2 seconds</msg>
<msg timestamp="20260218 22:23:55.724" level="INFO">Wait for jobs to be processed</msg>
<msg timestamp="20260218 22:23:55.724" level="TRACE">Return: None</msg>
<status status="PASS" starttime="20260218 22:23:53.723" endtime="20260218 22:23:55.724"/>
</kw>
<kw name="List Builds" library="keywords">
<var>${list_response}</var>
<doc>List all builds</doc>
<msg timestamp="20260218 22:23:55.724" level="TRACE">Arguments: [  ]</msg>
<kw name="Create Dictionary" library="BuiltIn">
<var>${headers}</var>
<arg>Authorization=Bearer ${AUTH_TOKEN}</arg>
<doc>Creates and returns a dictionary based on the given ``items``.</doc>
<msg timestamp="20260218 22:23:55.724" level="TRACE">Arguments: [ 'Authorization=Bearer ${AUTH_TOKEN}' ]</msg>
<msg timestamp="20260218 22:23:55.725" level="TRACE">Return: {'Authorization': 'Bearer test-auth-token'}</msg>
<msg timestamp="20260218 22:23:55.725" level="INFO">${headers} = {'Authorization': 'Bearer test-auth-token'}</msg>
<status status="PASS" starttime="20260218 22:23:55.724" endtime="20260218 22:23:55.725"/>
</kw>
<kw name="GET On Session" library="RequestsLibrary">
<var>${response}</var>
<arg>api</arg>
<arg>/builds</arg>
<arg>headers=${headers}</arg>
<arg>expected_status=any</arg>
<doc>Sends a GET request on a previously created HTTP Session.</doc>
<msg timestamp="20260218 22:23:55.725" level="TRACE">Arguments: [ 'api' | '/builds' | headers={'Authorization': 'Bearer test-auth-token'} | expected_status='any' ]</msg>
<msg timestamp="20260218 22:23:55.726" level="DEBUG">http://localhost:8080 "GET /builds HTTP/1.1" 401 40</msg>
<msg timestamp="20260218 22:23:55.726" level="INFO">GET Request : url=http://localhost:8080/builds 
 path_url=/builds 
 headers={'User-Agent': 'python-requests/2.31.0', 'Accept-Encoding': 'gzip, deflate', 'Accept': '*/*', 'Connection': 'keep-alive', 'Authorization': 'Bearer test-auth-token'} 
 body=None 
 </msg>
<msg timestamp="20260218 22:23:55.727" level="INFO">GET Response : url=http://localhost:8080/builds 
 status=401, reason=Unauthorized 
 headers={'Content-Type': 'application/json; charset=utf-8', 'Date': 'Thu, 19 Feb 2026 01:23:55 GMT', 'Content-Length': '40'} 
 body={"error":"invalid authentication token"} 
 </msg>
<msg timestamp="20260218 22:23:55.727" level="TRACE">Return: &lt;Response [401]&gt;</msg>
<msg timestamp="20260218 22:23:55.727" level="INFO">${response} = &lt;Response [401]&gt;</msg>
<status status="PASS" starttime="20260218 22:23:55.725" endtime="20260218 22:23:55.727"/>
</kw>
<msg timestamp="20260218 22:23:55.727" level="TRACE">Return: &lt;Response [401]&gt;</msg>
<msg timestamp="20260218 22:23:55.727" level="INFO">${list_response} = &lt;Response [401]&gt;</msg>
<status status="PASS" starttime="20260218 22:23:55.724" endtime="20260218 22:23:55.727"/>
</kw>
<kw name="Verify Response Status" library="keywords">
<arg>${list_response}</arg>
<arg>${HTTP_OK}</arg>
<doc>Verify HTTP response status code</doc>
<msg timestamp="20260218 22:23:55.727" level="TRACE">Arguments: [ ${response}=&lt;Response [401]&gt; | ${expected_status}='200' ]</msg>
<kw name="Should Be Equal As Numbers" library="BuiltIn">
<arg>${response.status_code}</arg>
<arg>${expected_status}</arg>
<doc>Fails if objects are unequal after converting them to real numbers.</doc>
<msg timestamp="20260218 22:23:55.727" level="TRACE">Arguments: [ 401 | '200' ]</msg>
<msg timestamp="20260218 22:23:55.727" level="INFO">Argument types are:
&lt;class 'int'&gt;
&lt;class 'str'&gt;</msg>
<msg timestamp="20260218 22:23:55.728" level="FAIL">401.0 != 200.0</msg>
<msg timestamp="20260218 22:23:55.728" level="DEBUG">Traceback (most recent call last):
  None
AssertionError: 401.0 != 200.0</msg>
<status status="FAIL" starttime="20260218 22:23:55.727" endtime="20260218 22:23:55.728"/>
</kw>
<status status="FAIL" starttime="20260218 22:23:55.727" endtime="20260218 22:23:55.728"/>
</kw>
<kw name="Verify JSON Response" library="keywords">
<arg>${list_response}</arg>
<doc>Verify response contains valid JSON</doc>
<status status="NOT RUN" starttime="20260218 22:23:55.728" endtime="20260218 22:23:55.728"/>
</kw>
<kw name="Set Variable" library="BuiltIn">
<var>${builds}</var>
<arg>${list_response.json()}</arg>
<doc>Returns the given values which can then be assigned to a variables.</doc>
<status status="NOT RUN" starttime="20260218 22:23:55.728" endtime="20260218 22:23:55.728"/>
</kw>
<kw name="Evaluate" library="BuiltIn">
<var>${builds_type}</var>
<arg>type($builds).__name__</arg>
<doc>Evaluates the given expression in Python and returns the result.</doc>
<status status="NOT RUN" starttime="20260218 22:23:55.728" endtime="20260218 22:23:55.728"/>
</kw>
<kw name="Should Be Equal" library="BuiltIn">
<arg>${builds_type}</arg>
<arg>list</arg>
<doc>Fails if the given objects are unequal.</doc>
<status status="NOT RUN" starttime="20260218 22:23:55.728" endtime="20260218 22:23:55.728"/>
</kw>
<kw name="Create List" library="BuiltIn">
<var>${build_ids}</var>
<doc>Returns a list containing given items.</doc>
<status status="NOT RUN" starttime="20260218 22:23:55.729" endtime="20260218 22:23:55.729"/>
</kw>
<for flavor="IN">
<var>${build}</var>
<value>@{builds}</value>
<iter>
<var name="${build}"/>
<kw name="Get From Dictionary" library="Collections">
<var>${build_id}</var>
<arg>${build}</arg>
<arg>id</arg>
<doc>Returns a value from the given ``dictionary`` based on the given ``key``.</doc>
<status status="NOT RUN" starttime="20260218 22:23:55.729" endtime="20260218 22:23:55.729"/>
</kw>
<kw name="Append To List" library="Collections">
<arg>${build_ids}</arg>
<arg>${build_id}</arg>
<doc>Adds ``values`` to the end of ``list``.</doc>
<status status="NOT RUN" starttime="20260218 22:23:55.729" endtime="20260218 22:23:55.729"/>
</kw>
<status status="NOT RUN" starttime="20260218 22:23:55.729" endtime="20260218 22:23:55.729"/>
</iter>
<status status="NOT RUN" starttime="20260218 22:23:55.729" endtime="20260218 22:23:55.729"/>
</for>
<kw name="Should Contain" library="BuiltIn">
<arg>${build_ids}</arg>
<arg>${job_id_1}</arg>
<doc>Fails if ``container`` does not contain ``item`` one or more times.</doc>
<status status="NOT RUN" starttime="20260218 22:23:55.729" endtime="20260218 22:23:55.729"/>
</kw>
<kw name="Should Contain" library="BuiltIn">
<arg>${build_ids}</arg>
<arg>${job_id_2}</arg>
<doc>Fails if ``container`` does not contain ``item`` one or more times.</doc>
<status status="NOT RUN" starttime="20260218 22:23:55.729" endtime="20260218 22:23:55.729"/>
</kw>
<doc>Test listing all builds
Validates: Requirements 8.2, 8.3</doc>
<tag>api</tag>
<tag>list</tag>
<status status="FAIL" starttime="20260218 22:23:53.628" endtime="20260218 22:23:55.729">401.0 != 200.0</status>
</test>
<test id="s1-t4" name="Health Check Endpoint" line="99">
<kw name="Check Health" library="keywords">
<var>${response}</var>
<doc>Check API health endpoint</doc>
<msg timestamp="20260218 22:23:55.730" level="TRACE">Arguments: [  ]</msg>
<kw name="GET On Session" library="RequestsLibrary">
<var>${response}</var>
<arg>api</arg>
<arg>/health</arg>
<arg>expected_status=any</arg>
<doc>Sends a GET request on a previously created HTTP Session.</doc>
<msg timestamp="20260218 22:23:55.730" level="TRACE">Arguments: [ 'api' | '/health' | expected_status='any' ]</msg>
<msg timestamp="20260218 22:23:55.731" level="DEBUG">http://localhost:8080 "GET /health HTTP/1.1" 200 123</msg>
<msg timestamp="20260218 22:23:55.731" level="INFO">GET Request : url=http://localhost:8080/health 
 path_url=/health 
 headers={'User-Agent': 'python-requests/2.31.0', 'Accept-Encoding': 'gzip, deflate', 'Accept': '*/*', 'Connection': 'keep-alive'} 
 body=None 
 </msg>
<msg timestamp="20260218 22:23:55.731" level="INFO">GET Response : url=http://localhost:8080/health 
 status=200, reason=OK 
 headers={'Content-Type': 'application/json; charset=utf-8', 'Date': 'Thu, 19 Feb 2026 01:23:55 GMT', 'Content-Length': '123'} 
 body={"status":"healthy","timestamp":"2026-02-19T01:23:55.287596188Z","uptime":"20m33.990594442s","checks":{"nats":"connected"}} 
 </msg>
<msg timestamp="20260218 22:23:55.731" level="TRACE">Return: &lt;Response [200]&gt;</msg>
<msg timestamp="20260218 22:23:55.731" level="INFO">${response} = &lt;Response [200]&gt;</msg>
<status status="PASS" starttime="20260218 22:23:55.730" endtime="20260218 22:23:55.731"/>
</kw>
<msg timestamp="20260218 22:23:55.731" level="TRACE">Return: &lt;Response [200]&gt;</msg>
<msg timestamp="20260218 22:23:55.732" level="INFO">${response} = &lt;Response [200]&gt;</msg>
<status status="PASS" starttime="20260218 22:23:55.730" endtime="20260218 22:23:55.732"/>
</kw>
<kw name="Verify Response Status" library="keywords">
<arg>${response}</arg>
<arg>${HTTP_OK}</arg>
<doc>Verify HTTP response status code</doc>
<msg timestamp="20260218 22:23:55.732" level="TRACE">Arguments: [ ${response}=&lt;Response [200]&gt; | ${expected_status}='200' ]</msg>
<kw name="Should Be Equal As Numbers" library="BuiltIn">
<arg>${response.status_code}</arg>
<arg>${expected_status}</arg>
<doc>Fails if objects are unequal after converting them to real numbers.</doc>
<msg timestamp="20260218 22:23:55.732" level="TRACE">Arguments: [ 200 | '200' ]</msg>
<msg timestamp="20260218 22:23:55.732" level="INFO">Argument types are:
&lt;class 'int'&gt;
&lt;class 'str'&gt;</msg>
<msg timestamp="20260218 22:23:55.732" level="TRACE">Return: None</msg>
<status status="PASS" starttime="20260218 22:23:55.732" endtime="20260218 22:23:55.732"/>
</kw>
<msg timestamp="20260218 22:23:55.732" level="TRACE">Return: None</msg>
<status status="PASS" starttime="20260218 22:23:55.732" endtime="20260218 22:23:55.732"/>
</kw>
<kw name="Verify JSON Response" library="keywords">
<arg>${response}</arg>
<doc>Verify response contains valid JSON</doc>
<msg timestamp="20260218 22:23:55.732" level="TRACE">Arguments: [ ${response}=&lt;Response [200]&gt; ]</msg>
<kw name="Get From Dictionary" library="Collections">
<var>${content_type}</var>
<arg>${response.headers}</arg>
<arg>Content-Type</arg>
<doc>Returns a value from the given ``dictionary`` based on the given ``key``.</doc>
<msg timestamp="20260218 22:23:55.733" level="TRACE">Arguments: [ {'Content-Type': 'application/json; charset=utf-8', 'Date': 'Thu, 19 Feb 2026 01:23:55 GMT', 'Content-Length': '123'} | 'Content-Type' ]</msg>
<msg timestamp="20260218 22:23:55.733" level="TRACE">Return: 'application/json; charset=utf-8'</msg>
<msg timestamp="20260218 22:23:55.733" level="INFO">${content_type} = application/json; charset=utf-8</msg>
<status status="PASS" starttime="20260218 22:23:55.732" endtime="20260218 22:23:55.733"/>
</kw>
<kw name="Should Contain" library="BuiltIn">
<arg>${content_type}</arg>
<arg>application/json</arg>
<doc>Fails if ``container`` does not contain ``item`` one or more times.</doc>
<msg timestamp="20260218 22:23:55.733" level="TRACE">Arguments: [ 'application/json; charset=utf-8' | 'application/json' ]</msg>
<msg timestamp="20260218 22:23:55.733" level="TRACE">Return: None</msg>
<status status="PASS" starttime="20260218 22:23:55.733" endtime="20260218 22:23:55.733"/>
</kw>
<kw name="Set Variable" library="BuiltIn">
<var>${json}</var>
<arg>${response.json()}</arg>
<doc>Returns the given values which can then be assigned to a variables.</doc>
<msg timestamp="20260218 22:23:55.733" level="TRACE">Arguments: [ {'checks': {'nats': 'connected'},
 'status': 'healthy',
 'timestamp': '2026-02-19T01:23:55.287596188Z',
 'uptime': '20m33.990594442s'} ]</msg>
<msg timestamp="20260218 22:23:55.733" level="TRACE">Return: {'checks': {'nats': 'connected'},
 'status': 'healthy',
 'timestamp': '2026-02-19T01:23:55.287596188Z',
 'uptime': '20m33.990594442s'}</msg>
<msg timestamp="20260218 22:23:55.733" level="INFO">${json} = {'status': 'healthy', 'timestamp': '2026-02-19T01:23:55.287596188Z', 'uptime': '20m33.990594442s', 'checks': {'nats': 'connected'}}</msg>
<status status="PASS" starttime="20260218 22:23:55.733" endtime="20260218 22:23:55.733"/>
</kw>
<kw name="Should Not Be Empty" library="BuiltIn">
<arg>${json}</arg>
<doc>Verifies that the given item is not empty.</doc>
<msg timestamp="20260218 22:23:55.733" level="TRACE">Arguments: [ {'checks': {'nats': 'connected'},
 'status': 'healthy',
 'timestamp': '2026-02-19T01:23:55.287596188Z',
 'uptime': '20m33.990594442s'} ]</msg>
<msg timestamp="20260218 22:23:55.733" level="INFO">Length is 4</msg>
<msg timestamp="20260218 22:23:55.733" level="TRACE">Return: None</msg>
<status status="PASS" starttime="20260218 22:23:55.733" endtime="20260218 22:23:55.733"/>
</kw>
<msg timestamp="20260218 22:23:55.733" level="TRACE">Return: None</msg>
<status status="PASS" starttime="20260218 22:23:55.732" endtime="20260218 22:23:55.733"/>
</kw>
<kw name="Set Variable" library="BuiltIn">
<var>${health_data}</var>
<arg>${response.json()}</arg>
<doc>Returns the given values which can then be assigned to a variables.</doc>
<msg timestamp="20260218 22:23:55.734" level="TRACE">Arguments: [ {'checks': {'nats': 'connected'},
 'status': 'healthy',
 'timestamp': '2026-02-19T01:23:55.287596188Z',
 'uptime': '20m33.990594442s'} ]</msg>
<msg timestamp="20260218 22:23:55.734" level="TRACE">Return: {'checks': {'nats': 'connected'},
 'status': 'healthy',
 'timestamp': '2026-02-19T01:23:55.287596188Z',
 'uptime': '20m33.990594442s'}</msg>
<msg timestamp="20260218 22:23:55.734" level="INFO">${health_data} = {'status': 'healthy', 'timestamp': '2026-02-19T01:23:55.287596188Z', 'uptime': '20m33.990594442s', 'checks': {'nats': 'connected'}}</msg>
<status status="PASS" starttime="20260218 22:23:55.733" endtime="20260218 22:23:55.734"/>
</kw>
<kw name="Dictionary Should Contain Key" library="Collections">
<arg>${health_data}</arg>
<arg>status</arg>
<doc>Fails if ``key`` is not found from ``dictionary``.</doc>
<msg timestamp="20260218 22:23:55.734" level="TRACE">Arguments: [ {'checks': {'nats': 'connected'},
 'status': 'healthy',
 'timestamp': '2026-02-19T01:23:55.287596188Z',
 'uptime': '20m33.990594442s'} | 'status' ]</msg>
<msg timestamp="20260218 22:23:55.734" level="TRACE">Return: None</msg>
<status status="PASS" starttime="20260218 22:23:55.734" endtime="20260218 22:23:55.734"/>
</kw>
<kw name="Get From Dictionary" library="Collections">
<var>${status}</var>
<arg>${health_data}</arg>
<arg>status</arg>
<doc>Returns a value from the given ``dictionary`` based on the given ``key``.</doc>
<msg timestamp="20260218 22:23:55.734" level="TRACE">Arguments: [ {'checks': {'nats': 'connected'},
 'status': 'healthy',
 'timestamp': '2026-02-19T01:23:55.287596188Z',
 'uptime': '20m33.990594442s'} | 'status' ]</msg>
<msg timestamp="20260218 22:23:55.734" level="TRACE">Return: 'healthy'</msg>
<msg timestamp="20260218 22:23:55.734" level="INFO">${status} = healthy</msg>
<status status="PASS" starttime="20260218 22:23:55.734" endtime="20260218 22:23:55.734"/>
</kw>
<kw name="Should Be Equal" library="BuiltIn">
<arg>${status}</arg>
<arg>healthy</arg>
<doc>Fails if the given objects are unequal.</doc>
<msg timestamp="20260218 22:23:55.735" level="TRACE">Arguments: [ 'healthy' | 'healthy' ]</msg>
<msg timestamp="20260218 22:23:55.735" level="DEBUG">Argument types are:
&lt;class 'str'&gt;
&lt;class 'str'&gt;</msg>
<msg timestamp="20260218 22:23:55.735" level="TRACE">Return: None</msg>
<status status="PASS" starttime="20260218 22:23:55.735" endtime="20260218 22:23:55.735"/>
</kw>
<doc>Test health check endpoint
Validates: Requirements 8.1</doc>
<tag>api</tag>
<tag>health</tag>
<status status="PASS" starttime="20260218 22:23:55.730" endtime="20260218 22:23:55.735"/>
</test>
<test id="s1-t5" name="Authentication With Valid Token" line="118">
<kw name="Generate Random Commit Hash" library="keywords">
<var>${commit_hash}</var>
<doc>Generate a random 40-character hex string (like git commit hash)</doc>
<msg timestamp="20260218 22:23:55.736" level="TRACE">Arguments: [  ]</msg>
<kw name="Evaluate" library="BuiltIn">
<var>${hash}</var>
<arg>__import__('secrets').token_hex(20)</arg>
<doc>Evaluates the given expression in Python and returns the result.</doc>
<msg timestamp="20260218 22:23:55.736" level="TRACE">Arguments: [ "__import__('secrets').token_hex(20)" ]</msg>
<msg timestamp="20260218 22:23:55.736" level="TRACE">Return: 'ed6bd740ea538c8e59ccc6f3f1743e150155a7b5'</msg>
<msg timestamp="20260218 22:23:55.736" level="INFO">${hash} = ed6bd740ea538c8e59ccc6f3f1743e150155a7b5</msg>
<status status="PASS" starttime="20260218 22:23:55.736" endtime="20260218 22:23:55.736"/>
</kw>
<msg timestamp="20260218 22:23:55.736" level="TRACE">Return: 'ed6bd740ea538c8e59ccc6f3f1743e150155a7b5'</msg>
<msg timestamp="20260218 22:23:55.736" level="INFO">${commit_hash} = ed6bd740ea538c8e59ccc6f3f1743e150155a7b5</msg>
<status status="PASS" starttime="20260218 22:23:55.736" endtime="20260218 22:23:55.736"/>
</kw>
<kw name="Create Webhook Payload" library="keywords">
<var>${payload}</var>
<arg>${TEST_REPO_JAVA}</arg>
<arg>${commit_hash}</arg>
<arg>main</arg>
<doc>Create a valid GitHub webhook payload</doc>
<msg timestamp="20260218 22:23:55.736" level="TRACE">Arguments: [ ${repo_name}='sample-java-repo' | ${commit_hash}='ed6bd740ea538c8e59ccc6f3f1743e150155a7b5' | ${branch}='main' ]</msg>
<kw name="Catenate" library="BuiltIn">
<var>${payload}</var>
<arg>SEPARATOR=</arg>
<arg>{</arg>
<arg>"ref": "refs/heads/${branch}",</arg>
<arg>"after": "${commit_hash}",</arg>
<arg>"repository": {</arg>
<arg>"name": "${repo_name}",</arg>
<arg>"full_name": "test-owner/${repo_name}",</arg>
<arg>"clone_url": "https://github.com/test-owner/${repo_name}.git",</arg>
<arg>"owner": {"login": "test-owner"}</arg>
<arg>},</arg>
<arg>"head_commit": {</arg>
<arg>"id": "${commit_hash}",</arg>
<arg>"message": "Test commit",</arg>
<arg>"author": {"name": "Test Author", "email": "test@example.com"}</arg>
<arg>}</arg>
<arg>}</arg>
<doc>Catenates the given items together and returns the resulted string.</doc>
<msg timestamp="20260218 22:23:55.736" level="TRACE">Arguments: [ 'SEPARATOR=' | '{' | '"ref": "refs/heads/main",' | '"after": "ed6bd740ea538c8e59ccc6f3f1743e150155a7b5",' | '"repository": {' | '"name": "sample-java-repo",' | '"full_name": "test-owner/sample-java-repo",' | '"clone_url": "https://github.com/test-owner/sample-java-repo.git",' | '"owner": {"login": "test-owner"}' | '},' | '"head_commit": {' | '"id": "ed6bd740ea538c8e59ccc6f3f1743e150155a7b5",' | '"message": "Test commit",' | '"author": {"name": "Test Author", "email": "test@example.com"}' | '}' | '}' ]</msg>
<msg timestamp="20260218 22:23:55.736" level="TRACE">Return: '{"ref": "refs/heads/main","after": "ed6bd740ea538c8e59ccc6f3f1743e150155a7b5","repository": {"name": "sample-java-repo","full_name": "test-owner/sample-java-repo","clone_url": "https://github.com/test-owner/sample-java-repo.git","owner": {"login": "test-owner"}},"head_commit": {"id": "ed6bd740ea538c8e59ccc6f3f1743e150155a7b5","message": "Test commit","author": {"name": "Test Author", "email": "test@example.com"}}}'</msg>
<msg timestamp="20260218 22:23:55.736" level="INFO">${payload} = {"ref": "refs/heads/main","after": "ed6bd740ea538c8e59ccc6f3f1743e150155a7b5","repository": {"name": "sample-java-repo","full_name": "test-owner/sample-java-repo","clone_url": "https://github.com/test...</msg>
<status status="PASS" starttime="20260218 22:23:55.736" endtime="20260218 22:23:55.736"/>
</kw>
<msg timestamp="20260218 22:23:55.736" level="TRACE">Return: '{"ref": "refs/heads/main","after": "ed6bd740ea538c8e59ccc6f3f1743e150155a7b5","repository": {"name": "sample-java-repo","full_name": "test-owner/sample-java-repo","clone_url": "https://github.com/test-owner/sample-java-repo.git","owner": {"login": "test-owner"}},"head_commit": {"id": "ed6bd740ea538c8e59ccc6f3f1743e150155a7b5","message": "Test commit","author": {"name": "Test Author", "email": "test@example.com"}}}'</msg>
<msg timestamp="20260218 22:23:55.736" level="INFO">${payload} = {"ref": "refs/heads/main","after": "ed6bd740ea538c8e59ccc6f3f1743e150155a7b5","repository": {"name": "sample-java-repo","full_name": "test-owner/sample-java-repo","clone_url": "https://github.com/test...</msg>
<status status="PASS" starttime="20260218 22:23:55.736" endtime="20260218 22:23:55.736"/>
</kw>
<kw name="Generate HMAC Signature" library="keywords">
<var>${signature}</var>
<arg>${payload}</arg>
<arg>${GITHUB_SECRET}</arg>
<doc>Generate HMAC-SHA256 signature for webhook payload</doc>
<msg timestamp="20260218 22:23:55.737" level="TRACE">Arguments: [ ${payload}='{"ref": "refs/heads/main","after": "ed6bd740ea538c8e59ccc6f3f1743e150155a7b5","repository": {"name": "sample-java-repo","full_name": "test-owner/sample-java-repo","clone_url": "https://github.com/test-owner/sample-java-repo.git","owner": {"login": "test-owner"}},"head_commit": {"id": "ed6bd740ea538c8e59ccc6f3f1743e150155a7b5","message": "Test commit","author": {"name": "Test Author", "email": "test@example.com"}}}' | ${secret}='test-secret-key' ]</msg>
<kw name="Evaluate" library="BuiltIn">
<var>${signature}</var>
<arg>__import__('hmac').new($secret.encode(), $payload.encode(), __import__('hashlib').sha256).hexdigest()</arg>
<doc>Evaluates the given expression in Python and returns the result.</doc>
<msg timestamp="20260218 22:23:55.737" level="TRACE">Arguments: [ "__import__('hmac').new($secret.encode(), $payload.encode(), __import__('hashlib').sha256).hexdigest()" ]</msg>
<msg timestamp="20260218 22:23:55.737" level="TRACE">Return: '448a758e128dbcf3df3afd68008083c8861b9cc50eb8d7fd33eacc4f6bcb09f8'</msg>
<msg timestamp="20260218 22:23:55.737" level="INFO">${signature} = 448a758e128dbcf3df3afd68008083c8861b9cc50eb8d7fd33eacc4f6bcb09f8</msg>
<status status="PASS" starttime="20260218 22:23:55.737" endtime="20260218 22:23:55.737"/>
</kw>
<msg timestamp="20260218 22:23:55.737" level="TRACE">Return: 'sha256=448a758e128dbcf3df3afd68008083c8861b9cc50eb8d7fd33eacc4f6bcb09f8'</msg>
<msg timestamp="20260218 22:23:55.737" level="INFO">${signature} = sha256=448a758e128dbcf3df3afd68008083c8861b9cc50eb8d7fd33eacc4f6bcb09f8</msg>
<status status="PASS" starttime="20260218 22:23:55.737" endtime="20260218 22:23:55.737"/>
</kw>
<kw name="Send Webhook" library="keywords">
<var>${response}</var>
<arg>${payload}</arg>
<arg>${signature}</arg>
<doc>Send webhook POST request to API</doc>
<msg timestamp="20260218 22:23:55.737" level="TRACE">Arguments: [ ${payload}='{"ref": "refs/heads/main","after": "ed6bd740ea538c8e59ccc6f3f1743e150155a7b5","repository": {"name": "sample-java-repo","full_name": "test-owner/sample-java-repo","clone_url": "https://github.com/test-owner/sample-java-repo.git","owner": {"login": "test-owner"}},"head_commit": {"id": "ed6bd740ea538c8e59ccc6f3f1743e150155a7b5","message": "Test commit","author": {"name": "Test Author", "email": "test@example.com"}}}' | ${signature}='sha256=448a758e128dbcf3df3afd68008083c8861b9cc50eb8d7fd33eacc4f6bcb09f8' ]</msg>
<kw name="Create Dictionary" library="BuiltIn">
<var>${headers}</var>
<arg>Content-Type=application/json</arg>
<arg>X-Hub-Signature-256=${signature}</arg>
<arg>Authorization=Bearer ${AUTH_TOKEN}</arg>
<doc>Creates and returns a dictionary based on the given ``items``.</doc>
<msg timestamp="20260218 22:23:55.737" level="TRACE">Arguments: [ 'Content-Type=application/json' | 'X-Hub-Signature-256=${signature}' | 'Authorization=Bearer ${AUTH_TOKEN}' ]</msg>
<msg timestamp="20260218 22:23:55.737" level="TRACE">Return: {'Authorization': 'Bearer test-auth-token',
 'Content-Type': 'application/json',
 'X-Hub-Signature-256': 'sha256=448a758e128dbcf3df3afd68008083c8861b9cc50eb8d7fd33eacc4f6bcb09f8'}</msg>
<msg timestamp="20260218 22:23:55.737" level="INFO">${headers} = {'Content-Type': 'application/json', 'X-Hub-Signature-256': 'sha256=448a758e128dbcf3df3afd68008083c8861b9cc50eb8d7fd33eacc4f6bcb09f8', 'Authorization': 'Bearer test-auth-token'}</msg>
<status status="PASS" starttime="20260218 22:23:55.737" endtime="20260218 22:23:55.737"/>
</kw>
<kw name="POST On Session" library="RequestsLibrary">
<var>${response}</var>
<arg>api</arg>
<arg>/webhook</arg>
<arg>data=${payload}</arg>
<arg>headers=${headers}</arg>
<arg>expected_status=any</arg>
<doc>Sends a POST request on a previously created HTTP Session.</doc>
<msg timestamp="20260218 22:23:55.738" level="TRACE">Arguments: [ 'api' | '/webhook' | data='{"ref": "refs/heads/main","after": "ed6bd740ea538c8e59ccc6f3f1743e150155a7b5","repository": {"name": "sample-java-repo","full_name": "test-owner/sample-java-repo","clone_url": "https://github.com/test-owner/sample-java-repo.git","owner": {"login": "test-owner"}},"head_commit": {"id": "ed6bd740ea538c8e59ccc6f3f1743e150155a7b5","message": "Test commit","author": {"name": "Test Author", "email": "test@example.com"}}}' | headers={'Authorization': 'Bearer test-auth-token',
 'Content-Type': 'application/json',
 'X-Hub-Signature-256': 'sha256=448a758e128dbcf3df3afd68008083c8861b9cc50eb8d7fd33eacc4f6bcb09f8'} | expected_status='any' ]</msg>
<msg timestamp="20260218 22:23:55.779" level="DEBUG">http://localhost:8080 "POST /webhook HTTP/1.1" 202 109</msg>
<msg timestamp="20260218 22:23:55.779" level="INFO">POST Request : url=http://localhost:8080/webhook 
 path_url=/webhook 
 headers={'User-Agent': 'python-requests/2.31.0', 'Accept-Encoding': 'gzip, deflate', 'Accept': '*/*', 'Connection': 'keep-alive', 'Content-Type': 'application/json', 'X-Hub-Signature-256': 'sha256=448a758e128dbcf3df3afd68008083c8861b9cc50eb8d7fd33eacc4f6bcb09f8', 'Authorization': 'Bearer test-auth-token', 'Content-Length': '417'} 
 body={"ref": "refs/heads/main","after": "ed6bd740ea538c8e59ccc6f3f1743e150155a7b5","repository": {"name": "sample-java-repo","full_name": "test-owner/sample-java-repo","clone_url": "https://github.com/test-owner/sample-java-repo.git","owner": {"login": "test-owner"}},"head_commit": {"id": "ed6bd740ea538c8e59ccc6f3f1743e150155a7b5","message": "Test commit","author": {"name": "Test Author", "email": "test@example.com"}}} 
 </msg>
<msg timestamp="20260218 22:23:55.779" level="INFO">POST Response : url=http://localhost:8080/webhook 
 status=202, reason=Accepted 
 headers={'Content-Type': 'application/json; charset=utf-8', 'Date': 'Thu, 19 Feb 2026 01:23:55 GMT', 'Content-Length': '109'} 
 body={"id":"d3ac124b-31fc-4671-8143-4ccf99fcf931","status":"accepted","message":"build job enqueued successfully"} 
 </msg>
<msg timestamp="20260218 22:23:55.779" level="TRACE">Return: &lt;Response [202]&gt;</msg>
<msg timestamp="20260218 22:23:55.779" level="INFO">${response} = &lt;Response [202]&gt;</msg>
<status status="PASS" starttime="20260218 22:23:55.737" endtime="20260218 22:23:55.779"/>
</kw>
<msg timestamp="20260218 22:23:55.779" level="TRACE">Return: &lt;Response [202]&gt;</msg>
<msg timestamp="20260218 22:23:55.779" level="INFO">${response} = &lt;Response [202]&gt;</msg>
<status status="PASS" starttime="20260218 22:23:55.737" endtime="20260218 22:23:55.779"/>
</kw>
<kw name="Get From Dictionary" library="Collections">
<var>${job_id}</var>
<arg>${response.json()}</arg>
<arg>id</arg>
<doc>Returns a value from the given ``dictionary`` based on the given ``key``.</doc>
<msg timestamp="20260218 22:23:55.780" level="TRACE">Arguments: [ {'id': 'd3ac124b-31fc-4671-8143-4ccf99fcf931',
 'message': 'build job enqueued successfully',
 'status': 'accepted'} | 'id' ]</msg>
<msg timestamp="20260218 22:23:55.780" level="TRACE">Return: 'd3ac124b-31fc-4671-8143-4ccf99fcf931'</msg>
<msg timestamp="20260218 22:23:55.780" level="INFO">${job_id} = d3ac124b-31fc-4671-8143-4ccf99fcf931</msg>
<status status="PASS" starttime="20260218 22:23:55.780" endtime="20260218 22:23:55.780"/>
</kw>
<kw name="Sleep" library="BuiltIn">
<arg>2s</arg>
<doc>Pauses the test executed for the given time.</doc>
<msg timestamp="20260218 22:23:55.780" level="TRACE">Arguments: [ '2s' ]</msg>
<msg timestamp="20260218 22:23:57.781" level="INFO">Slept 2 seconds</msg>
<msg timestamp="20260218 22:23:57.781" level="TRACE">Return: None</msg>
<status status="PASS" starttime="20260218 22:23:55.780" endtime="20260218 22:23:57.781"/>
</kw>
<kw name="Get Build Status" library="keywords">
<var>${status_response}</var>
<arg>${job_id}</arg>
<doc>Query build status by ID</doc>
<msg timestamp="20260218 22:23:57.781" level="TRACE">Arguments: [ ${build_id}='d3ac124b-31fc-4671-8143-4ccf99fcf931' ]</msg>
<kw name="Create Dictionary" library="BuiltIn">
<var>${headers}</var>
<arg>Authorization=Bearer ${AUTH_TOKEN}</arg>
<doc>Creates and returns a dictionary based on the given ``items``.</doc>
<msg timestamp="20260218 22:23:57.782" level="TRACE">Arguments: [ 'Authorization=Bearer ${AUTH_TOKEN}' ]</msg>
<msg timestamp="20260218 22:23:57.782" level="TRACE">Return: {'Authorization': 'Bearer test-auth-token'}</msg>
<msg timestamp="20260218 22:23:57.782" level="INFO">${headers} = {'Authorization': 'Bearer test-auth-token'}</msg>
<status status="PASS" starttime="20260218 22:23:57.782" endtime="20260218 22:23:57.782"/>
</kw>
<kw name="GET On Session" library="RequestsLibrary">
<var>${response}</var>
<arg>api</arg>
<arg>/builds/${build_id}</arg>
<arg>headers=${headers}</arg>
<arg>expected_status=any</arg>
<doc>Sends a GET request on a previously created HTTP Session.</doc>
<msg timestamp="20260218 22:23:57.782" level="TRACE">Arguments: [ 'api' | '/builds/d3ac124b-31fc-4671-8143-4ccf99fcf931' | headers={'Authorization': 'Bearer test-auth-token'} | expected_status='any' ]</msg>
[...]
<arg>X-Hub-Signature-256=${signature}</arg>
<arg>Authorization=Bearer ${AUTH_TOKEN}</arg>
<doc>Creates and returns a dictionary based on the given ``items``.</doc>
<msg timestamp="20260218 22:24:03.950" level="TRACE">Arguments: [ 'Content-Type=application/json' | 'X-Hub-Signature-256=${signature}' | 'Authorization=Bearer ${AUTH_TOKEN}' ]</msg>
<msg timestamp="20260218 22:24:03.950" level="TRACE">Return: {'Authorization': 'Bearer test-auth-token',
 'Content-Type': 'application/json',
 'X-Hub-Signature-256': 'sha256=0776450df09b0312ca855620cf41de98d3a6cd56f7dae0f853aec2524e9442a7'}</msg>
<msg timestamp="20260218 22:24:03.950" level="INFO">${headers} = {'Content-Type': 'application/json', 'X-Hub-Signature-256': 'sha256=0776450df09b0312ca855620cf41de98d3a6cd56f7dae0f853aec2524e9442a7', 'Authorization': 'Bearer test-auth-token'}</msg>
<status status="PASS" starttime="20260218 22:24:03.950" endtime="20260218 22:24:03.950"/>
</kw>
<kw name="POST On Session" library="RequestsLibrary">
<var>${response}</var>
<arg>api</arg>
<arg>/webhook</arg>
<arg>data=${payload}</arg>
<arg>headers=${headers}</arg>
<arg>expected_status=any</arg>
<doc>Sends a POST request on a previously created HTTP Session.</doc>
<msg timestamp="20260218 22:24:03.950" level="TRACE">Arguments: [ 'api' | '/webhook' | data='{"ref": "refs/heads/main","after": "50f4d620e14ca2bdb4e536585a580766a5dddeb7","repository": {"name": "sample-java-repo","full_name": "test-owner/sample-java-repo","clone_url": "https://github.com/test-owner/sample-java-repo.git","owner": {"login": "test-owner"}},"head_commit": {"id": "50f4d620e14ca2bdb4e536585a580766a5dddeb7","message": "Test commit","author": {"name": "Test Author", "email": "test@example.com"}}}' | headers={'Authorization': 'Bearer test-auth-token',
 'Content-Type': 'application/json',
 'X-Hub-Signature-256': 'sha256=0776450df09b0312ca855620cf41de98d3a6cd56f7dae0f853aec2524e9442a7'} | expected_status='any' ]</msg>
<msg timestamp="20260218 22:24:03.992" level="DEBUG">http://localhost:8080 "POST /webhook HTTP/1.1" 202 109</msg>
<msg timestamp="20260218 22:24:03.992" level="INFO">POST Request : url=http://localhost:8080/webhook 
 path_url=/webhook 
 headers={'User-Agent': 'python-requests/2.31.0', 'Accept-Encoding': 'gzip, deflate', 'Accept': '*/*', 'Connection': 'keep-alive', 'Content-Type': 'application/json', 'X-Hub-Signature-256': 'sha256=0776450df09b0312ca855620cf41de98d3a6cd56f7dae0f853aec2524e9442a7', 'Authorization': 'Bearer test-auth-token', 'Content-Length': '417'} 
 body={"ref": "refs/heads/main","after": "50f4d620e14ca2bdb4e536585a580766a5dddeb7","repository": {"name": "sample-java-repo","full_name": "test-owner/sample-java-repo","clone_url": "https://github.com/test-owner/sample-java-repo.git","owner": {"login": "test-owner"}},"head_commit": {"id": "50f4d620e14ca2bdb4e536585a580766a5dddeb7","message": "Test commit","author": {"name": "Test Author", "email": "test@example.com"}}} 
 </msg>
<msg timestamp="20260218 22:24:03.993" level="INFO">POST Response : url=http://localhost:8080/webhook 
 status=202, reason=Accepted 
 headers={'Content-Type': 'application/json; charset=utf-8', 'Date': 'Thu, 19 Feb 2026 01:24:04 GMT', 'Content-Length': '109'} 
 body={"id":"060e24ff-a17e-43d0-b7d3-f74283896370","status":"accepted","message":"build job enqueued successfully"} 
 </msg>
<msg timestamp="20260218 22:24:03.993" level="TRACE">Return: &lt;Response [202]&gt;</msg>
<msg timestamp="20260218 22:24:03.993" level="INFO">${response} = &lt;Response [202]&gt;</msg>
<status status="PASS" starttime="20260218 22:24:03.950" endtime="20260218 22:24:03.993"/>
</kw>
<msg timestamp="20260218 22:24:03.993" level="TRACE">Return: &lt;Response [202]&gt;</msg>
<msg timestamp="20260218 22:24:03.993" level="INFO">${response} = &lt;Response [202]&gt;</msg>
<status status="PASS" starttime="20260218 22:24:03.950" endtime="20260218 22:24:03.993"/>
</kw>
<kw name="Get From Dictionary" library="Collections">
<var>${job_id}</var>
<arg>${response.json()}</arg>
<arg>id</arg>
<doc>Returns a value from the given ``dictionary`` based on the given ``key``.</doc>
<msg timestamp="20260218 22:24:03.993" level="TRACE">Arguments: [ {'id': '060e24ff-a17e-43d0-b7d3-f74283896370',
 'message': 'build job enqueued successfully',
 'status': 'accepted'} | 'id' ]</msg>
<msg timestamp="20260218 22:24:03.993" level="TRACE">Return: '060e24ff-a17e-43d0-b7d3-f74283896370'</msg>
<msg timestamp="20260218 22:24:03.993" level="INFO">${job_id} = 060e24ff-a17e-43d0-b7d3-f74283896370</msg>
<status status="PASS" starttime="20260218 22:24:03.993" endtime="20260218 22:24:03.993"/>
</kw>
<kw name="Sleep" library="BuiltIn">
<arg>5s</arg>
<doc>Pauses the test executed for the given time.</doc>
<msg timestamp="20260218 22:24:03.994" level="TRACE">Arguments: [ '5s' ]</msg>
<msg timestamp="20260218 22:24:08.994" level="INFO">Slept 5 seconds</msg>
<msg timestamp="20260218 22:24:08.994" level="TRACE">Return: None</msg>
<status status="PASS" starttime="20260218 22:24:03.994" endtime="20260218 22:24:08.994"/>
</kw>
<kw name="Get Build Status" library="keywords">
<var>${status_response}</var>
<arg>${job_id}</arg>
<doc>Query build status by ID</doc>
<msg timestamp="20260218 22:24:08.995" level="TRACE">Arguments: [ ${build_id}='060e24ff-a17e-43d0-b7d3-f74283896370' ]</msg>
<kw name="Create Dictionary" library="BuiltIn">
<var>${headers}</var>
<arg>Authorization=Bearer ${AUTH_TOKEN}</arg>
<doc>Creates and returns a dictionary based on the given ``items``.</doc>
<msg timestamp="20260218 22:24:08.995" level="TRACE">Arguments: [ 'Authorization=Bearer ${AUTH_TOKEN}' ]</msg>
<msg timestamp="20260218 22:24:08.995" level="TRACE">Return: {'Authorization': 'Bearer test-auth-token'}</msg>
<msg timestamp="20260218 22:24:08.995" level="INFO">${headers} = {'Authorization': 'Bearer test-auth-token'}</msg>
<status status="PASS" starttime="20260218 22:24:08.995" endtime="20260218 22:24:08.995"/>
</kw>
<kw name="GET On Session" library="RequestsLibrary">
<var>${response}</var>
<arg>api</arg>
<arg>/builds/${build_id}</arg>
<arg>headers=${headers}</arg>
<arg>expected_status=any</arg>
<doc>Sends a GET request on a previously created HTTP Session.</doc>
<msg timestamp="20260218 22:24:08.995" level="TRACE">Arguments: [ 'api' | '/builds/060e24ff-a17e-43d0-b7d3-f74283896370' | headers={'Authorization': 'Bearer test-auth-token'} | expected_status='any' ]</msg>
<msg timestamp="20260218 22:24:08.996" level="DEBUG">http://localhost:8080 "GET /builds/060e24ff-a17e-43d0-b7d3-f74283896370 HTTP/1.1" 401 40</msg>
<msg timestamp="20260218 22:24:08.997" level="INFO">GET Request : url=http://localhost:8080/builds/060e24ff-a17e-43d0-b7d3-f74283896370 
 path_url=/builds/060e24ff-a17e-43d0-b7d3-f74283896370 
 headers={'User-Agent': 'python-requests/2.31.0', 'Accept-Encoding': 'gzip, deflate', 'Accept': '*/*', 'Connection': 'keep-alive', 'Authorization': 'Bearer test-auth-token'} 
 body=None 
 </msg>
<msg timestamp="20260218 22:24:08.997" level="INFO">GET Response : url=http://localhost:8080/builds/060e24ff-a17e-43d0-b7d3-f74283896370 
 status=401, reason=Unauthorized 
 headers={'Content-Type': 'application/json; charset=utf-8', 'Date': 'Thu, 19 Feb 2026 01:24:09 GMT', 'Content-Length': '40'} 
 body={"error":"invalid authentication token"} 
 </msg>
<msg timestamp="20260218 22:24:08.997" level="TRACE">Return: &lt;Response [401]&gt;</msg>
<msg timestamp="20260218 22:24:08.997" level="INFO">${response} = &lt;Response [401]&gt;</msg>
<status status="PASS" starttime="20260218 22:24:08.995" endtime="20260218 22:24:08.997"/>
</kw>
<msg timestamp="20260218 22:24:08.997" level="TRACE">Return: &lt;Response [401]&gt;</msg>
<msg timestamp="20260218 22:24:08.997" level="INFO">${status_response} = &lt;Response [401]&gt;</msg>
<status status="PASS" starttime="20260218 22:24:08.995" endtime="20260218 22:24:08.997"/>
</kw>
<kw name="Set Variable" library="BuiltIn">
<var>${job_data}</var>
<arg>${status_response.json()}</arg>
<doc>Returns the given values which can then be assigned to a variables.</doc>
<msg timestamp="20260218 22:24:08.997" level="TRACE">Arguments: [ {'error': 'invalid authentication token'} ]</msg>
<msg timestamp="20260218 22:24:08.997" level="TRACE">Return: {'error': 'invalid authentication token'}</msg>
<msg timestamp="20260218 22:24:08.997" level="INFO">${job_data} = {'error': 'invalid authentication token'}</msg>
<status status="PASS" starttime="20260218 22:24:08.997" endtime="20260218 22:24:08.997"/>
</kw>
<kw name="Dictionary Should Contain Key" library="Collections">
<arg>${job_data}</arg>
<arg>id</arg>
<doc>Fails if ``key`` is not found from ``dictionary``.</doc>
<msg timestamp="20260218 22:24:08.997" level="TRACE">Arguments: [ {'error': 'invalid authentication token'} | 'id' ]</msg>
<msg timestamp="20260218 22:24:08.998" level="FAIL">Dictionary does not contain key 'id'.</msg>
<msg timestamp="20260218 22:24:08.998" level="DEBUG">Traceback (most recent call last):
  None
AssertionError: Dictionary does not contain key 'id'.</msg>
<status status="FAIL" starttime="20260218 22:24:08.997" endtime="20260218 22:24:08.998"/>
</kw>
<kw name="Dictionary Should Contain Key" library="Collections">
<arg>${job_data}</arg>
<arg>status</arg>
<doc>Fails if ``key`` is not found from ``dictionary``.</doc>
<status status="NOT RUN" starttime="20260218 22:24:08.998" endtime="20260218 22:24:08.998"/>
</kw>
<kw name="Dictionary Should Contain Key" library="Collections">
<arg>${job_data}</arg>
<arg>created_at</arg>
<doc>Fails if ``key`` is not found from ``dictionary``.</doc>
<status status="NOT RUN" starttime="20260218 22:24:08.998" endtime="20260218 22:24:08.998"/>
</kw>
<kw name="Dictionary Should Contain Key" library="Collections">
<arg>${job_data}</arg>
<arg>repository</arg>
<doc>Fails if ``key`` is not found from ``dictionary``.</doc>
<status status="NOT RUN" starttime="20260218 22:24:08.998" endtime="20260218 22:24:08.998"/>
</kw>
<kw name="Get From Dictionary" library="Collections">
<var>${repo_info}</var>
<arg>${job_data}</arg>
<arg>repository</arg>
<doc>Returns a value from the given ``dictionary`` based on the given ``key``.</doc>
<status status="NOT RUN" starttime="20260218 22:24:08.998" endtime="20260218 22:24:08.998"/>
</kw>
<kw name="Dictionary Should Contain Key" library="Collections">
<arg>${repo_info}</arg>
<arg>name</arg>
<doc>Fails if ``key`` is not found from ``dictionary``.</doc>
<status status="NOT RUN" starttime="20260218 22:24:08.998" endtime="20260218 22:24:08.998"/>
</kw>
<kw name="Dictionary Should Contain Key" library="Collections">
<arg>${repo_info}</arg>
<arg>owner</arg>
<doc>Fails if ``key`` is not found from ``dictionary``.</doc>
<status status="NOT RUN" starttime="20260218 22:24:08.999" endtime="20260218 22:24:08.999"/>
</kw>
<kw name="Dictionary Should Contain Key" library="Collections">
<arg>${repo_info}</arg>
<arg>url</arg>
<doc>Fails if ``key`` is not found from ``dictionary``.</doc>
<status status="NOT RUN" starttime="20260218 22:24:08.999" endtime="20260218 22:24:08.999"/>
</kw>
<kw name="Dictionary Should Contain Key" library="Collections">
<arg>${job_data}</arg>
<arg>commit_hash</arg>
<doc>Fails if ``key`` is not found from ``dictionary``.</doc>
<status status="NOT RUN" starttime="20260218 22:24:08.999" endtime="20260218 22:24:08.999"/>
</kw>
<kw name="Dictionary Should Contain Key" library="Collections">
<arg>${job_data}</arg>
<arg>branch</arg>
<doc>Fails if ``key`` is not found from ``dictionary``.</doc>
<status status="NOT RUN" starttime="20260218 22:24:08.999" endtime="20260218 22:24:08.999"/>
</kw>
<kw name="Get From Dictionary" library="Collections">
<var>${status}</var>
<arg>${job_data}</arg>
<arg>status</arg>
<doc>Returns a value from the given ``dictionary`` based on the given ``key``.</doc>
<status status="NOT RUN" starttime="20260218 22:24:08.999" endtime="20260218 22:24:08.999"/>
</kw>
<kw name="Run Keyword If" library="BuiltIn">
<arg>'${status}' in ['running', 'completed', 'failed']</arg>
<arg>Dictionary Should Contain Key</arg>
<arg>${job_data}</arg>
<arg>started_at</arg>
<doc>Runs the given keyword with the given arguments, if ``condition`` is true.</doc>
<status status="NOT RUN" starttime="20260218 22:24:08.999" endtime="20260218 22:24:08.999"/>
</kw>
<kw name="Run Keyword If" library="BuiltIn">
<arg>'${status}' in ['completed', 'failed']</arg>
<arg>Dictionary Should Contain Key</arg>
<arg>${job_data}</arg>
<arg>completed_at</arg>
<doc>Runs the given keyword with the given arguments, if ``condition`` is true.</doc>
<status status="NOT RUN" starttime="20260218 22:24:08.999" endtime="20260218 22:24:08.999"/>
</kw>
<kw name="Run Keyword If" library="BuiltIn">
<arg>'${status}' in ['completed', 'failed']</arg>
<arg>Dictionary Should Contain Key</arg>
<arg>${job_data}</arg>
<arg>duration</arg>
<doc>Runs the given keyword with the given arguments, if ``condition`` is true.</doc>
<status status="NOT RUN" starttime="20260218 22:24:09.000" endtime="20260218 22:24:09.000"/>
</kw>
<doc>Test that build status includes all required information
Validates: Requirements 8.2, 8.3</doc>
<tag>api</tag>
<tag>detailed</tag>
<tag>status</tag>
<status status="FAIL" starttime="20260218 22:24:03.948" endtime="20260218 22:24:09.000">Dictionary does not contain key 'id'.</status>
</test>
<test id="s1-t11" name="Verify API Response Time" line="264">
<kw name="Get Time" library="BuiltIn">
<var>${start_time}</var>
<arg>epoch</arg>
<doc>Returns the given time in the requested format.</doc>
<msg timestamp="20260218 22:24:09.000" level="TRACE">Arguments: [ 'epoch' ]</msg>
<msg timestamp="20260218 22:24:09.000" level="TRACE">Return: 1771464249</msg>
<msg timestamp="20260218 22:24:09.000" level="INFO">${start_time} = 1771464249</msg>
<status status="PASS" starttime="20260218 22:24:09.000" endtime="20260218 22:24:09.000"/>
</kw>
<kw name="Check Health" library="keywords">
<var>${response}</var>
<doc>Check API health endpoint</doc>
<msg timestamp="20260218 22:24:09.001" level="TRACE">Arguments: [  ]</msg>
<kw name="GET On Session" library="RequestsLibrary">
<var>${response}</var>
<arg>api</arg>
<arg>/health</arg>
<arg>expected_status=any</arg>
<doc>Sends a GET request on a previously created HTTP Session.</doc>
<msg timestamp="20260218 22:24:09.001" level="TRACE">Arguments: [ 'api' | '/health' | expected_status='any' ]</msg>
<msg timestamp="20260218 22:24:09.002" level="DEBUG">http://localhost:8080 "GET /health HTTP/1.1" 200 122</msg>
<msg timestamp="20260218 22:24:09.002" level="INFO">GET Request : url=http://localhost:8080/health 
 path_url=/health 
 headers={'User-Agent': 'python-requests/2.31.0', 'Accept-Encoding': 'gzip, deflate', 'Accept': '*/*', 'Connection': 'keep-alive'} 
 body=None 
 </msg>
<msg timestamp="20260218 22:24:09.002" level="INFO">GET Response : url=http://localhost:8080/health 
 status=200, reason=OK 
 headers={'Content-Type': 'application/json; charset=utf-8', 'Date': 'Thu, 19 Feb 2026 01:24:09 GMT', 'Content-Length': '122'} 
 body={"status":"healthy","timestamp":"2026-02-19T01:24:09.305821596Z","uptime":"20m48.00881985s","checks":{"nats":"connected"}} 
 </msg>
<msg timestamp="20260218 22:24:09.002" level="TRACE">Return: &lt;Response [200]&gt;</msg>
<msg timestamp="20260218 22:24:09.002" level="INFO">${response} = &lt;Response [200]&gt;</msg>
<status status="PASS" starttime="20260218 22:24:09.001" endtime="20260218 22:24:09.002"/>
</kw>
<msg timestamp="20260218 22:24:09.002" level="TRACE">Return: &lt;Response [200]&gt;</msg>
<msg timestamp="20260218 22:24:09.002" level="INFO">${response} = &lt;Response [200]&gt;</msg>
<status status="PASS" starttime="20260218 22:24:09.000" endtime="20260218 22:24:09.002"/>
</kw>
<kw name="Get Time" library="BuiltIn">
<var>${end_time}</var>
<arg>epoch</arg>
<doc>Returns the given time in the requested format.</doc>
<msg timestamp="20260218 22:24:09.002" level="TRACE">Arguments: [ 'epoch' ]</msg>
<msg timestamp="20260218 22:24:09.002" level="TRACE">Return: 1771464249</msg>
<msg timestamp="20260218 22:24:09.002" level="INFO">${end_time} = 1771464249</msg>
<status status="PASS" starttime="20260218 22:24:09.002" endtime="20260218 22:24:09.002"/>
</kw>
<kw name="Evaluate" library="BuiltIn">
<var>${response_time}</var>
<arg>${end_time} - ${start_time}</arg>
<doc>Evaluates the given expression in Python and returns the result.</doc>
<msg timestamp="20260218 22:24:09.002" level="TRACE">Arguments: [ '1771464249 - 1771464249' ]</msg>
<msg timestamp="20260218 22:24:09.002" level="TRACE">Return: 0</msg>
<msg timestamp="20260218 22:24:09.002" level="INFO">${response_time} = 0</msg>
<status status="PASS" starttime="20260218 22:24:09.002" endtime="20260218 22:24:09.002"/>
</kw>
<kw name="Should Be True" library="BuiltIn">
<arg>${response_time} &lt; 5</arg>
<doc>Fails if the given condition is not true.</doc>
<msg timestamp="20260218 22:24:09.003" level="TRACE">Arguments: [ '0 &lt; 5' ]</msg>
<msg timestamp="20260218 22:24:09.003" level="TRACE">Return: None</msg>
<status status="PASS" starttime="20260218 22:24:09.002" endtime="20260218 22:24:09.003"/>
</kw>
<kw name="Verify Response Status" library="keywords">
<arg>${response}</arg>
<arg>${HTTP_OK}</arg>
<doc>Verify HTTP response status code</doc>
<msg timestamp="20260218 22:24:09.003" level="TRACE">Arguments: [ ${response}=&lt;Response [200]&gt; | ${expected_status}='200' ]</msg>
<kw name="Should Be Equal As Numbers" library="BuiltIn">
<arg>${response.status_code}</arg>
<arg>${expected_status}</arg>
<doc>Fails if objects are unequal after converting them to real numbers.</doc>
<msg timestamp="20260218 22:24:09.003" level="TRACE">Arguments: [ 200 | '200' ]</msg>
<msg timestamp="20260218 22:24:09.003" level="INFO">Argument types are:
&lt;class 'int'&gt;
&lt;class 'str'&gt;</msg>
<msg timestamp="20260218 22:24:09.003" level="TRACE">Return: None</msg>
<status status="PASS" starttime="20260218 22:24:09.003" endtime="20260218 22:24:09.003"/>
</kw>
<msg timestamp="20260218 22:24:09.003" level="TRACE">Return: None</msg>
<status status="PASS" starttime="20260218 22:24:09.003" endtime="20260218 22:24:09.003"/>
</kw>
<doc>Test that API responds within acceptable time
Validates: Requirements 8.1</doc>
<tag>api</tag>
<tag>performance</tag>
<status status="PASS" starttime="20260218 22:24:09.000" endtime="20260218 22:24:09.003"/>
</test>
<kw name="Teardown Test Environment" library="keywords" type="TEARDOWN">
<doc>Clean up test environment</doc>
<msg timestamp="20260218 22:24:09.004" level="TRACE">Arguments: [  ]</msg>
<kw name="Delete All Sessions" library="RequestsLibrary">
<doc>Removes all the session objects</doc>
<msg timestamp="20260218 22:24:09.004" level="TRACE">Arguments: [  ]</msg>
<msg timestamp="20260218 22:24:09.004" level="INFO">Deleting All Sessions</msg>
<msg timestamp="20260218 22:24:09.004" level="TRACE">Return: None</msg>
<status status="PASS" starttime="20260218 22:24:09.004" endtime="20260218 22:24:09.004"/>
</kw>
<msg timestamp="20260218 22:24:09.004" level="TRACE">Return: None</msg>
<status status="PASS" starttime="20260218 22:24:09.004" endtime="20260218 22:24:09.004"/>
</kw>
<doc>Integration tests for API endpoints</doc>
<status status="FAIL" starttime="20260218 22:23:51.521" endtime="20260218 22:24:09.004"/>
</suite>
<statistics>
<total>
<stat pass="5" fail="6" skip="0">All Tests</stat>
</total>
<tag>
<stat pass="5" fail="6" skip="0">api</stat>
<stat pass="2" fail="1" skip="0">auth</stat>
<stat pass="1" fail="0" skip="0">content-type</stat>
<stat pass="0" fail="1" skip="0">detailed</stat>
<stat pass="0" fail="1" skip="0">happy-path</stat>
<stat pass="1" fail="0" skip="0">health</stat>
<stat pass="0" fail="1" skip="0">list</stat>
<stat pass="2" fail="1" skip="0">negative</stat>
<stat pass="1" fail="0" skip="0">performance</stat>
<stat pass="2" fail="1" skip="0">security</stat>
<stat pass="0" fail="3" skip="0">status</stat>
<stat pass="0" fail="1" skip="0">status-codes</stat>
</tag>
<suite>
<stat pass="5" fail="6" skip="0" id="s1" name="Api">Api</stat>
</suite>
</statistics>
<errors>
</errors>
</robot>
